This is pdfTeX, Version 3.14159265-2.6-1.40.19 (TeX Live 2018) (preloaded format=pdflatex 2018.4.16)  20 FEB 2019 20:54
entering extended mode
 restricted \write18 enabled.
 file:line:error style messages enabled.
 %&-line parsing enabled.
**mkn-supplement.tex
(./mkn-supplement.tex
LaTeX2e <2018-04-01> patch level 2
Babel <3.18> and hyphenation patterns for 84 language(s) loaded.
(/usr/local/texlive/2018/texmf-dist/tex/latex/extsizes/extarticle.cls
Document Class: extarticle 1996/10/08 v1.0 Non Standard LaTeX document class
(/usr/local/texlive/2018/texmf-dist/tex/latex/base/size11.clo
File: size11.clo 2014/09/29 v1.4h Standard LaTeX file (size option)
)
(/usr/local/texlive/2018/texmf-dist/tex/latex/base/exscale.sty
Package: exscale 2014/09/29 v2.1h Standard LaTeX package exscale
LaTeX Font Info:    Redeclaring symbol font `largesymbols' on input line 57.
LaTeX Font Info:    Overwriting symbol font `largesymbols' in version `normal'
(Font)                  OMX/cmex/m/n --> OMX/cmex/m/n on input line 57.
LaTeX Font Info:    Overwriting symbol font `largesymbols' in version `bold'
(Font)                  OMX/cmex/m/n --> OMX/cmex/m/n on input line 57.
\big@size=\dimen102
)
\c@part=\count80
\c@section=\count81
\c@subsection=\count82
\c@subsubsection=\count83
\c@paragraph=\count84
\c@subparagraph=\count85
\c@figure=\count86
\c@table=\count87
\abovecaptionskip=\skip41
\belowcaptionskip=\skip42
\bibindent=\dimen103
)
(/usr/local/texlive/2018/texmf-dist/tex/latex/mdframed/mdframed.sty
Package: mdframed 2013/07/01 1.9b: mdframed

(/usr/local/texlive/2018/texmf-dist/tex/latex/oberdiek/kvoptions.sty
Package: kvoptions 2016/05/16 v3.12 Key value format for package options (HO)

(/usr/local/texlive/2018/texmf-dist/tex/latex/graphics/keyval.sty
Package: keyval 2014/10/28 v1.15 key=value parser (DPC)
\KV@toks@=\toks14
)
(/usr/local/texlive/2018/texmf-dist/tex/generic/oberdiek/ltxcmds.sty
Package: ltxcmds 2016/05/16 v1.23 LaTeX kernel commands for general use (HO)
)
(/usr/local/texlive/2018/texmf-dist/tex/generic/oberdiek/kvsetkeys.sty
Package: kvsetkeys 2016/05/16 v1.17 Key value parser (HO)

(/usr/local/texlive/2018/texmf-dist/tex/generic/oberdiek/infwarerr.sty
Package: infwarerr 2016/05/16 v1.4 Providing info/warning/error messages (HO)
)
(/usr/local/texlive/2018/texmf-dist/tex/generic/oberdiek/etexcmds.sty
Package: etexcmds 2016/05/16 v1.6 Avoid name clashes with e-TeX commands (HO)

(/usr/local/texlive/2018/texmf-dist/tex/generic/oberdiek/ifluatex.sty
Package: ifluatex 2016/05/16 v1.4 Provides the ifluatex switch (HO)
Package ifluatex Info: LuaTeX not detected.
)
Package etexcmds Info: Could not find \expanded.
(etexcmds)             That can mean that you are not using pdfTeX 1.50 or
(etexcmds)             that some package has redefined \expanded.
(etexcmds)             In the latter case, load this package earlier.
)))
(/usr/local/texlive/2018/texmf-dist/tex/latex/l3packages/xparse/xparse.sty
(/usr/local/texlive/2018/texmf-dist/tex/latex/l3kernel/expl3.sty
Package: expl3 2018/03/05 L3 programming layer (loader) 

(/usr/local/texlive/2018/texmf-dist/tex/latex/l3kernel/expl3-code.tex
Package: expl3 2018/03/05 L3 programming layer (code)
\c_max_int=\count88
\l_tmpa_int=\count89
\l_tmpb_int=\count90
\g_tmpa_int=\count91
\g_tmpb_int=\count92
\g__intarray_font_int=\count93
\g__prg_map_int=\count94
\c_log_iow=\count95
\l_iow_line_count_int=\count96
\l__iow_line_target_int=\count97
\l__iow_one_indent_int=\count98
\l__iow_indent_int=\count99
\c_zero_dim=\dimen104
\c_max_dim=\dimen105
\l_tmpa_dim=\dimen106
\l_tmpb_dim=\dimen107
\g_tmpa_dim=\dimen108
\g_tmpb_dim=\dimen109
\c_zero_skip=\skip43
\c_max_skip=\skip44
\l_tmpa_skip=\skip45
\l_tmpb_skip=\skip46
\g_tmpa_skip=\skip47
\g_tmpb_skip=\skip48
\c_zero_muskip=\muskip10
\c_max_muskip=\muskip11
\l_tmpa_muskip=\muskip12
\l_tmpb_muskip=\muskip13
\g_tmpa_muskip=\muskip14
\g_tmpb_muskip=\muskip15
\l_keys_choice_int=\count100
\c__fp_leading_shift_int=\count101
\c__fp_middle_shift_int=\count102
\c__fp_trailing_shift_int=\count103
\c__fp_big_leading_shift_int=\count104
\c__fp_big_middle_shift_int=\count105
\c__fp_big_trailing_shift_int=\count106
\c__fp_Bigg_leading_shift_int=\count107
\c__fp_Bigg_middle_shift_int=\count108
\c__fp_Bigg_trailing_shift_int=\count109
\c__fp_rand_size_int=\count110
\c__fp_rand_four_int=\count111
\c__fp_rand_eight_int=\count112
\l__sort_length_int=\count113
\l__sort_min_int=\count114
\l__sort_top_int=\count115
\l__sort_max_int=\count116
\l__sort_true_max_int=\count117
\l__sort_block_int=\count118
\l__sort_begin_int=\count119
\l__sort_end_int=\count120
\l__sort_A_int=\count121
\l__sort_B_int=\count122
\l__sort_C_int=\count123
\l__tl_build_start_index_int=\count124
\l__tl_build_index_int=\count125
\l__tl_analysis_normal_int=\count126
\l__tl_analysis_index_int=\count127
\l__tl_analysis_nesting_int=\count128
\l__tl_analysis_type_int=\count129
\l__regex_internal_a_int=\count130
\l__regex_internal_b_int=\count131
\l__regex_internal_c_int=\count132
\l__regex_balance_int=\count133
\l__regex_group_level_int=\count134
\l__regex_mode_int=\count135
\c__regex_cs_in_class_mode_int=\count136
\c__regex_cs_mode_int=\count137
\l__regex_catcodes_int=\count138
\l__regex_default_catcodes_int=\count139
\c__regex_catcode_D_int=\count140
\c__regex_catcode_S_int=\count141
\c__regex_catcode_L_int=\count142
\c__regex_catcode_O_int=\count143
\c__regex_catcode_A_int=\count144
\c__regex_all_catcodes_int=\count145
\l__regex_show_lines_int=\count146
\l__regex_min_state_int=\count147
\l__regex_max_state_int=\count148
\l__regex_left_state_int=\count149
\l__regex_right_state_int=\count150
\l__regex_capturing_group_int=\count151
\l__regex_min_pos_int=\count152
\l__regex_max_pos_int=\count153
\l__regex_curr_pos_int=\count154
\l__regex_start_pos_int=\count155
\l__regex_success_pos_int=\count156
\l__regex_curr_char_int=\count157
\l__regex_curr_catcode_int=\count158
\l__regex_last_char_int=\count159
\l__regex_case_changed_char_int=\count160
\l__regex_curr_state_int=\count161
\l__regex_step_int=\count162
\l__regex_min_active_int=\count163
\l__regex_max_active_int=\count164
\l__regex_replacement_csnames_int=\count165
\l__regex_match_count_int=\count166
\l__regex_min_submatch_int=\count167
\l__regex_submatch_int=\count168
\l__regex_zeroth_submatch_int=\count169
\g__regex_trace_regex_int=\count170
\c_empty_box=\box26
\l_tmpa_box=\box27
\l_tmpb_box=\box28
\g_tmpa_box=\box29
\g_tmpb_box=\box30
\l__box_top_dim=\dimen110
\l__box_bottom_dim=\dimen111
\l__box_left_dim=\dimen112
\l__box_right_dim=\dimen113
\l__box_top_new_dim=\dimen114
\l__box_bottom_new_dim=\dimen115
\l__box_left_new_dim=\dimen116
\l__box_right_new_dim=\dimen117
\l__box_internal_box=\box31
\l__coffin_internal_box=\box32
\l__coffin_internal_dim=\dimen118
\l__coffin_offset_x_dim=\dimen119
\l__coffin_offset_y_dim=\dimen120
\l__coffin_x_dim=\dimen121
\l__coffin_y_dim=\dimen122
\l__coffin_x_prime_dim=\dimen123
\l__coffin_y_prime_dim=\dimen124
\c_empty_coffin=\box33
\l__coffin_aligned_coffin=\box34
\l__coffin_aligned_internal_coffin=\box35
\l_tmpa_coffin=\box36
\l_tmpb_coffin=\box37
\l__coffin_display_coffin=\box38
\l__coffin_display_coord_coffin=\box39
\l__coffin_display_pole_coffin=\box40
\l__coffin_display_offset_dim=\dimen125
\l__coffin_display_x_dim=\dimen126
\l__coffin_display_y_dim=\dimen127
\l__coffin_bounding_shift_dim=\dimen128
\l__coffin_left_corner_dim=\dimen129
\l__coffin_right_corner_dim=\dimen130
\l__coffin_bottom_corner_dim=\dimen131
\l__coffin_top_corner_dim=\dimen132
\l__coffin_scaled_total_height_dim=\dimen133
\l__coffin_scaled_width_dim=\dimen134
)
(/usr/local/texlive/2018/texmf-dist/tex/latex/l3kernel/l3pdfmode.def
File: l3pdfmode.def 2017/03/18 v L3 Experimental driver: PDF mode
\l__driver_color_stack_int=\count171
))
Package: xparse 2018/02/21 L3 Experimental document command parser
\l__xparse_current_arg_int=\count172
\g__xparse_grabber_int=\count173
\l__xparse_m_args_int=\count174
\l__xparse_mandatory_args_int=\count175
\l__xparse_v_nesting_int=\count176
)
(/usr/local/texlive/2018/texmf-dist/tex/latex/etoolbox/etoolbox.sty
Package: etoolbox 2018/02/11 v2.5e e-TeX tools for LaTeX (JAW)
\etb@tempcnta=\count177
)
(/usr/local/texlive/2018/texmf-dist/tex/latex/oberdiek/zref-abspage.sty
Package: zref-abspage 2016/05/21 v2.26 Module abspage for zref (HO)

(/usr/local/texlive/2018/texmf-dist/tex/latex/oberdiek/zref-base.sty
Package: zref-base 2016/05/21 v2.26 Module base for zref (HO)

(/usr/local/texlive/2018/texmf-dist/tex/generic/oberdiek/kvdefinekeys.sty
Package: kvdefinekeys 2016/05/16 v1.4 Define keys (HO)
)
(/usr/local/texlive/2018/texmf-dist/tex/generic/oberdiek/pdftexcmds.sty
Package: pdftexcmds 2018/01/30 v0.27 Utility functions of pdfTeX for LuaTeX (HO
)

(/usr/local/texlive/2018/texmf-dist/tex/generic/oberdiek/ifpdf.sty
Package: ifpdf 2017/03/15 v3.2 Provides the ifpdf switch
)
Package pdftexcmds Info: LuaTeX not detected.
Package pdftexcmds Info: \pdf@primitive is available.
Package pdftexcmds Info: \pdf@ifprimitive is available.
Package pdftexcmds Info: \pdfdraftmode found.
)
(/usr/local/texlive/2018/texmf-dist/tex/latex/oberdiek/auxhook.sty
Package: auxhook 2016/05/16 v1.4 Hooks for auxiliary files (HO)
)
Package zref Info: New property list: main on input line 759.
Package zref Info: New property: default on input line 760.
Package zref Info: New property: page on input line 761.
)
(/usr/local/texlive/2018/texmf-dist/tex/generic/oberdiek/atbegshi.sty
Package: atbegshi 2016/06/09 v1.18 At begin shipout hook (HO)
)
\c@abspage=\count178
Package zref Info: New property: abspage on input line 62.
)
(/usr/local/texlive/2018/texmf-dist/tex/latex/needspace/needspace.sty
Package: needspace 2010/09/12 v1.3d reserve vertical space
)
(/usr/local/texlive/2018/texmf-dist/tex/latex/graphics/color.sty
Package: color 2016/07/10 v1.1e Standard LaTeX Color (DPC)

(/usr/local/texlive/2018/texmf-dist/tex/latex/graphics-cfg/color.cfg
File: color.cfg 2016/01/02 v1.6 sample color configuration
)
Package color Info: Driver file: pdftex.def on input line 147.

(/usr/local/texlive/2018/texmf-dist/tex/latex/graphics-def/pdftex.def
File: pdftex.def 2018/01/08 v1.0l Graphics/color driver for pdftex
))
\mdf@templength=\skip49
\c@mdf@globalstyle@cnt=\count179
\mdf@skipabove@length=\skip50
\mdf@skipbelow@length=\skip51
\mdf@leftmargin@length=\skip52
\mdf@rightmargin@length=\skip53
\mdf@innerleftmargin@length=\skip54
\mdf@innerrightmargin@length=\skip55
\mdf@innertopmargin@length=\skip56
\mdf@innerbottommargin@length=\skip57
\mdf@splittopskip@length=\skip58
\mdf@splitbottomskip@length=\skip59
\mdf@outermargin@length=\skip60
\mdf@innermargin@length=\skip61
\mdf@linewidth@length=\skip62
\mdf@innerlinewidth@length=\skip63
\mdf@middlelinewidth@length=\skip64
\mdf@outerlinewidth@length=\skip65
\mdf@roundcorner@length=\skip66
\mdf@footenotedistance@length=\skip67
\mdf@userdefinedwidth@length=\skip68
\mdf@needspace@length=\skip69
\mdf@frametitleaboveskip@length=\skip70
\mdf@frametitlebelowskip@length=\skip71
\mdf@frametitlerulewidth@length=\skip72
\mdf@frametitleleftmargin@length=\skip73
\mdf@frametitlerightmargin@length=\skip74
\mdf@shadowsize@length=\skip75
\mdf@extratopheight@length=\skip76
\mdf@subtitleabovelinewidth@length=\skip77
\mdf@subtitlebelowlinewidth@length=\skip78
\mdf@subtitleaboveskip@length=\skip79
\mdf@subtitlebelowskip@length=\skip80
\mdf@subtitleinneraboveskip@length=\skip81
\mdf@subtitleinnerbelowskip@length=\skip82
\mdf@subsubtitleabovelinewidth@length=\skip83
\mdf@subsubtitlebelowlinewidth@length=\skip84
\mdf@subsubtitleaboveskip@length=\skip85
\mdf@subsubtitlebelowskip@length=\skip86
\mdf@subsubtitleinneraboveskip@length=\skip87
\mdf@subsubtitleinnerbelowskip@length=\skip88

(/usr/local/texlive/2018/texmf-dist/tex/latex/pgf/frontendlayer/tikz.sty
(/usr/local/texlive/2018/texmf-dist/tex/latex/pgf/basiclayer/pgf.sty
(/usr/local/texlive/2018/texmf-dist/tex/latex/pgf/utilities/pgfrcs.sty
(/usr/local/texlive/2018/texmf-dist/tex/generic/pgf/utilities/pgfutil-common.te
x
\pgfutil@everybye=\toks15
\pgfutil@tempdima=\dimen135
\pgfutil@tempdimb=\dimen136

(/usr/local/texlive/2018/texmf-dist/tex/generic/pgf/utilities/pgfutil-common-li
sts.tex))
(/usr/local/texlive/2018/texmf-dist/tex/generic/pgf/utilities/pgfutil-latex.def
\pgfutil@abb=\box41
(/usr/local/texlive/2018/texmf-dist/tex/latex/ms/everyshi.sty
Package: everyshi 2001/05/15 v3.00 EveryShipout Package (MS)
))
(/usr/local/texlive/2018/texmf-dist/tex/generic/pgf/utilities/pgfrcs.code.tex
Package: pgfrcs 2015/08/07 v3.0.1a (rcs-revision 1.31)
))
Package: pgf 2015/08/07 v3.0.1a (rcs-revision 1.15)
(/usr/local/texlive/2018/texmf-dist/tex/latex/pgf/basiclayer/pgfcore.sty
(/usr/local/texlive/2018/texmf-dist/tex/latex/graphics/graphicx.sty
Package: graphicx 2017/06/01 v1.1a Enhanced LaTeX Graphics (DPC,SPQR)

(/usr/local/texlive/2018/texmf-dist/tex/latex/graphics/graphics.sty
Package: graphics 2017/06/25 v1.2c Standard LaTeX Graphics (DPC,SPQR)

(/usr/local/texlive/2018/texmf-dist/tex/latex/graphics/trig.sty
Package: trig 2016/01/03 v1.10 sin cos tan (DPC)
)
(/usr/local/texlive/2018/texmf-dist/tex/latex/graphics-cfg/graphics.cfg
File: graphics.cfg 2016/06/04 v1.11 sample graphics configuration
)
Package graphics Info: Driver file: pdftex.def on input line 99.
)
\Gin@req@height=\dimen137
\Gin@req@width=\dimen138
)
(/usr/local/texlive/2018/texmf-dist/tex/latex/pgf/systemlayer/pgfsys.sty
(/usr/local/texlive/2018/texmf-dist/tex/generic/pgf/systemlayer/pgfsys.code.tex
Package: pgfsys 2014/07/09 v3.0.1a (rcs-revision 1.48)
(/usr/local/texlive/2018/texmf-dist/tex/generic/pgf/utilities/pgfkeys.code.tex
\pgfkeys@pathtoks=\toks16
\pgfkeys@temptoks=\toks17

(/usr/local/texlive/2018/texmf-dist/tex/generic/pgf/utilities/pgfkeysfiltered.c
ode.tex
\pgfkeys@tmptoks=\toks18
))
\pgf@x=\dimen139
\pgf@y=\dimen140
\pgf@xa=\dimen141
\pgf@ya=\dimen142
\pgf@xb=\dimen143
\pgf@yb=\dimen144
\pgf@xc=\dimen145
\pgf@yc=\dimen146
\w@pgf@writea=\write3
\r@pgf@reada=\read1
\c@pgf@counta=\count180
\c@pgf@countb=\count181
\c@pgf@countc=\count182
\c@pgf@countd=\count183
\t@pgf@toka=\toks19
\t@pgf@tokb=\toks20
\t@pgf@tokc=\toks21

(/usr/local/texlive/2018/texmf-dist/tex/generic/pgf/systemlayer/pgf.cfg
File: pgf.cfg 2008/05/14  (rcs-revision 1.7)
)
Driver file for pgf: pgfsys-pdftex.def

(/usr/local/texlive/2018/texmf-dist/tex/generic/pgf/systemlayer/pgfsys-pdftex.d
ef
File: pgfsys-pdftex.def 2014/10/11  (rcs-revision 1.35)

(/usr/local/texlive/2018/texmf-dist/tex/generic/pgf/systemlayer/pgfsys-common-p
df.def
File: pgfsys-common-pdf.def 2013/10/10  (rcs-revision 1.13)
)))
(/usr/local/texlive/2018/texmf-dist/tex/generic/pgf/systemlayer/pgfsyssoftpath.
code.tex
File: pgfsyssoftpath.code.tex 2013/09/09  (rcs-revision 1.9)
\pgfsyssoftpath@smallbuffer@items=\count184
\pgfsyssoftpath@bigbuffer@items=\count185
)
(/usr/local/texlive/2018/texmf-dist/tex/generic/pgf/systemlayer/pgfsysprotocol.
code.tex
File: pgfsysprotocol.code.tex 2006/10/16  (rcs-revision 1.4)
)) (/usr/local/texlive/2018/texmf-dist/tex/latex/xcolor/xcolor.sty
Package: xcolor 2016/05/11 v2.12 LaTeX color extensions (UK)

(/usr/local/texlive/2018/texmf-dist/tex/latex/graphics-cfg/color.cfg
File: color.cfg 2016/01/02 v1.6 sample color configuration
)
Package xcolor Info: Driver file: pdftex.def on input line 225.
LaTeX Info: Redefining \color on input line 709.
Package xcolor Info: Model `cmy' substituted by `cmy0' on input line 1348.
Package xcolor Info: Model `hsb' substituted by `rgb' on input line 1352.
Package xcolor Info: Model `RGB' extended on input line 1364.
Package xcolor Info: Model `HTML' substituted by `rgb' on input line 1366.
Package xcolor Info: Model `Hsb' substituted by `hsb' on input line 1367.
Package xcolor Info: Model `tHsb' substituted by `hsb' on input line 1368.
Package xcolor Info: Model `HSB' substituted by `hsb' on input line 1369.
Package xcolor Info: Model `Gray' substituted by `gray' on input line 1370.
Package xcolor Info: Model `wave' substituted by `hsb' on input line 1371.
)
(/usr/local/texlive/2018/texmf-dist/tex/generic/pgf/basiclayer/pgfcore.code.tex
Package: pgfcore 2010/04/11 v3.0.1a (rcs-revision 1.7)
(/usr/local/texlive/2018/texmf-dist/tex/generic/pgf/math/pgfmath.code.tex
(/usr/local/texlive/2018/texmf-dist/tex/generic/pgf/math/pgfmathcalc.code.tex
(/usr/local/texlive/2018/texmf-dist/tex/generic/pgf/math/pgfmathutil.code.tex)
(/usr/local/texlive/2018/texmf-dist/tex/generic/pgf/math/pgfmathparser.code.tex
\pgfmath@dimen=\dimen147
\pgfmath@count=\count186
\pgfmath@box=\box42
\pgfmath@toks=\toks22
\pgfmath@stack@operand=\toks23
\pgfmath@stack@operation=\toks24
)
(/usr/local/texlive/2018/texmf-dist/tex/generic/pgf/math/pgfmathfunctions.code.
tex
(/usr/local/texlive/2018/texmf-dist/tex/generic/pgf/math/pgfmathfunctions.basic
.code.tex)
(/usr/local/texlive/2018/texmf-dist/tex/generic/pgf/math/pgfmathfunctions.trigo
nometric.code.tex)
(/usr/local/texlive/2018/texmf-dist/tex/generic/pgf/math/pgfmathfunctions.rando
m.code.tex)
(/usr/local/texlive/2018/texmf-dist/tex/generic/pgf/math/pgfmathfunctions.compa
rison.code.tex)
(/usr/local/texlive/2018/texmf-dist/tex/generic/pgf/math/pgfmathfunctions.base.
code.tex)
(/usr/local/texlive/2018/texmf-dist/tex/generic/pgf/math/pgfmathfunctions.round
.code.tex)
(/usr/local/texlive/2018/texmf-dist/tex/generic/pgf/math/pgfmathfunctions.misc.
code.tex)
(/usr/local/texlive/2018/texmf-dist/tex/generic/pgf/math/pgfmathfunctions.integ
erarithmetics.code.tex)))
(/usr/local/texlive/2018/texmf-dist/tex/generic/pgf/math/pgfmathfloat.code.tex
\c@pgfmathroundto@lastzeros=\count187
))
(/usr/local/texlive/2018/texmf-dist/tex/generic/pgf/basiclayer/pgfcorepoints.co
de.tex
File: pgfcorepoints.code.tex 2013/10/07  (rcs-revision 1.27)
\pgf@picminx=\dimen148
\pgf@picmaxx=\dimen149
\pgf@picminy=\dimen150
\pgf@picmaxy=\dimen151
\pgf@pathminx=\dimen152
\pgf@pathmaxx=\dimen153
\pgf@pathminy=\dimen154
\pgf@pathmaxy=\dimen155
\pgf@xx=\dimen156
\pgf@xy=\dimen157
\pgf@yx=\dimen158
\pgf@yy=\dimen159
\pgf@zx=\dimen160
\pgf@zy=\dimen161
)
(/usr/local/texlive/2018/texmf-dist/tex/generic/pgf/basiclayer/pgfcorepathconst
ruct.code.tex
File: pgfcorepathconstruct.code.tex 2013/10/07  (rcs-revision 1.29)
\pgf@path@lastx=\dimen162
\pgf@path@lasty=\dimen163
)
(/usr/local/texlive/2018/texmf-dist/tex/generic/pgf/basiclayer/pgfcorepathusage
.code.tex
File: pgfcorepathusage.code.tex 2014/11/02  (rcs-revision 1.24)
\pgf@shorten@end@additional=\dimen164
\pgf@shorten@start@additional=\dimen165
)
(/usr/local/texlive/2018/texmf-dist/tex/generic/pgf/basiclayer/pgfcorescopes.co
de.tex
File: pgfcorescopes.code.tex 2015/05/08  (rcs-revision 1.46)
\pgfpic=\box43
\pgf@hbox=\box44
\pgf@layerbox@main=\box45
\pgf@picture@serial@count=\count188
)
(/usr/local/texlive/2018/texmf-dist/tex/generic/pgf/basiclayer/pgfcoregraphicst
ate.code.tex
File: pgfcoregraphicstate.code.tex 2014/11/02  (rcs-revision 1.12)
\pgflinewidth=\dimen166
)
(/usr/local/texlive/2018/texmf-dist/tex/generic/pgf/basiclayer/pgfcoretransform
ations.code.tex
File: pgfcoretransformations.code.tex 2015/08/07  (rcs-revision 1.20)
\pgf@pt@x=\dimen167
\pgf@pt@y=\dimen168
\pgf@pt@temp=\dimen169
)
(/usr/local/texlive/2018/texmf-dist/tex/generic/pgf/basiclayer/pgfcorequick.cod
e.tex
File: pgfcorequick.code.tex 2008/10/09  (rcs-revision 1.3)
)
(/usr/local/texlive/2018/texmf-dist/tex/generic/pgf/basiclayer/pgfcoreobjects.c
ode.tex
File: pgfcoreobjects.code.tex 2006/10/11  (rcs-revision 1.2)
)
(/usr/local/texlive/2018/texmf-dist/tex/generic/pgf/basiclayer/pgfcorepathproce
ssing.code.tex
File: pgfcorepathprocessing.code.tex 2013/09/09  (rcs-revision 1.9)
)
(/usr/local/texlive/2018/texmf-dist/tex/generic/pgf/basiclayer/pgfcorearrows.co
de.tex
File: pgfcorearrows.code.tex 2015/05/14  (rcs-revision 1.43)
\pgfarrowsep=\dimen170
)
(/usr/local/texlive/2018/texmf-dist/tex/generic/pgf/basiclayer/pgfcoreshade.cod
e.tex
File: pgfcoreshade.code.tex 2013/07/15  (rcs-revision 1.15)
\pgf@max=\dimen171
\pgf@sys@shading@range@num=\count189
)
(/usr/local/texlive/2018/texmf-dist/tex/generic/pgf/basiclayer/pgfcoreimage.cod
e.tex
File: pgfcoreimage.code.tex 2013/07/15  (rcs-revision 1.18)

(/usr/local/texlive/2018/texmf-dist/tex/generic/pgf/basiclayer/pgfcoreexternal.
code.tex
File: pgfcoreexternal.code.tex 2014/07/09  (rcs-revision 1.21)
\pgfexternal@startupbox=\box46
))
(/usr/local/texlive/2018/texmf-dist/tex/generic/pgf/basiclayer/pgfcorelayers.co
de.tex
File: pgfcorelayers.code.tex 2013/07/18  (rcs-revision 1.7)
)
(/usr/local/texlive/2018/texmf-dist/tex/generic/pgf/basiclayer/pgfcoretranspare
ncy.code.tex
File: pgfcoretransparency.code.tex 2013/09/30  (rcs-revision 1.5)
)
(/usr/local/texlive/2018/texmf-dist/tex/generic/pgf/basiclayer/pgfcorepatterns.
code.tex
File: pgfcorepatterns.code.tex 2013/11/07  (rcs-revision 1.5)
)))
(/usr/local/texlive/2018/texmf-dist/tex/generic/pgf/modules/pgfmoduleshapes.cod
e.tex
File: pgfmoduleshapes.code.tex 2014/03/21  (rcs-revision 1.35)
\pgfnodeparttextbox=\box47
)
(/usr/local/texlive/2018/texmf-dist/tex/generic/pgf/modules/pgfmoduleplot.code.
tex
File: pgfmoduleplot.code.tex 2015/08/03  (rcs-revision 1.13)
)
(/usr/local/texlive/2018/texmf-dist/tex/latex/pgf/compatibility/pgfcomp-version
-0-65.sty
Package: pgfcomp-version-0-65 2007/07/03 v3.0.1a (rcs-revision 1.7)
\pgf@nodesepstart=\dimen172
\pgf@nodesepend=\dimen173
)
(/usr/local/texlive/2018/texmf-dist/tex/latex/pgf/compatibility/pgfcomp-version
-1-18.sty
Package: pgfcomp-version-1-18 2007/07/23 v3.0.1a (rcs-revision 1.1)
))
(/usr/local/texlive/2018/texmf-dist/tex/latex/pgf/utilities/pgffor.sty
(/usr/local/texlive/2018/texmf-dist/tex/latex/pgf/utilities/pgfkeys.sty
(/usr/local/texlive/2018/texmf-dist/tex/generic/pgf/utilities/pgfkeys.code.tex)
) (/usr/local/texlive/2018/texmf-dist/tex/latex/pgf/math/pgfmath.sty
(/usr/local/texlive/2018/texmf-dist/tex/generic/pgf/math/pgfmath.code.tex))
(/usr/local/texlive/2018/texmf-dist/tex/generic/pgf/utilities/pgffor.code.tex
Package: pgffor 2013/12/13 v3.0.1a (rcs-revision 1.25)

(/usr/local/texlive/2018/texmf-dist/tex/generic/pgf/math/pgfmath.code.tex)
\pgffor@iter=\dimen174
\pgffor@skip=\dimen175
\pgffor@stack=\toks25
\pgffor@toks=\toks26
))
(/usr/local/texlive/2018/texmf-dist/tex/generic/pgf/frontendlayer/tikz/tikz.cod
e.tex
Package: tikz 2015/08/07 v3.0.1a (rcs-revision 1.151)

(/usr/local/texlive/2018/texmf-dist/tex/generic/pgf/libraries/pgflibraryplothan
dlers.code.tex
File: pgflibraryplothandlers.code.tex 2013/08/31 v3.0.1a (rcs-revision 1.20)
\pgf@plot@mark@count=\count190
\pgfplotmarksize=\dimen176
)
\tikz@lastx=\dimen177
\tikz@lasty=\dimen178
\tikz@lastxsaved=\dimen179
\tikz@lastysaved=\dimen180
\tikzleveldistance=\dimen181
\tikzsiblingdistance=\dimen182
\tikz@figbox=\box48
\tikz@figbox@bg=\box49
\tikz@tempbox=\box50
\tikz@tempbox@bg=\box51
\tikztreelevel=\count191
\tikznumberofchildren=\count192
\tikznumberofcurrentchild=\count193
\tikz@fig@count=\count194

(/usr/local/texlive/2018/texmf-dist/tex/generic/pgf/modules/pgfmodulematrix.cod
e.tex
File: pgfmodulematrix.code.tex 2013/09/17  (rcs-revision 1.8)
\pgfmatrixcurrentrow=\count195
\pgfmatrixcurrentcolumn=\count196
\pgf@matrix@numberofcolumns=\count197
)
\tikz@expandcount=\count198

(/usr/local/texlive/2018/texmf-dist/tex/generic/pgf/frontendlayer/tikz/librarie
s/tikzlibrarytopaths.code.tex
File: tikzlibrarytopaths.code.tex 2008/06/17 v3.0.1a (rcs-revision 1.2)
)))
(/usr/local/texlive/2018/texmf-dist/tex/latex/mdframed/md-frame-1.mdf
File: md-frame-1.mdf 2013/07/01\ 1.9b: md-frame-1
)
\mdf@frametitlebox=\box52
\mdf@footnotebox=\box53
\mdf@splitbox@one=\box54
\mdf@splitbox@two=\box55
\mdf@splitbox@save=\box56
\mdfsplitboxwidth=\skip89
\mdfsplitboxtotalwidth=\skip90
\mdfsplitboxheight=\skip91
\mdfsplitboxdepth=\skip92
\mdfsplitboxtotalheight=\skip93
\mdfframetitleboxwidth=\skip94
\mdfframetitleboxtotalwidth=\skip95
\mdfframetitleboxheight=\skip96
\mdfframetitleboxdepth=\skip97
\mdfframetitleboxtotalheight=\skip98
\mdffootnoteboxwidth=\skip99
\mdffootnoteboxtotalwidth=\skip100
\mdffootnoteboxheight=\skip101
\mdffootnoteboxdepth=\skip102
\mdffootnoteboxtotalheight=\skip103
\mdftotallinewidth=\skip104
\mdfboundingboxwidth=\skip105
\mdfboundingboxtotalwidth=\skip106
\mdfboundingboxheight=\skip107
\mdfboundingboxdepth=\skip108
\mdfboundingboxtotalheight=\skip109
\mdf@freevspace@length=\skip110
\mdf@horizontalwidthofbox@length=\skip111
\mdf@verticalmarginwhole@length=\skip112
\mdf@horizontalspaceofbox=\skip113
\mdfsubtitleheight=\skip114
\mdfsubsubtitleheight=\skip115
\c@mdfcountframes=\count199

****** mdframed patching \endmdf@trivlist

****** -- success******

.................................................
. LaTeX info: "xparse/define-command"
. 
. Defining command \newmdtheoremenv with sig. 'O{} m o m o ' on line 601.
.................................................
.................................................
. LaTeX info: "xparse/define-command"
. 
. Defining command \mdtheorem with sig. ' O{} m o m o ' on line 701.
.................................................
\mdf@envdepth=\count266
\c@mdf@env@i=\count267
\c@mdf@env@ii=\count268
\c@mdf@zref@counter=\count269
Package zref Info: New property: mdf@pagevalue on input line 895.
)
(/usr/local/texlive/2018/texmf-dist/tex/latex/base/fontenc.sty
Package: fontenc 2017/04/05 v2.0i Standard LaTeX package

(/usr/local/texlive/2018/texmf-dist/tex/latex/base/ot1enc.def
File: ot1enc.def 2017/04/05 v2.0i Standard LaTeX file
LaTeX Font Info:    Redeclaring font encoding OT1 on input line 48.
))
(/usr/local/texlive/2018/texmf-dist/tex/latex/base/inputenc.sty
Package: inputenc 2018/04/06 v1.3b Input encoding file
\inpenc@prehook=\toks27
\inpenc@posthook=\toks28

(/usr/local/texlive/2018/texmf-dist/tex/latex/ucs/utf8x.def
File: utf8x.def 2004/10/17 UCS: Input encoding UTF-8
))
(/usr/local/texlive/2018/texmf-dist/tex/latex/ucs/ucs.sty
Package: ucs 2013/05/11 v2.2 UCS: Unicode input support

(/usr/local/texlive/2018/texmf-dist/tex/latex/ucs/data/uni-global.def
File: uni-global.def 2013/05/13 UCS: Unicode global data
)
\uc@secondtry=\count270
\uc@combtoks=\toks29
\uc@combtoksb=\toks30
\uc@temptokena=\toks31
)
(/usr/local/texlive/2018/texmf-dist/tex/latex/amscls/amsthm.sty
Package: amsthm 2017/10/31 v2.20.4
\thm@style=\toks32
\thm@bodyfont=\toks33
\thm@headfont=\toks34
\thm@notefont=\toks35
\thm@headpunct=\toks36
\thm@preskip=\skip116
\thm@postskip=\skip117
\thm@headsep=\skip118
\dth@everypar=\toks37
)
(/usr/local/texlive/2018/texmf-dist/tex/latex/amsmath/amsmath.sty
Package: amsmath 2017/09/02 v2.17a AMS math features
\@mathmargin=\skip119

For additional information on amsmath, use the `?' option.
(/usr/local/texlive/2018/texmf-dist/tex/latex/amsmath/amstext.sty
Package: amstext 2000/06/29 v2.01 AMS text

(/usr/local/texlive/2018/texmf-dist/tex/latex/amsmath/amsgen.sty
File: amsgen.sty 1999/11/30 v2.0 generic functions
\@emptytoks=\toks38
\ex@=\dimen183
))
(/usr/local/texlive/2018/texmf-dist/tex/latex/amsmath/amsbsy.sty
Package: amsbsy 1999/11/29 v1.2d Bold Symbols
\pmbraise@=\dimen184
)
(/usr/local/texlive/2018/texmf-dist/tex/latex/amsmath/amsopn.sty
Package: amsopn 2016/03/08 v2.02 operator names
)
\inf@bad=\count271
LaTeX Info: Redefining \frac on input line 213.
\uproot@=\count272
\leftroot@=\count273
LaTeX Info: Redefining \overline on input line 375.
\classnum@=\count274
\DOTSCASE@=\count275
LaTeX Info: Redefining \ldots on input line 472.
LaTeX Info: Redefining \dots on input line 475.
LaTeX Info: Redefining \cdots on input line 596.
\Mathstrutbox@=\box57
\strutbox@=\box58
\big@size=\dimen185
LaTeX Font Info:    Redeclaring font encoding OML on input line 712.
LaTeX Font Info:    Redeclaring font encoding OMS on input line 713.
\macc@depth=\count276
\c@MaxMatrixCols=\count277
\dotsspace@=\muskip16
\c@parentequation=\count278
\dspbrk@lvl=\count279
\tag@help=\toks39
\row@=\count280
\column@=\count281
\maxfields@=\count282
\andhelp@=\toks40
\eqnshift@=\dimen186
\alignsep@=\dimen187
\tagshift@=\dimen188
\tagwidth@=\dimen189
\totwidth@=\dimen190
\lineht@=\dimen191
\@envbody=\toks41
\multlinegap=\skip120
\multlinetaggap=\skip121
\mathdisplay@stack=\toks42
LaTeX Info: Redefining \[ on input line 2817.
LaTeX Info: Redefining \] on input line 2818.
)
(/usr/local/texlive/2018/texmf-dist/tex/latex/natbib/natbib.sty
Package: natbib 2010/09/13 8.31b (PWD, AO)
\bibhang=\skip122
\bibsep=\skip123
LaTeX Info: Redefining \cite on input line 694.
\c@NAT@ctr=\count283
)
(/usr/local/texlive/2018/texmf-dist/tex/latex/hyperref/hyperref.sty
Package: hyperref 2018/02/06 v6.86b Hypertext links for LaTeX

(/usr/local/texlive/2018/texmf-dist/tex/generic/oberdiek/hobsub-hyperref.sty
Package: hobsub-hyperref 2016/05/16 v1.14 Bundle oberdiek, subset hyperref (HO)


(/usr/local/texlive/2018/texmf-dist/tex/generic/oberdiek/hobsub-generic.sty
Package: hobsub-generic 2016/05/16 v1.14 Bundle oberdiek, subset generic (HO)
Package: hobsub 2016/05/16 v1.14 Construct package bundles (HO)
Package hobsub Info: Skipping package `infwarerr' (already loaded).
Package hobsub Info: Skipping package `ltxcmds' (already loaded).
Package hobsub Info: Skipping package `ifluatex' (already loaded).
Package: ifvtex 2016/05/16 v1.6 Detect VTeX and its facilities (HO)
Package ifvtex Info: VTeX not detected.
Package: intcalc 2016/05/16 v1.2 Expandable calculations with integers (HO)
Package hobsub Info: Skipping package `ifpdf' (already loaded).
Package hobsub Info: Skipping package `etexcmds' (already loaded).
Package hobsub Info: Skipping package `kvsetkeys' (already loaded).
Package hobsub Info: Skipping package `kvdefinekeys' (already loaded).
Package hobsub Info: Skipping package `pdftexcmds' (already loaded).
Package: pdfescape 2016/05/16 v1.14 Implements pdfTeX's escape features (HO)
Package: bigintcalc 2016/05/16 v1.4 Expandable calculations on big integers (HO
)
Package: bitset 2016/05/16 v1.2 Handle bit-vector datatype (HO)
Package: uniquecounter 2016/05/16 v1.3 Provide unlimited unique counter (HO)
)
Package hobsub Info: Skipping package `hobsub' (already loaded).
Package: letltxmacro 2016/05/16 v1.5 Let assignment for LaTeX macros (HO)
Package: hopatch 2016/05/16 v1.3 Wrapper for package hooks (HO)
Package: xcolor-patch 2016/05/16 xcolor patch
Package: atveryend 2016/05/16 v1.9 Hooks at the very end of document (HO)
Package hobsub Info: Skipping package `atbegshi' (already loaded).
Package: refcount 2016/05/16 v3.5 Data extraction from label references (HO)
Package: hycolor 2016/05/16 v1.8 Color options for hyperref/bookmark (HO)
)
(/usr/local/texlive/2018/texmf-dist/tex/generic/ifxetex/ifxetex.sty
Package: ifxetex 2010/09/12 v0.6 Provides ifxetex conditional
)
\@linkdim=\dimen192
\Hy@linkcounter=\count284
\Hy@pagecounter=\count285

(/usr/local/texlive/2018/texmf-dist/tex/latex/hyperref/pd1enc.def
File: pd1enc.def 2018/02/06 v6.86b Hyperref: PDFDocEncoding definition (HO)
)
\Hy@SavedSpaceFactor=\count286

(/usr/local/texlive/2018/texmf-dist/tex/latex/latexconfig/hyperref.cfg
File: hyperref.cfg 2002/06/06 v1.2 hyperref configuration of TeXLive
)
Package hyperref Info: Option `colorlinks' set `true' on input line 4383.
Package hyperref Info: Hyper figures OFF on input line 4509.
Package hyperref Info: Link nesting OFF on input line 4514.
Package hyperref Info: Hyper index ON on input line 4517.
Package hyperref Info: Plain pages OFF on input line 4524.
Package hyperref Info: Backreferencing OFF on input line 4529.
Package hyperref Info: Implicit mode ON; LaTeX internals redefined.
Package hyperref Info: Bookmarks ON on input line 4762.
\c@Hy@tempcnt=\count287

(/usr/local/texlive/2018/texmf-dist/tex/latex/url/url.sty
\Urlmuskip=\muskip17
Package: url 2013/09/16  ver 3.4  Verb mode for urls, etc.
)
LaTeX Info: Redefining \url on input line 5115.
\XeTeXLinkMargin=\dimen193
\Fld@menulength=\count288
\Field@Width=\dimen194
\Fld@charsize=\dimen195
Package hyperref Info: Hyper figures OFF on input line 6369.
Package hyperref Info: Link nesting OFF on input line 6374.
Package hyperref Info: Hyper index ON on input line 6377.
Package hyperref Info: backreferencing OFF on input line 6384.
Package hyperref Info: Link coloring ON on input line 6387.
Package hyperref Info: Link coloring with OCG OFF on input line 6394.
Package hyperref Info: PDF/A mode OFF on input line 6399.
LaTeX Info: Redefining \ref on input line 6439.
LaTeX Info: Redefining \pageref on input line 6443.
\Hy@abspage=\count289
\c@Item=\count290
\c@Hfootnote=\count291
)
Package hyperref Info: Driver (autodetected): hpdftex.

(/usr/local/texlive/2018/texmf-dist/tex/latex/hyperref/hpdftex.def
File: hpdftex.def 2018/02/06 v6.86b Hyperref driver for pdfTeX
\HyAnn@Count=\count292
\Fld@listcount=\count293
\c@bookmark@seq@number=\count294

(/usr/local/texlive/2018/texmf-dist/tex/latex/oberdiek/rerunfilecheck.sty
Package: rerunfilecheck 2016/05/16 v1.8 Rerun checks for auxiliary files (HO)
Package uniquecounter Info: New unique counter `rerunfilecheck' on input line 2
82.
)
\Hy@SectionHShift=\skip124
)
(/usr/local/texlive/2018/texmf-dist/tex/latex/psnfss/mathpazo.sty
Package: mathpazo 2005/04/12 PSNFSS-v9.2a Palatino w/ Pazo Math (D.Puga, WaS) 
\symupright=\mathgroup4
)
(/usr/local/texlive/2018/texmf-dist/tex/latex/wrapfig/wrapfig.sty
\wrapoverhang=\dimen196
\WF@size=\dimen197
\c@WF@wrappedlines=\count295
\WF@box=\box59
\WF@everypar=\toks43
Package: wrapfig 2003/01/31  v 3.6
)
(/usr/local/texlive/2018/texmf-dist/tex/latex/doublestroke/dsfont.sty
Package: dsfont 1995/08/01 v0.1 Double stroke roman fonts
)
(/usr/local/texlive/2018/texmf-dist/tex/latex/caption/caption.sty
Package: caption 2016/02/21 v3.3-144 Customizing captions (AR)

(/usr/local/texlive/2018/texmf-dist/tex/latex/caption/caption3.sty
Package: caption3 2016/05/22 v1.7-166 caption3 kernel (AR)
Package caption3 Info: TeX engine: e-TeX on input line 67.
\captionmargin=\dimen198
\captionmargin@=\dimen199
\captionwidth=\dimen256
\caption@tempdima=\dimen257
\caption@indent=\dimen258
\caption@parindent=\dimen259
\caption@hangindent=\dimen260
)
\c@ContinuedFloat=\count296
Package caption Info: hyperref package is loaded.
Package caption Info: wrapfig package is loaded.
)
(/usr/local/texlive/2018/texmf-dist/tex/latex/booktabs/booktabs.sty
Package: booktabs 2016/04/27 v1.618033 publication quality tables
\heavyrulewidth=\dimen261
\lightrulewidth=\dimen262
\cmidrulewidth=\dimen263
\belowrulesep=\dimen264
\belowbottomsep=\dimen265
\aboverulesep=\dimen266
\abovetopsep=\dimen267
\cmidrulesep=\dimen268
\cmidrulekern=\dimen269
\defaultaddspace=\dimen270
\@cmidla=\count297
\@cmidlb=\count298
\@aboverulesep=\dimen271
\@belowrulesep=\dimen272
\@thisruleclass=\count299
\@lastruleclass=\count300
\@thisrulewidth=\dimen273
)
(/usr/local/texlive/2018/texmf-dist/tex/latex/algorithms/algorithm.sty
Package: algorithm 2009/08/24 v0.1 Document Style `algorithm' - floating enviro
nment

(/usr/local/texlive/2018/texmf-dist/tex/latex/float/float.sty
Package: float 2001/11/08 v1.3d Float enhancements (AL)
\c@float@type=\count301
\float@exts=\toks44
\float@box=\box60
\@float@everytoks=\toks45
\@floatcapt=\box61
)
(/usr/local/texlive/2018/texmf-dist/tex/latex/base/ifthen.sty
Package: ifthen 2014/09/29 v1.1c Standard LaTeX ifthen package (DPC)
)
\@float@every@algorithm=\toks46
\c@algorithm=\count302
)
(/usr/local/texlive/2018/texmf-dist/tex/latex/eqparbox/eqparbox.sty
Package: eqparbox 2017/09/03 v4.1 Create equal-widthed boxes
\eqp@tempdima=\skip125
\eqp@tempdimb=\skip126

(/usr/local/texlive/2018/texmf-dist/tex/latex/tools/array.sty
Package: array 2018/04/07 v2.4g Tabular extension package (FMi)
\col@sep=\dimen274
\ar@mcellbox=\box62
\extrarowheight=\dimen275
\NC@list=\toks47
\extratabsurround=\skip127
\backup@length=\skip128
\ar@cellbox=\box63
)
\eqp@tabular@box=\box64
\eqp@list@box=\box65
\eqp@list@indent=\skip129

(/usr/local/texlive/2018/texmf-dist/tex/latex/environ/environ.sty
Package: environ 2014/05/04 v0.3 A new way to define environments

(/usr/local/texlive/2018/texmf-dist/tex/latex/trimspaces/trimspaces.sty
Package: trimspaces 2009/09/17 v1.1 Trim spaces around a token list
)))
(/usr/local/texlive/2018/texmf-dist/tex/latex/algorithmicx/algpseudocode.sty
Package: algpseudocode 

(/usr/local/texlive/2018/texmf-dist/tex/latex/algorithmicx/algorithmicx.sty
Package: algorithmicx 2005/04/27 v1.2 Algorithmicx

Document Style algorithmicx 1.2 - a greatly improved `algorithmic' style
\c@ALG@line=\count303
\c@ALG@rem=\count304
\c@ALG@nested=\count305
\ALG@tlm=\skip130
\ALG@thistlm=\skip131
\c@ALG@Lnr=\count306
\c@ALG@blocknr=\count307
\c@ALG@storecount=\count308
\c@ALG@tmpcounter=\count309
\ALG@tmplength=\skip132
)
Document Style - pseudocode environments for use with the `algorithmicx' style
)
\c@lemma=\count310
\c@theorem=\count311
\c@prop=\count312
 (./mkn-supplement.aux)
Runaway argument?
{\contentsline {table}{\numberline {2}{\ignorespaces datasets used fo\ETC.
./mkn-supplement.tex:41: File ended while scanning use of \@writefile.
<inserted text> 
                \par 
l.41 \begin{document}
                     
? 
\openout1 = `mkn-supplement.aux'.

LaTeX Font Info:    Checking defaults for OML/cmm/m/it on input line 41.
LaTeX Font Info:    ... okay on input line 41.
LaTeX Font Info:    Checking defaults for T1/cmr/m/n on input line 41.
LaTeX Font Info:    ... okay on input line 41.
LaTeX Font Info:    Checking defaults for OT1/cmr/m/n on input line 41.
LaTeX Font Info:    ... okay on input line 41.
LaTeX Font Info:    Checking defaults for OMS/cmsy/m/n on input line 41.
LaTeX Font Info:    ... okay on input line 41.
LaTeX Font Info:    Checking defaults for OMX/cmex/m/n on input line 41.
LaTeX Font Info:    ... okay on input line 41.
LaTeX Font Info:    Checking defaults for U/cmr/m/n on input line 41.
LaTeX Font Info:    ... okay on input line 41.
LaTeX Font Info:    Checking defaults for PD1/pdf/m/n on input line 41.
LaTeX Font Info:    ... okay on input line 41.
LaTeX Font Info:    Try loading font information for OT1+pplx on input line 41.

(/usr/local/texlive/2018/texmf-dist/tex/latex/psnfss/ot1pplx.fd
File: ot1pplx.fd 2004/09/06 font definitions for OT1/pplx.
)
\AtBeginShipoutBox=\box66

(/usr/local/texlive/2018/texmf-dist/tex/context/base/mkii/supp-pdf.mkii
[Loading MPS to PDF converter (version 2006.09.02).]
\scratchcounter=\count313
\scratchdimen=\dimen276
\scratchbox=\box67
\nofMPsegments=\count314
\nofMParguments=\count315
\everyMPshowfont=\toks48
\MPscratchCnt=\count316
\MPscratchDim=\dimen277
\MPnumerator=\count317
\makeMPintoPDFobject=\count318
\everyMPtoPDFconversion=\toks49
) (/usr/local/texlive/2018/texmf-dist/tex/latex/oberdiek/epstopdf-base.sty
Package: epstopdf-base 2016/05/15 v2.6 Base part for package epstopdf

(/usr/local/texlive/2018/texmf-dist/tex/latex/oberdiek/grfext.sty
Package: grfext 2016/05/16 v1.2 Manage graphics extensions (HO)
)
Package epstopdf-base Info: Redefining graphics rule for `.eps' on input line 4
38.
Package grfext Info: Graphics extension search list:
(grfext)             [.pdf,.png,.jpg,.mps,.jpeg,.jbig2,.jb2,.PDF,.PNG,.JPG,.JPE
G,.JBIG2,.JB2,.eps]
(grfext)             \AppendGraphicsExtensions on input line 456.

(/usr/local/texlive/2018/texmf-dist/tex/latex/latexconfig/epstopdf-sys.cfg
File: epstopdf-sys.cfg 2010/07/13 v1.3 Configuration of (r)epstopdf for TeX Liv
e
))
ABD: EveryShipout initializing macros
(/usr/local/texlive/2018/texmf-dist/tex/latex/ucs/ucsencs.def
File: ucsencs.def 2011/01/21 Fixes to fontencodings LGR, T3
)
Package hyperref Info: Link coloring ON on input line 41.

(/usr/local/texlive/2018/texmf-dist/tex/latex/hyperref/nameref.sty
Package: nameref 2016/05/21 v2.44 Cross-referencing by name of section

(/usr/local/texlive/2018/texmf-dist/tex/generic/oberdiek/gettitlestring.sty
Package: gettitlestring 2016/05/16 v1.5 Cleanup title references (HO)
)
\c@section@level=\count319
)
LaTeX Info: Redefining \ref on input line 41.
LaTeX Info: Redefining \pageref on input line 41.
LaTeX Info: Redefining \nameref on input line 41.

(./mkn-supplement.out) (./mkn-supplement.out)
\@outlinefile=\write4
\openout4 = `mkn-supplement.out'.

Package caption Info: Begin \AtBeginDocument code.
Package caption Info: float package is loaded.
Package caption Info: End \AtBeginDocument code.
LaTeX Font Info:    Font shape `OT1/pplx/bx/n' in size <12> not available
(Font)              Font shape `OT1/pplx/b/n' tried instead on input line 44.
LaTeX Font Info:    Try loading font information for OMS+pplx on input line 62.

LaTeX Font Info:    No file OMSpplx.fd. on input line 62.


LaTeX Font Warning: Font shape `OMS/pplx/m/n' undefined
(Font)              using `OMS/cmsy/m/n' instead
(Font)              for symbol `textbullet' on input line 62.

LaTeX Font Info:    Try loading font information for OML+zplm on input line 75.

(/usr/local/texlive/2018/texmf-dist/tex/latex/psnfss/omlzplm.fd
File: omlzplm.fd 2002/09/08 Fontinst v1.914 font definitions for OML/zplm.
)
LaTeX Font Info:    Try loading font information for OMS+zplm on input line 75.


(/usr/local/texlive/2018/texmf-dist/tex/latex/psnfss/omszplm.fd
File: omszplm.fd 2002/09/08 Fontinst v1.914 font definitions for OMS/zplm.
)
LaTeX Font Info:    Try loading font information for OMX+zplm on input line 75.


(/usr/local/texlive/2018/texmf-dist/tex/latex/psnfss/omxzplm.fd
File: omxzplm.fd 2002/09/08 Fontinst v1.914 font definitions for OMX/zplm.
)
LaTeX Font Info:    Try loading font information for OT1+zplm on input line 75.


(/usr/local/texlive/2018/texmf-dist/tex/latex/psnfss/ot1zplm.fd
File: ot1zplm.fd 2002/09/08 Fontinst v1.914 font definitions for OT1/zplm.
) [1

{/usr/local/texlive/2018/texmf-var/fonts/map/pdftex/updmap/pdftex.map}]
LaTeX Font Info:    Font shape `OT1/pplx/bx/n' in size <14.4> not available
(Font)              Font shape `OT1/pplx/b/n' tried instead on input line 98.
<Figs/pca.pdf, id=21, 505.89pt x 361.35pt>
File: Figs/pca.pdf Graphic file (type pdf)
<use Figs/pca.pdf>
Package pdftex.def Info: Figs/pca.pdf  used on input line 135.
(pdftex.def)             Requested size: 288.0011pt x 205.718pt.
LaTeX Font Info:    Font shape `OT1/pplx/bx/n' in size <9> not available
(Font)              Font shape `OT1/pplx/b/n' tried instead on input line 136.


LaTeX Warning: `!h' float specifier changed to `!ht'.


Underfull \hbox (badness 10000) in paragraph at lines 154--154
[]|\OT1/pplx/m/n/10 Number of
 []


Overfull \hbox (10.63446pt too wide) in paragraph at lines 154--154
\OT1/pplx/m/n/10 cells/condition| 
 []

LaTeX Font Info:    Font shape `OT1/pplx/bx/n' in size <10> not available
(Font)              Font shape `OT1/pplx/b/n' tried instead on input line 155.

Package natbib Warning: Citation `Trapnell' on page 2 undefined on input line 1
55.


Package natbib Warning: Citation `Patel' on page 2 undefined on input line 156.



Underfull \hbox (badness 10000) in paragraph at lines 157--157
[]|\OT1/pplx/m/n/10 GSE48968-
 []


Package natbib Warning: Citation `Shalek' on page 2 undefined on input line 157
.


Underfull \hbox (badness 10000) in paragraph at lines 158--158
[]|\OT1/pplx/m/n/10 GSE60749-
 []


Package natbib Warning: Citation `Kumar' on page 2 undefined on input line 158.



Package natbib Warning: Citation `Engel' on page 2 undefined on input line 159.



Package natbib Warning: Citation `EMTAB' on page 2 undefined on input line 160.



Underfull \hbox (badness 10000) in paragraph at lines 161--161
[]|\OT1/pplx/m/n/10 GSE71585-
 []


Underfull \hbox (badness 10000) in paragraph at lines 161--161
[]|\OT1/pplx/m/n/10 Gad2tdTpositive vs
 []


Package natbib Warning: Citation `Tasic' on page 2 undefined on input line 161.



Package natbib Warning: Citation `oscope' on page 2 undefined on input line 162
.


Package natbib Warning: Citation `sc3' on page 2 undefined on input line 163.


Package natbib Warning: Citation `Deng193' on page 2 undefined on input line 16
4.


Underfull \hbox (badness 10000) in paragraph at lines 165--165
[]|\OT1/pplx/m/n/10 Primordial Germ Cells,
 []


Underfull \hbox (badness 10000) in paragraph at lines 165--165
\OT1/pplx/m/n/10 develop- men-tal stage: 7
 []


Underfull \hbox (badness 10000) in paragraph at lines 165--165
\OT1/pplx/m/n/10 week ges-ta-tion vs So-matic
 []


Package natbib Warning: Citation `Guo' on page 2 undefined on input line 165.


Package natbib Warning: Citation `chu' on page 2 undefined on input line 166.


Underfull \hbox (badness 10000) in paragraph at lines 167--167
[]|\OT1/pplx/m/n/10 neoplastic cells vs non-
 []


Package natbib Warning: Citation `Darmanis' on page 2 undefined on input line 1
67.


Overfull \hbox (113.13849pt too wide) in paragraph at lines 152--169
 [][] 
 []

[2

]
<Figs/sim_67.png, id=35, 379.8993pt x 275.3487pt>
File: Figs/sim_67.png Graphic file (type png)
<use Figs/sim_67.png>
Package pdftex.def Info: Figs/sim_67.png  used on input line 187.
(pdftex.def)             Requested size: 180.0pt x 130.46426pt.
<Figs/sim_78.png, id=37, 379.8993pt x 275.3487pt>
File: Figs/sim_78.png Graphic file (type png)
<use Figs/sim_78.png>
Package pdftex.def Info: Figs/sim_78.png  used on input line 190.
(pdftex.def)             Requested size: 180.0pt x 130.46426pt.


LaTeX Warning: `h' float specifier changed to `ht'.


Package amsmath Warning: Foreign command \atopwithdelims;
(amsmath)                \frac or \genfrac should be used instead
(amsmath)                 on input line 210.

[3 <./Figs/pca.pdf>] [4]
Overfull \hbox (52.3227pt too wide) in paragraph at lines 234--235
[][] \OML/zplm/m/it/12 P\OT1/zplm/m/n/12 (\OML/zplm/m/it/12 X[]\OMS/zplm/m/n/12
 j\OML/zplm/m/it/12 r[]\OT1/pplx/m/n/12 , \OML/zplm/m/it/12 q[]\OT1/zplm/m/n/12
 ) \OMS/zplm/m/n/12 ^^C \OML/zplm/m/it/12 P\OT1/zplm/m/n/12 (\OML/zplm/m/it/12 
q[]\OMS/zplm/m/n/12 j\OML/zplm/m/it/12 \OT1/pplx/m/n/12 , \OML/zplm/m/it/12 ^^
L[]\OT1/zplm/m/n/12 )\OML/zplm/m/it/12 dq[] \OT1/zplm/m/n/12 = [][][][][]$\OT1/
pplx/m/n/12 .
 []

[5 <./Figs/sim_67.png> <./Figs/sim_78.png>] [6]

Package natbib Warning: Citation `ref:dahl' on page 7 undefined on input line 2
65.

[7]
Overfull \hbox (4.16795pt too wide) in paragraph at lines 315--316
[]\OT1/pplx/m/n/12 If $\OML/zplm/m/it/12 h[] \OMS/zplm/m/n/12 ^^T \OML/zplm/m/i
t/12 h[]$\OT1/pplx/m/n/12 , then $[][] \OMS/zplm/m/n/12 ^^T \OT1/zplm/m/n/12 ([
])[]$ \OT1/pplx/m/n/12 and $[][] \OMS/zplm/m/n/12 ^^T \OT1/zplm/m/n/12 ([])[]$ 

 []

[8]

Package natbib Warning: Citation `selK' on page 9 undefined on input line 333.

[9]
Underfull \hbox (badness 10000) in paragraph at lines 347--347
[]|\OT1/pplx/m/n/9 Number of
 []


Underfull \hbox (badness 10000) in paragraph at lines 354--354
[]|\OT1/pplx/m/n/9 GSE48968-
 []


Underfull \hbox (badness 10000) in paragraph at lines 356--356
[]|\OT1/pplx/m/n/9 GSE60749-
 []


Underfull \hbox (badness 10000) in paragraph at lines 362--362
[]|\OT1/pplx/m/n/9 GSE71585-
 []


Overfull \hbox (59.88577pt too wide) in paragraph at lines 345--369
 [][] 
 []

[10]
<Figs/NULL.pdf, id=94, 722.7pt x 361.35pt>
File: Figs/NULL.pdf Graphic file (type pdf)
<use Figs/NULL.pdf>
Package pdftex.def Info: Figs/NULL.pdf  used on input line 381.
(pdftex.def)             Requested size: 251.9989pt x 126.00021pt.
<Figs/s_78_GSE57872.pdf, id=95, 495.8525pt x 211.79124pt>
File: Figs/s_78_GSE57872.pdf Graphic file (type pdf)
<use Figs/s_78_GSE57872.pdf>
Package pdftex.def Info: Figs/s_78_GSE57872.pdf  used on input line 395.
(pdftex.def)             Requested size: 251.9989pt x 107.63399pt.
<Figs/DN_67.png, id=96, 379.8993pt x 275.3487pt>
File: Figs/DN_67.png Graphic file (type png)
<use Figs/DN_67.png>
Package pdftex.def Info: Figs/DN_67.png  used on input line 400.
(pdftex.def)             Requested size: 180.00189pt x 142.26201pt.
<Figs/DN_78.png, id=97, 379.8993pt x 275.3487pt>
File: Figs/DN_78.png Graphic file (type png)
<use Figs/DN_78.png>
Package pdftex.def Info: Figs/DN_78.png  used on input line 403.
(pdftex.def)             Requested size: 180.00189pt x 142.26201pt.

Overfull \hbox (4.49998pt too wide) in paragraph at lines 392--408
\OT1/pplx/m/n/12 tial dis-tri-bu-tion given dif-fer-ent num-ber of sub-types at
 data GSE75748
 []

[11 <./Figs/NULL.pdf>]
<Figs/G48_56.png, id=109, 379.8993pt x 275.3487pt>
File: Figs/G48_56.png Graphic file (type png)
<use Figs/G48_56.png>
Package pdftex.def Info: Figs/G48_56.png  used on input line 418.
(pdftex.def)             Requested size: 180.00189pt x 142.26201pt.
<Figs/G48_67.png, id=110, 379.8993pt x 275.3487pt>
File: Figs/G48_67.png Graphic file (type png)
<use Figs/G48_67.png>
Package pdftex.def Info: Figs/G48_67.png  used on input line 421.
(pdftex.def)             Requested size: 180.00189pt x 142.26201pt.
<Figs/s_789_GSE48968.pdf, id=111, 495.8525pt x 135.50626pt>
File: Figs/s_789_GSE48968.pdf Graphic file (type pdf)
<use Figs/s_789_GSE48968.pdf>
Package pdftex.def Info: Figs/s_789_GSE48968.pdf  used on input line 425.
(pdftex.def)             Requested size: 360.0pt x 98.38113pt.
 [12 <./Figs/s_78_GSE57872.pdf> <./Figs/DN_67.png> <./Figs/DN_78.png>]

Package natbib Warning: Citation `ref:d3e' on page 13 undefined on input line 4
34.


Underfull \hbox (badness 10000) in paragraph at lines 434--435

 []

<Figs/act.png, id=139, 356.0502pt x 251.9814pt>
File: Figs/act.png Graphic file (type png)
<use Figs/act.png>
Package pdftex.def Info: Figs/act.png  used on input line 449.
(pdftex.def)             Requested size: 118.80066pt x 84.07689pt.
<Figs/in_act.png, id=141, 356.0502pt x 251.9814pt>
File: Figs/in_act.png Graphic file (type png)
<use Figs/in_act.png>
Package pdftex.def Info: Figs/in_act.png  used on input line 452.
(pdftex.def)             Requested size: 118.80066pt x 84.07689pt.
<Figs/t_rate.png, id=143, 364.4817pt x 251.9814pt>
File: Figs/t_rate.png Graphic file (type png)
<use Figs/t_rate.png>
Package pdftex.def Info: Figs/t_rate.png  used on input line 455.
(pdftex.def)             Requested size: 118.80066pt x 82.13136pt.
[13 <./Figs/G48_56.png> <./Figs/G48_67.png> <./Figs/s_789_GSE48968.pdf>]
<Figs/overlap.png, id=176, 770.88pt x 443.6575pt>
File: Figs/overlap.png Graphic file (type png)
<use Figs/overlap.png>
Package pdftex.def Info: Figs/overlap.png  used on input line 478.
(pdftex.def)             Requested size: 385.43906pt x 221.8282pt.

Overfull \hbox (25.43906pt too wide) in paragraph at lines 478--479
[][] 
 []


Overfull \hbox (3.23997pt too wide) in paragraph at lines 476--484
\OT1/pplx/m/n/12 In Fig 10, there are four sub-types, the rect-an-gle with ma-g
enta bound-
 []


Underfull \hbox (badness 10000) in paragraph at lines 476--484

 []

[14 <./Figs/act.png> <./Figs/in_act.png> <./Figs/t_rate.png>] [15 <./Figs/overl
ap.png>]
Underfull \hbox (badness 10000) in paragraph at lines 492--494

 []


Overfull \hbox (19.33076pt too wide) in paragraph at lines 517--518
[]\OT1/pplx/m/n/12 Recall $\OML/zplm/m/it/12 N\OT1/zplm/m/n/12 (\OML/zplm/m/it/
12 ^^Y\OT1/zplm/m/n/12 )$ \OT1/pplx/m/n/12 rep-re-sents num-ber of blocks $\OML
/zplm/m/it/12 b$ \OT1/pplx/m/n/12 in $\OML/zplm/m/it/12 ^^Y$\OT1/pplx/m/n/12 . 
Let $\OML/zplm/m/it/12 S \OT1/zplm/m/n/12 = \OMS/zplm/m/n/12 f\OML/zplm/m/it/12
 ^^Y\OT1/pplx/m/n/12 , \OT1/zplm/m/n/12 (\OML/zplm/m/it/12 ^^^\OT1/pplx/m/n/12 
, \OML/zplm/m/it/12  \OT1/zplm/m/n/12 ) \OMS/zplm/m/n/12 2
 []

[16]
Overfull \hbox (36.17786pt too wide) in paragraph at lines 519--520
\OMS/zplm/m/n/12 ff\OT1/pplx/m/n/12 1, 2, 3\OMS/zplm/m/n/12 g\OT1/pplx/m/n/12 ,
 \OMS/zplm/m/n/12 f\OT1/pplx/m/n/12 4, 5, 6, 7\OMS/zplm/m/n/12 gg\OT1/pplx/m/n/
12 , \OML/zplm/m/it/12 ^^Y[] \OT1/zplm/m/n/12 = \OMS/zplm/m/n/12 ff\OT1/pplx/m/
n/12 1, 6, 7\OMS/zplm/m/n/12 g\OT1/pplx/m/n/12 , \OMS/zplm/m/n/12 f\OT1/pplx/m/
n/12 2, 4\OMS/zplm/m/n/12 g\OT1/pplx/m/n/12 , \OMS/zplm/m/n/12 f\OT1/pplx/m/n/1
2 3, 5\OMS/zplm/m/n/12 gg\OT1/pplx/m/n/12 , \OML/zplm/m/it/12 ^^Y[] \OT1/zplm/m
/n/12 = \OMS/zplm/m/n/12 ff\OT1/pplx/m/n/12 1, 2, 3, 4, 5, 6\OMS/zplm/m/n/12 gg
$\OT1/pplx/m/n/12 ,
 []


Underfull \hbox (badness 10000) in paragraph at lines 538--540

 []

[17] [18]
<Figs/try7-g.pdf, id=215, 505.89pt x 505.89pt>
File: Figs/try7-g.pdf Graphic file (type pdf)
<use Figs/try7-g.pdf>
Package pdftex.def Info: Figs/try7-g.pdf  used on input line 574.
(pdftex.def)             Requested size: 505.88875pt x 505.88875pt.

Overfull \hbox (145.88875pt too wide) in paragraph at lines 574--575
[][] 
 []


LaTeX Warning: Float too large for page by 11.18854pt on input line 577.


LaTeX Warning: `h' float specifier changed to `ht'.

[19] [20]

Package natbib Warning: Citation `ineq' on page 21 undefined on input line 648.



Overfull \hbox (8.2281pt too wide) in paragraph at lines 662--666
[]\OT1/pplx/m/n/12 Recall $\OML/zplm/m/it/12 ![] \OMS/zplm/m/n/12 / \OML/zplm/m
/it/12 p[]\OT1/zplm/m/n/12 (\OML/zplm/m/it/12 t[]\OMS/zplm/m/n/12 j\OML/zplm/m/
it/12 t[]\OT1/pplx/m/n/12 , \OML/zplm/m/it/12 y\OT1/zplm/m/n/12 ) \OML/zplm/m/i
t/12 p[]\OT1/zplm/m/n/12 (\OML/zplm/m/it/12 t[]\OMS/zplm/m/n/12 j\OML/zplm/m/it
/12 t[]\OT1/pplx/m/n/12 , \OML/zplm/m/it/12 y\OT1/zplm/m/n/12 ) \OML/zplm/m/it/
12 p[]\OT1/zplm/m/n/12 (\OML/zplm/m/it/12 t[]\OT1/pplx/m/n/12 , \OML/zplm/m/it/
12 t[]\OMS/zplm/m/n/12 j\OML/zplm/m/it/12 y\OT1/zplm/m/n/12 ) \OML/zplm/m/it/12
 ![]\OT1/pplx/m/n/12 .$ and RHS
 []


Overfull \hbox (2.52782pt too wide) in paragraph at lines 662--666
\OT1/zplm/m/n/12 = \OML/zplm/m/it/12 g\OT1/zplm/m/n/12 (\OML/zplm/m/it/12 ^^Y\O
T1/pplx/m/n/12 , \OML/zplm/m/it/12 \OT1/pplx/m/n/12 , \OML/zplm/m/it/12 ^^L\OT
1/pplx/m/n/12 , \OML/zplm/m/it/12 n[]\OT1/pplx/m/n/12 , \OML/zplm/m/it/12 n[]\O
T1/zplm/m/n/12 )\OML/zplm/m/it/12 f\OT1/zplm/m/n/12 (\OML/zplm/m/it/12 ^^Y\OT1/
pplx/m/n/12 , \OML/zplm/m/it/12 t[]\OT1/pplx/m/n/12 , \OML/zplm/m/it/12 t[]\OT1
/pplx/m/n/12 , \OML/zplm/m/it/12 \OT1/pplx/m/n/12 , \OML/zplm/m/it/12 ^^L\OT1/
zplm/m/n/12 )$ \OT1/pplx/m/n/12 and $[] \OT1/zplm/m/n/12 = [][]$
 []


Overfull \hbox (70.97168pt too wide) in alignment at lines 666--669
 [][][] []
 []


Overfull \hbox (8.03555pt too wide) in paragraph at lines 669--671
\OT1/pplx/m/n/12 tion let $\OML/zplm/m/it/12 h\OT1/zplm/m/n/12 (\OML/zplm/m/it/
12 x\OT1/zplm/m/n/12 ) = []\OML/zplm/m/it/12 n\OT1/zplm/m/n/12 ^^@(\OML/zplm/m/
it/12 x\OT1/zplm/m/n/12 )$ \OT1/pplx/m/n/12 and $\OML/zplm/m/it/12 ^^M[] \OT1/z
plm/m/n/12 = ^^F[]\OML/zplm/m/it/12 []$\OT1/pplx/m/n/12 . De-note $\OML/zplm/m
/it/12 R\OT1/zplm/m/n/12 (\OML/zplm/m/it/12 ^^Y[]\OT1/pplx/m/n/12 , \OML/zplm/m
/it/12 ^^Y[]\OT1/pplx/m/n/12 , \OML/zplm/m/it/12 t[]\OT1/pplx/m/n/12 , \OML/zpl
m/m/it/12 t[]\OT1/pplx/m/n/12 , \OML/zplm/m/it/12 \OT1/pplx/m/n/12 , \OML/zplm
/m/it/12 ^^L\OT1/zplm/m/n/12 ) =
 []

[21]
Overfull \hbox (132.72462pt too wide) in alignment at lines 681--683
 [][][] []
 []


Overfull \hbox (66.47821pt too wide) in paragraph at lines 703--705
\OML/zplm/m/it/12 p\OT1/zplm/m/n/12 (\OML/zplm/m/it/12 A[]\OMS/zplm/m/n/12 j\OM
L/zplm/m/it/12 y\OT1/pplx/m/n/12 , \OML/zplm/m/it/12 z\OT1/zplm/m/n/12 ) = [][]
 \OML/zplm/m/it/12 J\OT1/zplm/m/n/12 (\OML/zplm/m/it/12 y\OT1/pplx/m/n/12 , \OM
L/zplm/m/it/12 z\OT1/pplx/m/n/12 , \OML/zplm/m/it/12 ^^Y[]\OT1/zplm/m/n/12 )$ \
OT1/pplx/m/n/12 and $\OML/zplm/m/it/12 J\OT1/zplm/m/n/12 (\OML/zplm/m/it/12 y\O
T1/pplx/m/n/12 , \OML/zplm/m/it/12 z\OT1/pplx/m/n/12 , \OML/zplm/m/it/12 ^^Y\OT
1/zplm/m/n/12 ) = [][][][]$ 
 []

[22]
Underfull \hbox (badness 10000) in paragraph at lines 708--712

 []


Overfull \hbox (129.07224pt too wide) detected at line 712
[]\OML/zplm/m/it/12 f\OT1/zplm/m/n/12 (\OML/zplm/m/it/12 n\OT1/pplx/m/n/12 , \O
ML/zplm/m/it/12 b\OT1/zplm/m/n/12 ) \OMS/zplm/m/n/12 ^^Y \OT1/zplm/m/n/12 (\OML
/zplm/m/it/12 ^^L[] \OT1/zplm/m/n/12 + \OML/zplm/m/it/12 t[] \OMS/zplm/m/n/12 ^
^@ \OT1/pplx/m/n/12 1\OT1/zplm/m/n/12 )[](\OT1/pplx/m/n/12 1 \OT1/zplm/m/n/12 +
 []) + (\OML/zplm/m/it/12 ^^L[] \OT1/zplm/m/n/12 + \OML/zplm/m/it/12 t[] \OMS/z
plm/m/n/12 ^^@ \OT1/pplx/m/n/12 1\OT1/zplm/m/n/12 )[](\OT1/pplx/m/n/12 1 \OT1/z
plm/m/n/12 + []) + \OML/zplm/m/it/12 O\OT1/zplm/m/n/12 ([](\OML/zplm/m/it/12 n\
OT1/zplm/m/n/12 ))
 []


Overfull \hbox (9.06976pt too wide) in paragraph at lines 712--715
[]\OT1/zplm/m/n/12 ) \OMS/zplm/m/n/12 ! []\OT1/zplm/m/n/12 (\OT1/pplx/m/n/12 1 
\OT1/zplm/m/n/12 + [])$ $\OML/zplm/m/it/12 a\OT1/pplx/m/n/12 .\OML/zplm/m/it/12
 s\OT1/pplx/m/n/12 .$ and $[] \OMS/zplm/m/n/12 ! \OT1/zplm/m/n/12 ^^H[][](\OT1/
pplx/m/n/12 1 \OT1/zplm/m/n/12 + []) + 	[][](\OT1/pplx/m/n/12 1 \OT1/zplm/m/n/1
2 +
 []


Underfull \hbox (badness 10000) in paragraph at lines 712--715

 []

[23]
Overfull \hbox (35.52228pt too wide) in paragraph at lines 720--722
\OT1/pplx/m/n/12 To in-ves-ti-gate the limit of $[]$, We use in-equal-i-ties th
at $[]\OML/zplm/m/it/12 n[]e[] \OMS/zplm/m/n/12 ^^T
 []


Underfull \hbox (badness 10000) in paragraph at lines 720--722

 []


Underfull \hbox (badness 10000) in paragraph at lines 726--727

 []


Overfull \hbox (211.47226pt too wide) detected at line 727
\OML/zplm/m/it/12 g\OT1/zplm/m/n/12 (\OML/zplm/m/it/12 n\OT1/pplx/m/n/12 , \OML
/zplm/m/it/12 b\OT1/zplm/m/n/12 ) = (\OML/zplm/m/it/12 ^^L[] \OT1/zplm/m/n/12 +
 \OML/zplm/m/it/12 t[] \OMS/zplm/m/n/12 ^^@ []\OT1/zplm/m/n/12 )[](\OT1/pplx/m/
n/12 1 \OT1/zplm/m/n/12 + []) + (\OML/zplm/m/it/12 ^^L[] \OT1/zplm/m/n/12 + \OM
L/zplm/m/it/12 t[] \OMS/zplm/m/n/12 ^^@ []\OT1/zplm/m/n/12 )[](\OT1/pplx/m/n/12
 1 \OT1/zplm/m/n/12 + []) \OMS/zplm/m/n/12 ^^@ \OT1/zplm/m/n/12 (\OML/zplm/m/it
/12 ^^L[] \OMS/zplm/m/n/12 ^^@ []\OT1/zplm/m/n/12 )[](\OML/zplm/m/it/12 ^^L[] \
OT1/zplm/m/n/12 + \OML/zplm/m/it/12 t[] \OT1/zplm/m/n/12 + \OML/zplm/m/it/12 t[
] \OMS/zplm/m/n/12 ^^@ \OT1/pplx/m/n/12 1\OT1/zplm/m/n/12 )
 []


Underfull \hbox (badness 10000) in paragraph at lines 727--730

 []

[24]
Overfull \hbox (210.91464pt too wide) detected at line 740
[]
 []


Package natbib Warning: There were undefined citations.

[25]
Package atveryend Info: Empty hook `BeforeClearDocument' on input line 749.
 [26 <./Figs/try7-g.pdf>]
Package atveryend Info: Empty hook `AfterLastShipout' on input line 749.
 (./mkn-supplement.aux)
Package atveryend Info: Executing hook `AtVeryEndDocument' on input line 749.
Package atveryend Info: Executing hook `AtEndAfterFileList' on input line 749.


Package rerunfilecheck Warning: File `mkn-supplement.out' has changed.
(rerunfilecheck)                Rerun to get outlines right
(rerunfilecheck)                or use package `bookmark'.

Package rerunfilecheck Info: Checksums for `mkn-supplement.out':
(rerunfilecheck)             Before: D41D8CD98F00B204E9800998ECF8427E;0
(rerunfilecheck)             After:  76E6A9DEB0E609A634CB1C8C33F30890;1270.

LaTeX Font Warning: Some font shapes were not available, defaults substituted.


LaTeX Warning: Label(s) may have changed. Rerun to get cross-references right.

 ) 
Here is how much of TeX's memory you used:
 27864 strings out of 492649
 535072 string characters out of 6129622
 611730 words of memory out of 5000000
 31204 multiletter control sequences out of 15000+600000
 570059 words of font info for 122 fonts, out of 8000000 for 9000
 1141 hyphenation exceptions out of 8191
 67i,16n,64p,10432b,427s stack positions out of 5000i,500n,10000p,200000b,80000s
{/usr/local/texlive/2018/texmf-dist/fonts/enc/dvips/base/8r.enc}</usr/local/t
exlive/2018/texmf-dist/fonts/type1/public/amsfonts/cm/cmex10.pfb></usr/local/te
xlive/2018/texmf-dist/fonts/type1/public/amsfonts/cm/cmmi10.pfb></usr/local/tex
live/2018/texmf-dist/fonts/type1/public/amsfonts/cm/cmr10.pfb></usr/local/texli
ve/2018/texmf-dist/fonts/type1/public/amsfonts/cm/cmsy10.pfb></usr/local/texliv
e/2018/texmf-dist/fonts/type1/public/amsfonts/cm/cmtt12.pfb></usr/local/texlive
/2018/texmf-dist/fonts/type1/public/mathpazo/fplmr.pfb></usr/local/texlive/2018
/texmf-dist/fonts/type1/public/mathpazo/fplmri.pfb></usr/local/texlive/2018/tex
mf-dist/fonts/type1/public/fpl/fplrc8a.pfb></usr/local/texlive/2018/texmf-dist/
fonts/type1/urw/palatino/uplb8a.pfb></usr/local/texlive/2018/texmf-dist/fonts/t
ype1/urw/palatino/uplr8a.pfb></usr/local/texlive/2018/texmf-dist/fonts/type1/ur
w/palatino/uplri8a.pfb>
Output written on mkn-supplement.pdf (26 pages, 1300562 bytes).
PDF statistics:
 324 PDF objects out of 1000 (max. 8388607)
 243 compressed objects within 3 object streams
 78 named destinations out of 1000 (max. 500000)
 106 words of extra memory for PDF output out of 10000 (max. 10000000)

