This is pdfTeX, Version 3.14159265-2.6-1.40.20 (TeX Live 2019) (preloaded format=pdflatex 2019.4.10)  27 JUL 2020 10:02
entering extended mode
 restricted \write18 enabled.
 %&-line parsing enabled.
**mkkn-r1.tex
(./mkkn-r1.tex
LaTeX2e <2018-12-01>
(./imsart.cls
Document Class: imsart 2010/04/27 driver class for package imsart.sty
(/usr/local/texlive/2019/texmf-dist/tex/latex/base/article.cls
Document Class: article 2018/09/03 v1.4i Standard LaTeX document class
(/usr/local/texlive/2019/texmf-dist/tex/latex/base/leqno.clo
File: leqno.clo 2016/12/29 v1.2b Standard LaTeX option (left equation numbers)
)
(/usr/local/texlive/2019/texmf-dist/tex/latex/base/size11.clo
File: size11.clo 2018/09/03 v1.4i Standard LaTeX file (size option)
)
\c@part=\count80
\c@section=\count81
\c@subsection=\count82
\c@subsubsection=\count83
\c@paragraph=\count84
\c@subparagraph=\count85
\c@figure=\count86
\c@table=\count87
\abovecaptionskip=\skip41
\belowcaptionskip=\skip42
\bibindent=\dimen102
) (./imsart.sty
File: imsart.sty 2014/10/16IMS article style (VS)

No file imsart.cnf.
(/usr/local/texlive/2019/texmf-dist/tex/latex/base/leqno.clo
File: leqno.clo 2016/12/29 v1.2b Standard LaTeX option (left equation numbers)
)
\c@firstpage=\count88
\c@lastpage=\count89
\c@thanks=\count90
\c@addressref=\count91

(/usr/local/texlive/2019/texmf-dist/tex/latex/graphics/keyval.sty
Package: keyval 2014/10/28 v1.15 key=value parser (DPC)
\KV@toks@=\toks14
)
\c@emailref=\count92
\c@author=\count93
\c@address=\count94
\sv@mathsurround=\dimen103
\sv@parindent=\dimen104
\fm@box=\box27
\fm@size=\dimen105
\t@xtheight=\dimen106
\abstract@box=\box28
\keyword@box=\box29
\pre@kwd@depth=\dimen107
\keyword@toks=\toks15
\authors@list=\toks16
\keywords@list=\toks17

No file imsart-aoas.cnf.
)) (/usr/local/texlive/2019/texmf-dist/tex/latex/mdframed/mdframed.sty
Package: mdframed 2013/07/01 1.9b: mdframed

(/usr/local/texlive/2019/texmf-dist/tex/latex/oberdiek/kvoptions.sty
Package: kvoptions 2016/05/16 v3.12 Key value format for package options (HO)

(/usr/local/texlive/2019/texmf-dist/tex/generic/oberdiek/ltxcmds.sty
Package: ltxcmds 2016/05/16 v1.23 LaTeX kernel commands for general use (HO)
)
(/usr/local/texlive/2019/texmf-dist/tex/generic/oberdiek/kvsetkeys.sty
Package: kvsetkeys 2016/05/16 v1.17 Key value parser (HO)

(/usr/local/texlive/2019/texmf-dist/tex/generic/oberdiek/infwarerr.sty
Package: infwarerr 2016/05/16 v1.4 Providing info/warning/error messages (HO)
)
(/usr/local/texlive/2019/texmf-dist/tex/generic/oberdiek/etexcmds.sty
Package: etexcmds 2016/05/16 v1.6 Avoid name clashes with e-TeX commands (HO)

(/usr/local/texlive/2019/texmf-dist/tex/generic/oberdiek/ifluatex.sty
Package: ifluatex 2016/05/16 v1.4 Provides the ifluatex switch (HO)
Package ifluatex Info: LuaTeX not detected.
))))
(/usr/local/texlive/2019/texmf-dist/tex/latex/l3packages/xparse/xparse.sty
(/usr/local/texlive/2019/texmf-dist/tex/latex/l3kernel/expl3.sty
Package: expl3 2019-04-06 L3 programming layer (loader) 

(/usr/local/texlive/2019/texmf-dist/tex/latex/l3kernel/expl3-code.tex
Package: expl3 2019-04-06 L3 programming layer (code)
\c_max_int=\count95
\l_tmpa_int=\count96
\l_tmpb_int=\count97
\g_tmpa_int=\count98
\g_tmpb_int=\count99
\g__kernel_prg_map_int=\count100
\c__ior_term_ior=\count101
\c_log_iow=\count102
\l_iow_line_count_int=\count103
\l__iow_line_target_int=\count104
\l__iow_one_indent_int=\count105
\l__iow_indent_int=\count106
\c_zero_dim=\dimen108
\c_max_dim=\dimen109
\l_tmpa_dim=\dimen110
\l_tmpb_dim=\dimen111
\g_tmpa_dim=\dimen112
\g_tmpb_dim=\dimen113
\c_zero_skip=\skip43
\c_max_skip=\skip44
\l_tmpa_skip=\skip45
\l_tmpb_skip=\skip46
\g_tmpa_skip=\skip47
\g_tmpb_skip=\skip48
\c_zero_muskip=\muskip10
\c_max_muskip=\muskip11
\l_tmpa_muskip=\muskip12
\l_tmpb_muskip=\muskip13
\g_tmpa_muskip=\muskip14
\g_tmpb_muskip=\muskip15
\l_keys_choice_int=\count107
\l__intarray_loop_int=\count108
\c__intarray_sp_dim=\dimen114
\g__intarray_font_int=\count109
\c__fp_leading_shift_int=\count110
\c__fp_middle_shift_int=\count111
\c__fp_trailing_shift_int=\count112
\c__fp_big_leading_shift_int=\count113
\c__fp_big_middle_shift_int=\count114
\c__fp_big_trailing_shift_int=\count115
\c__fp_Bigg_leading_shift_int=\count116
\c__fp_Bigg_middle_shift_int=\count117
\c__fp_Bigg_trailing_shift_int=\count118
\c__kernel_randint_max_int=\count119
\g__fp_array_int=\count120
\l__fp_array_loop_int=\count121
\l__sort_length_int=\count122
\l__sort_min_int=\count123
\l__sort_top_int=\count124
\l__sort_max_int=\count125
\l__sort_true_max_int=\count126
\l__sort_block_int=\count127
\l__sort_begin_int=\count128
\l__sort_end_int=\count129
\l__sort_A_int=\count130
\l__sort_B_int=\count131
\l__sort_C_int=\count132
\l__tl_analysis_normal_int=\count133
\l__tl_analysis_index_int=\count134
\l__tl_analysis_nesting_int=\count135
\l__tl_analysis_type_int=\count136
\l__regex_internal_a_int=\count137
\l__regex_internal_b_int=\count138
\l__regex_internal_c_int=\count139
\l__regex_balance_int=\count140
\l__regex_group_level_int=\count141
\l__regex_mode_int=\count142
\c__regex_cs_in_class_mode_int=\count143
\c__regex_cs_mode_int=\count144
\l__regex_catcodes_int=\count145
\l__regex_default_catcodes_int=\count146
\c__regex_catcode_D_int=\count147
\c__regex_catcode_S_int=\count148
\c__regex_catcode_L_int=\count149
\c__regex_catcode_O_int=\count150
\c__regex_catcode_A_int=\count151
\c__regex_all_catcodes_int=\count152
\l__regex_show_lines_int=\count153
\l__regex_min_state_int=\count154
\l__regex_max_state_int=\count155
\l__regex_left_state_int=\count156
\l__regex_right_state_int=\count157
\l__regex_capturing_group_int=\count158
\l__regex_min_pos_int=\count159
\l__regex_max_pos_int=\count160
\l__regex_curr_pos_int=\count161
\l__regex_start_pos_int=\count162
\l__regex_success_pos_int=\count163
\l__regex_curr_char_int=\count164
\l__regex_curr_catcode_int=\count165
\l__regex_last_char_int=\count166
\l__regex_case_changed_char_int=\count167
\l__regex_curr_state_int=\count168
\l__regex_step_int=\count169
\l__regex_min_active_int=\count170
\l__regex_max_active_int=\count171
\l__regex_replacement_csnames_int=\count172
\l__regex_match_count_int=\count173
\l__regex_min_submatch_int=\count174
\l__regex_submatch_int=\count175
\l__regex_zeroth_submatch_int=\count176
\g__regex_trace_regex_int=\count177
\c_empty_box=\box30
\l_tmpa_box=\box31
\l_tmpb_box=\box32
\g_tmpa_box=\box33
\g_tmpb_box=\box34
\l__box_top_dim=\dimen115
\l__box_bottom_dim=\dimen116
\l__box_left_dim=\dimen117
\l__box_right_dim=\dimen118
\l__box_top_new_dim=\dimen119
\l__box_bottom_new_dim=\dimen120
\l__box_left_new_dim=\dimen121
\l__box_right_new_dim=\dimen122
\l__box_internal_box=\box35
\l__coffin_internal_box=\box36
\l__coffin_internal_dim=\dimen123
\l__coffin_offset_x_dim=\dimen124
\l__coffin_offset_y_dim=\dimen125
\l__coffin_x_dim=\dimen126
\l__coffin_y_dim=\dimen127
\l__coffin_x_prime_dim=\dimen128
\l__coffin_y_prime_dim=\dimen129
\c_empty_coffin=\box37
\l__coffin_aligned_coffin=\box38
\l__coffin_aligned_internal_coffin=\box39
\l_tmpa_coffin=\box40
\l_tmpb_coffin=\box41
\g_tmpa_coffin=\box42
\g_tmpb_coffin=\box43
\l__coffin_bounding_shift_dim=\dimen130
\l__coffin_left_corner_dim=\dimen131
\l__coffin_right_corner_dim=\dimen132
\l__coffin_bottom_corner_dim=\dimen133
\l__coffin_top_corner_dim=\dimen134
\l__coffin_scaled_total_height_dim=\dimen135
\l__coffin_scaled_width_dim=\dimen136
\c__coffin_empty_coffin=\box44
\l__coffin_display_coffin=\box45
\l__coffin_display_coord_coffin=\box46
\l__coffin_display_pole_coffin=\box47
\l__coffin_display_offset_dim=\dimen137
\l__coffin_display_x_dim=\dimen138
\l__coffin_display_y_dim=\dimen139
\g__file_internal_ior=\read1
\l__seq_internal_a_int=\count178
\l__seq_internal_b_int=\count179
\c__deprecation_minus_one=\count180
)
(/usr/local/texlive/2019/texmf-dist/tex/latex/l3kernel/l3pdfmode.def
File: l3pdfmode.def 2019-04-06 v L3 Experimental driver: PDF mode
\l__driver_color_stack_int=\count181
))
Package: xparse 2019-03-05 L3 Experimental document command parser
\l__xparse_current_arg_int=\count182
\g__xparse_grabber_int=\count183
\l__xparse_m_args_int=\count184
\l__xparse_v_nesting_int=\count185
)
(/usr/local/texlive/2019/texmf-dist/tex/latex/etoolbox/etoolbox.sty
Package: etoolbox 2018/08/19 v2.5f e-TeX tools for LaTeX (JAW)
\etb@tempcnta=\count186


Package etoolbox Warning: Patching '\begin' failed!
(etoolbox)                '\AtBeginEnvironment' will not work.


Package etoolbox Warning: Patching '\end' failed!
(etoolbox)                '\AtEndEnvironment' will not work.


Package etoolbox Warning: Patching '\end' failed!
(etoolbox)                '\AfterEndEnvironment' will not work.

) (/usr/local/texlive/2019/texmf-dist/tex/latex/oberdiek/zref-abspage.sty
Package: zref-abspage 2018/11/21 v2.27 Module abspage for zref (HO)

(/usr/local/texlive/2019/texmf-dist/tex/latex/oberdiek/zref-base.sty
Package: zref-base 2018/11/21 v2.27 Module base for zref (HO)

(/usr/local/texlive/2019/texmf-dist/tex/generic/oberdiek/kvdefinekeys.sty
Package: kvdefinekeys 2016/05/16 v1.4 Define keys (HO)
)
(/usr/local/texlive/2019/texmf-dist/tex/generic/oberdiek/pdftexcmds.sty
Package: pdftexcmds 2018/09/10 v0.29 Utility functions of pdfTeX for LuaTeX (HO
)

(/usr/local/texlive/2019/texmf-dist/tex/generic/oberdiek/ifpdf.sty
Package: ifpdf 2018/09/07 v3.3 Provides the ifpdf switch
)
Package pdftexcmds Info: LuaTeX not detected.
Package pdftexcmds Info: \pdf@primitive is available.
Package pdftexcmds Info: \pdf@ifprimitive is available.
Package pdftexcmds Info: \pdfdraftmode found.
)
(/usr/local/texlive/2019/texmf-dist/tex/latex/oberdiek/auxhook.sty
Package: auxhook 2016/05/16 v1.4 Hooks for auxiliary files (HO)
)
Package zref Info: New property list: main on input line 759.
Package zref Info: New property: default on input line 760.
Package zref Info: New property: page on input line 761.
)
(/usr/local/texlive/2019/texmf-dist/tex/generic/oberdiek/atbegshi.sty
Package: atbegshi 2016/06/09 v1.18 At begin shipout hook (HO)
)
\c@abspage=\count187
Package zref Info: New property: abspage on input line 62.
)
(/usr/local/texlive/2019/texmf-dist/tex/latex/needspace/needspace.sty
Package: needspace 2010/09/12 v1.3d reserve vertical space
)
(/usr/local/texlive/2019/texmf-dist/tex/latex/graphics/color.sty
Package: color 2016/07/10 v1.1e Standard LaTeX Color (DPC)

(/usr/local/texlive/2019/texmf-dist/tex/latex/graphics-cfg/color.cfg
File: color.cfg 2016/01/02 v1.6 sample color configuration
)
Package color Info: Driver file: pdftex.def on input line 147.

(/usr/local/texlive/2019/texmf-dist/tex/latex/graphics-def/pdftex.def
File: pdftex.def 2018/01/08 v1.0l Graphics/color driver for pdftex
))
\mdf@templength=\skip49
\c@mdf@globalstyle@cnt=\count188
\mdf@skipabove@length=\skip50
\mdf@skipbelow@length=\skip51
\mdf@leftmargin@length=\skip52
\mdf@rightmargin@length=\skip53
\mdf@innerleftmargin@length=\skip54
\mdf@innerrightmargin@length=\skip55
\mdf@innertopmargin@length=\skip56
\mdf@innerbottommargin@length=\skip57
\mdf@splittopskip@length=\skip58
\mdf@splitbottomskip@length=\skip59
\mdf@outermargin@length=\skip60
\mdf@innermargin@length=\skip61
\mdf@linewidth@length=\skip62
\mdf@innerlinewidth@length=\skip63
\mdf@middlelinewidth@length=\skip64
\mdf@outerlinewidth@length=\skip65
\mdf@roundcorner@length=\skip66
\mdf@footenotedistance@length=\skip67
\mdf@userdefinedwidth@length=\skip68
\mdf@needspace@length=\skip69
\mdf@frametitleaboveskip@length=\skip70
\mdf@frametitlebelowskip@length=\skip71
\mdf@frametitlerulewidth@length=\skip72
\mdf@frametitleleftmargin@length=\skip73
\mdf@frametitlerightmargin@length=\skip74
\mdf@shadowsize@length=\skip75
\mdf@extratopheight@length=\skip76
\mdf@subtitleabovelinewidth@length=\skip77
\mdf@subtitlebelowlinewidth@length=\skip78
\mdf@subtitleaboveskip@length=\skip79
\mdf@subtitlebelowskip@length=\skip80
\mdf@subtitleinneraboveskip@length=\skip81
\mdf@subtitleinnerbelowskip@length=\skip82
\mdf@subsubtitleabovelinewidth@length=\skip83
\mdf@subsubtitlebelowlinewidth@length=\skip84
\mdf@subsubtitleaboveskip@length=\skip85
\mdf@subsubtitlebelowskip@length=\skip86
\mdf@subsubtitleinneraboveskip@length=\skip87
\mdf@subsubtitleinnerbelowskip@length=\skip88

(/usr/local/texlive/2019/texmf-dist/tex/latex/pgf/frontendlayer/tikz.sty
(/usr/local/texlive/2019/texmf-dist/tex/latex/pgf/basiclayer/pgf.sty
(/usr/local/texlive/2019/texmf-dist/tex/latex/pgf/utilities/pgfrcs.sty
(/usr/local/texlive/2019/texmf-dist/tex/generic/pgf/utilities/pgfutil-common.te
x
\pgfutil@everybye=\toks18
\pgfutil@tempdima=\dimen140
\pgfutil@tempdimb=\dimen141

(/usr/local/texlive/2019/texmf-dist/tex/generic/pgf/utilities/pgfutil-common-li
sts.tex))
(/usr/local/texlive/2019/texmf-dist/tex/generic/pgf/utilities/pgfutil-latex.def
\pgfutil@abb=\box48
(/usr/local/texlive/2019/texmf-dist/tex/latex/ms/everyshi.sty
Package: everyshi 2001/05/15 v3.00 EveryShipout Package (MS)
))
(/usr/local/texlive/2019/texmf-dist/tex/generic/pgf/utilities/pgfrcs.code.tex
(/usr/local/texlive/2019/texmf-dist/tex/generic/pgf/pgf.revision.tex)
Package: pgfrcs 2019/02/02 v3.1.1 (3.1.1)
))
Package: pgf 2019/02/02 v3.1.1 (3.1.1)

(/usr/local/texlive/2019/texmf-dist/tex/latex/pgf/basiclayer/pgfcore.sty
(/usr/local/texlive/2019/texmf-dist/tex/latex/graphics/graphicx.sty
Package: graphicx 2017/06/01 v1.1a Enhanced LaTeX Graphics (DPC,SPQR)

(/usr/local/texlive/2019/texmf-dist/tex/latex/graphics/graphics.sty
Package: graphics 2017/06/25 v1.2c Standard LaTeX Graphics (DPC,SPQR)

(/usr/local/texlive/2019/texmf-dist/tex/latex/graphics/trig.sty
Package: trig 2016/01/03 v1.10 sin cos tan (DPC)
)
(/usr/local/texlive/2019/texmf-dist/tex/latex/graphics-cfg/graphics.cfg
File: graphics.cfg 2016/06/04 v1.11 sample graphics configuration
)
Package graphics Info: Driver file: pdftex.def on input line 99.
)
\Gin@req@height=\dimen142
\Gin@req@width=\dimen143
)
(/usr/local/texlive/2019/texmf-dist/tex/latex/pgf/systemlayer/pgfsys.sty
(/usr/local/texlive/2019/texmf-dist/tex/generic/pgf/systemlayer/pgfsys.code.tex
Package: pgfsys 2019/02/02 v3.1.1 (3.1.1)
(/usr/local/texlive/2019/texmf-dist/tex/generic/pgf/utilities/pgfkeys.code.tex
\pgfkeys@pathtoks=\toks19
\pgfkeys@temptoks=\toks20

(/usr/local/texlive/2019/texmf-dist/tex/generic/pgf/utilities/pgfkeysfiltered.c
ode.tex
\pgfkeys@tmptoks=\toks21
))
\pgf@x=\dimen144
\pgf@y=\dimen145
\pgf@xa=\dimen146
\pgf@ya=\dimen147
\pgf@xb=\dimen148
\pgf@yb=\dimen149
\pgf@xc=\dimen150
\pgf@yc=\dimen151
\w@pgf@writea=\write3
\r@pgf@reada=\read2
\c@pgf@counta=\count189
\c@pgf@countb=\count190
\c@pgf@countc=\count191
\c@pgf@countd=\count192
\t@pgf@toka=\toks22
\t@pgf@tokb=\toks23
\t@pgf@tokc=\toks24
\pgf@sys@id@count=\count193

(/usr/local/texlive/2019/texmf-dist/tex/generic/pgf/systemlayer/pgf.cfg
File: pgf.cfg 2019/02/02 v3.1.1 (3.1.1)
)
Driver file for pgf: pgfsys-pdftex.def

(/usr/local/texlive/2019/texmf-dist/tex/generic/pgf/systemlayer/pgfsys-pdftex.d
ef
File: pgfsys-pdftex.def 2019/02/02 v3.1.1 (3.1.1)

(/usr/local/texlive/2019/texmf-dist/tex/generic/pgf/systemlayer/pgfsys-common-p
df.def
File: pgfsys-common-pdf.def 2019/02/02 v3.1.1 (3.1.1)
)))
(/usr/local/texlive/2019/texmf-dist/tex/generic/pgf/systemlayer/pgfsyssoftpath.
code.tex
File: pgfsyssoftpath.code.tex 2019/02/02 v3.1.1 (3.1.1)
\pgfsyssoftpath@smallbuffer@items=\count194
\pgfsyssoftpath@bigbuffer@items=\count195
)
(/usr/local/texlive/2019/texmf-dist/tex/generic/pgf/systemlayer/pgfsysprotocol.
code.tex
File: pgfsysprotocol.code.tex 2019/02/02 v3.1.1 (3.1.1)
)) (/usr/local/texlive/2019/texmf-dist/tex/latex/xcolor/xcolor.sty
Package: xcolor 2016/05/11 v2.12 LaTeX color extensions (UK)

(/usr/local/texlive/2019/texmf-dist/tex/latex/graphics-cfg/color.cfg
File: color.cfg 2016/01/02 v1.6 sample color configuration
)
Package xcolor Info: Driver file: pdftex.def on input line 225.
LaTeX Info: Redefining \color on input line 709.
Package xcolor Info: Model `cmy' substituted by `cmy0' on input line 1348.
Package xcolor Info: Model `hsb' substituted by `rgb' on input line 1352.
Package xcolor Info: Model `RGB' extended on input line 1364.
Package xcolor Info: Model `HTML' substituted by `rgb' on input line 1366.
Package xcolor Info: Model `Hsb' substituted by `hsb' on input line 1367.
Package xcolor Info: Model `tHsb' substituted by `hsb' on input line 1368.
Package xcolor Info: Model `HSB' substituted by `hsb' on input line 1369.
Package xcolor Info: Model `Gray' substituted by `gray' on input line 1370.
Package xcolor Info: Model `wave' substituted by `hsb' on input line 1371.
)
(/usr/local/texlive/2019/texmf-dist/tex/generic/pgf/basiclayer/pgfcore.code.tex
Package: pgfcore 2019/02/02 v3.1.1 (3.1.1)
(/usr/local/texlive/2019/texmf-dist/tex/generic/pgf/math/pgfmath.code.tex
(/usr/local/texlive/2019/texmf-dist/tex/generic/pgf/math/pgfmathcalc.code.tex
(/usr/local/texlive/2019/texmf-dist/tex/generic/pgf/math/pgfmathutil.code.tex)
(/usr/local/texlive/2019/texmf-dist/tex/generic/pgf/math/pgfmathparser.code.tex
\pgfmath@dimen=\dimen152
\pgfmath@count=\count196
\pgfmath@box=\box49
\pgfmath@toks=\toks25
\pgfmath@stack@operand=\toks26
\pgfmath@stack@operation=\toks27
)
(/usr/local/texlive/2019/texmf-dist/tex/generic/pgf/math/pgfmathfunctions.code.
tex
(/usr/local/texlive/2019/texmf-dist/tex/generic/pgf/math/pgfmathfunctions.basic
.code.tex)
(/usr/local/texlive/2019/texmf-dist/tex/generic/pgf/math/pgfmathfunctions.trigo
nometric.code.tex)
(/usr/local/texlive/2019/texmf-dist/tex/generic/pgf/math/pgfmathfunctions.rando
m.code.tex)
(/usr/local/texlive/2019/texmf-dist/tex/generic/pgf/math/pgfmathfunctions.compa
rison.code.tex)
(/usr/local/texlive/2019/texmf-dist/tex/generic/pgf/math/pgfmathfunctions.base.
code.tex)
(/usr/local/texlive/2019/texmf-dist/tex/generic/pgf/math/pgfmathfunctions.round
.code.tex)
(/usr/local/texlive/2019/texmf-dist/tex/generic/pgf/math/pgfmathfunctions.misc.
code.tex)
(/usr/local/texlive/2019/texmf-dist/tex/generic/pgf/math/pgfmathfunctions.integ
erarithmetics.code.tex)))
(/usr/local/texlive/2019/texmf-dist/tex/generic/pgf/math/pgfmathfloat.code.tex
\c@pgfmathroundto@lastzeros=\count197
))
(/usr/local/texlive/2019/texmf-dist/tex/generic/pgf/basiclayer/pgfcorepoints.co
de.tex
File: pgfcorepoints.code.tex 2019/02/02 v3.1.1 (3.1.1)
\pgf@picminx=\dimen153
\pgf@picmaxx=\dimen154
\pgf@picminy=\dimen155
\pgf@picmaxy=\dimen156
\pgf@pathminx=\dimen157
\pgf@pathmaxx=\dimen158
\pgf@pathminy=\dimen159
\pgf@pathmaxy=\dimen160
\pgf@xx=\dimen161
\pgf@xy=\dimen162
\pgf@yx=\dimen163
\pgf@yy=\dimen164
\pgf@zx=\dimen165
\pgf@zy=\dimen166
)
(/usr/local/texlive/2019/texmf-dist/tex/generic/pgf/basiclayer/pgfcorepathconst
ruct.code.tex
File: pgfcorepathconstruct.code.tex 2019/02/02 v3.1.1 (3.1.1)
\pgf@path@lastx=\dimen167
\pgf@path@lasty=\dimen168
)
(/usr/local/texlive/2019/texmf-dist/tex/generic/pgf/basiclayer/pgfcorepathusage
.code.tex
File: pgfcorepathusage.code.tex 2019/02/02 v3.1.1 (3.1.1)
\pgf@shorten@end@additional=\dimen169
\pgf@shorten@start@additional=\dimen170
)
(/usr/local/texlive/2019/texmf-dist/tex/generic/pgf/basiclayer/pgfcorescopes.co
de.tex
File: pgfcorescopes.code.tex 2019/02/02 v3.1.1 (3.1.1)
\pgfpic=\box50
\pgf@hbox=\box51
\pgf@layerbox@main=\box52
\pgf@picture@serial@count=\count198
)
(/usr/local/texlive/2019/texmf-dist/tex/generic/pgf/basiclayer/pgfcoregraphicst
ate.code.tex
File: pgfcoregraphicstate.code.tex 2019/02/02 v3.1.1 (3.1.1)
\pgflinewidth=\dimen171
)
(/usr/local/texlive/2019/texmf-dist/tex/generic/pgf/basiclayer/pgfcoretransform
ations.code.tex
File: pgfcoretransformations.code.tex 2019/02/02 v3.1.1 (3.1.1)
\pgf@pt@x=\dimen172
\pgf@pt@y=\dimen173
\pgf@pt@temp=\dimen174
)
(/usr/local/texlive/2019/texmf-dist/tex/generic/pgf/basiclayer/pgfcorequick.cod
e.tex
File: pgfcorequick.code.tex 2019/02/02 v3.1.1 (3.1.1)
)
(/usr/local/texlive/2019/texmf-dist/tex/generic/pgf/basiclayer/pgfcoreobjects.c
ode.tex
File: pgfcoreobjects.code.tex 2019/02/02 v3.1.1 (3.1.1)
)
(/usr/local/texlive/2019/texmf-dist/tex/generic/pgf/basiclayer/pgfcorepathproce
ssing.code.tex
File: pgfcorepathprocessing.code.tex 2019/02/02 v3.1.1 (3.1.1)
)
(/usr/local/texlive/2019/texmf-dist/tex/generic/pgf/basiclayer/pgfcorearrows.co
de.tex
File: pgfcorearrows.code.tex 2019/02/02 v3.1.1 (3.1.1)
\pgfarrowsep=\dimen175
)
(/usr/local/texlive/2019/texmf-dist/tex/generic/pgf/basiclayer/pgfcoreshade.cod
e.tex
File: pgfcoreshade.code.tex 2019/02/02 v3.1.1 (3.1.1)
\pgf@max=\dimen176
\pgf@sys@shading@range@num=\count199
)
(/usr/local/texlive/2019/texmf-dist/tex/generic/pgf/basiclayer/pgfcoreimage.cod
e.tex
File: pgfcoreimage.code.tex 2019/02/02 v3.1.1 (3.1.1)

(/usr/local/texlive/2019/texmf-dist/tex/generic/pgf/basiclayer/pgfcoreexternal.
code.tex
File: pgfcoreexternal.code.tex 2019/02/02 v3.1.1 (3.1.1)
\pgfexternal@startupbox=\box53
))
(/usr/local/texlive/2019/texmf-dist/tex/generic/pgf/basiclayer/pgfcorelayers.co
de.tex
File: pgfcorelayers.code.tex 2019/02/02 v3.1.1 (3.1.1)
)
(/usr/local/texlive/2019/texmf-dist/tex/generic/pgf/basiclayer/pgfcoretranspare
ncy.code.tex
File: pgfcoretransparency.code.tex 2019/02/02 v3.1.1 (3.1.1)
)
(/usr/local/texlive/2019/texmf-dist/tex/generic/pgf/basiclayer/pgfcorepatterns.
code.tex
File: pgfcorepatterns.code.tex 2019/02/02 v3.1.1 (3.1.1)
)
(/usr/local/texlive/2019/texmf-dist/tex/generic/pgf/basiclayer/pgfcorerdf.code.
tex
File: pgfcorerdf.code.tex 2019/02/02 v3.1.1 (3.1.1)
)))
(/usr/local/texlive/2019/texmf-dist/tex/generic/pgf/modules/pgfmoduleshapes.cod
e.tex
File: pgfmoduleshapes.code.tex 2019/02/02 v3.1.1 (3.1.1)
\pgfnodeparttextbox=\box54
)
(/usr/local/texlive/2019/texmf-dist/tex/generic/pgf/modules/pgfmoduleplot.code.
tex
File: pgfmoduleplot.code.tex 2019/02/02 v3.1.1 (3.1.1)
)
(/usr/local/texlive/2019/texmf-dist/tex/latex/pgf/compatibility/pgfcomp-version
-0-65.sty
Package: pgfcomp-version-0-65 2019/02/02 v3.1.1 (3.1.1)
\pgf@nodesepstart=\dimen177
\pgf@nodesepend=\dimen178
)
(/usr/local/texlive/2019/texmf-dist/tex/latex/pgf/compatibility/pgfcomp-version
-1-18.sty
Package: pgfcomp-version-1-18 2019/02/02 v3.1.1 (3.1.1)
))
(/usr/local/texlive/2019/texmf-dist/tex/latex/pgf/utilities/pgffor.sty
(/usr/local/texlive/2019/texmf-dist/tex/latex/pgf/utilities/pgfkeys.sty
(/usr/local/texlive/2019/texmf-dist/tex/generic/pgf/utilities/pgfkeys.code.tex)
) (/usr/local/texlive/2019/texmf-dist/tex/latex/pgf/math/pgfmath.sty
(/usr/local/texlive/2019/texmf-dist/tex/generic/pgf/math/pgfmath.code.tex))
(/usr/local/texlive/2019/texmf-dist/tex/generic/pgf/utilities/pgffor.code.tex
Package: pgffor 2019/02/02 v3.1.1 (3.1.1)

(/usr/local/texlive/2019/texmf-dist/tex/generic/pgf/math/pgfmath.code.tex)
\pgffor@iter=\dimen179
\pgffor@skip=\dimen180
\pgffor@stack=\toks28
\pgffor@toks=\toks29
))
(/usr/local/texlive/2019/texmf-dist/tex/generic/pgf/frontendlayer/tikz/tikz.cod
e.tex
Package: tikz 2019/02/02 v3.1.1 (3.1.1)

(/usr/local/texlive/2019/texmf-dist/tex/generic/pgf/libraries/pgflibraryplothan
dlers.code.tex
File: pgflibraryplothandlers.code.tex 2019/02/02 v3.1.1 (3.1.1)
\pgf@plot@mark@count=\count266
\pgfplotmarksize=\dimen181
)
\tikz@lastx=\dimen182
\tikz@lasty=\dimen183
\tikz@lastxsaved=\dimen184
\tikz@lastysaved=\dimen185
\tikzleveldistance=\dimen186
\tikzsiblingdistance=\dimen187
\tikz@figbox=\box55
\tikz@figbox@bg=\box56
\tikz@tempbox=\box57
\tikz@tempbox@bg=\box58
\tikztreelevel=\count267
\tikznumberofchildren=\count268
\tikznumberofcurrentchild=\count269
\tikz@fig@count=\count270

(/usr/local/texlive/2019/texmf-dist/tex/generic/pgf/modules/pgfmodulematrix.cod
e.tex
File: pgfmodulematrix.code.tex 2019/02/02 v3.1.1 (3.1.1)
\pgfmatrixcurrentrow=\count271
\pgfmatrixcurrentcolumn=\count272
\pgf@matrix@numberofcolumns=\count273
)
\tikz@expandcount=\count274

(/usr/local/texlive/2019/texmf-dist/tex/generic/pgf/frontendlayer/tikz/librarie
s/tikzlibrarytopaths.code.tex
File: tikzlibrarytopaths.code.tex 2019/02/02 v3.1.1 (3.1.1)
)))
(/usr/local/texlive/2019/texmf-dist/tex/latex/mdframed/md-frame-1.mdf
File: md-frame-1.mdf 2013/07/01\ 1.9b: md-frame-1
)
\mdf@frametitlebox=\box59
\mdf@footnotebox=\box60
\mdf@splitbox@one=\box61
\mdf@splitbox@two=\box62
\mdf@splitbox@save=\box63
\mdfsplitboxwidth=\skip89
\mdfsplitboxtotalwidth=\skip90
\mdfsplitboxheight=\skip91
\mdfsplitboxdepth=\skip92
\mdfsplitboxtotalheight=\skip93
\mdfframetitleboxwidth=\skip94
\mdfframetitleboxtotalwidth=\skip95
\mdfframetitleboxheight=\skip96
\mdfframetitleboxdepth=\skip97
\mdfframetitleboxtotalheight=\skip98
\mdffootnoteboxwidth=\skip99
\mdffootnoteboxtotalwidth=\skip100
\mdffootnoteboxheight=\skip101
\mdffootnoteboxdepth=\skip102
\mdffootnoteboxtotalheight=\skip103
\mdftotallinewidth=\skip104
\mdfboundingboxwidth=\skip105
\mdfboundingboxtotalwidth=\skip106
\mdfboundingboxheight=\skip107
\mdfboundingboxdepth=\skip108
\mdfboundingboxtotalheight=\skip109
\mdf@freevspace@length=\skip110
\mdf@horizontalwidthofbox@length=\skip111
\mdf@verticalmarginwhole@length=\skip112
\mdf@horizontalspaceofbox=\skip113
\mdfsubtitleheight=\skip114
\mdfsubsubtitleheight=\skip115
\c@mdfcountframes=\count275

****** mdframed patching \endmdf@trivlist

****** -- success******

\mdf@envdepth=\count276
\c@mdf@env@i=\count277
\c@mdf@env@ii=\count278
\c@mdf@zref@counter=\count279
Package zref Info: New property: mdf@pagevalue on input line 895.
)
(/usr/local/texlive/2019/texmf-dist/tex/latex/base/fontenc.sty
Package: fontenc 2018/08/11 v2.0j Standard LaTeX package

(/usr/local/texlive/2019/texmf-dist/tex/latex/base/ot1enc.def
File: ot1enc.def 2018/08/11 v2.0j Standard LaTeX file
LaTeX Font Info:    Redeclaring font encoding OT1 on input line 48.
))
(/usr/local/texlive/2019/texmf-dist/tex/latex/base/inputenc.sty
Package: inputenc 2018/08/11 v1.3c Input encoding file
\inpenc@prehook=\toks30
\inpenc@posthook=\toks31

(/usr/local/texlive/2019/texmf-dist/tex/latex/ucs/utf8x.def
File: utf8x.def 2004/10/17 UCS: Input encoding UTF-8
))
(/usr/local/texlive/2019/texmf-dist/tex/latex/ucs/ucs.sty
Package: ucs 2013/05/11 v2.2 UCS: Unicode input support

(/usr/local/texlive/2019/texmf-dist/tex/latex/ucs/data/uni-global.def
File: uni-global.def 2013/05/13 UCS: Unicode global data
)
\uc@secondtry=\count280
\uc@combtoks=\toks32
\uc@combtoksb=\toks33
\uc@temptokena=\toks34
)
(/usr/local/texlive/2019/texmf-dist/tex/latex/amscls/amsthm.sty
Package: amsthm 2017/10/31 v2.20.4
\thm@style=\toks35
\thm@bodyfont=\toks36
\thm@headfont=\toks37
\thm@notefont=\toks38
\thm@headpunct=\toks39
\thm@preskip=\skip116
\thm@postskip=\skip117
\thm@headsep=\skip118
\dth@everypar=\toks40
)
(/usr/local/texlive/2019/texmf-dist/tex/latex/amsmath/amsmath.sty
Package: amsmath 2018/12/01 v2.17b AMS math features
\@mathmargin=\skip119

For additional information on amsmath, use the `?' option.
(/usr/local/texlive/2019/texmf-dist/tex/latex/amsmath/amstext.sty
Package: amstext 2000/06/29 v2.01 AMS text

(/usr/local/texlive/2019/texmf-dist/tex/latex/amsmath/amsgen.sty
File: amsgen.sty 1999/11/30 v2.0 generic functions
\@emptytoks=\toks41
\ex@=\dimen188
))
(/usr/local/texlive/2019/texmf-dist/tex/latex/amsmath/amsbsy.sty
Package: amsbsy 1999/11/29 v1.2d Bold Symbols
\pmbraise@=\dimen189
)
(/usr/local/texlive/2019/texmf-dist/tex/latex/amsmath/amsopn.sty
Package: amsopn 2016/03/08 v2.02 operator names
)
\inf@bad=\count281
LaTeX Info: Redefining \frac on input line 223.
\uproot@=\count282
\leftroot@=\count283
LaTeX Info: Redefining \overline on input line 385.
\classnum@=\count284
\DOTSCASE@=\count285
LaTeX Info: Redefining \ldots on input line 482.
LaTeX Info: Redefining \dots on input line 485.
LaTeX Info: Redefining \cdots on input line 606.
\Mathstrutbox@=\box64
\strutbox@=\box65
\big@size=\dimen190
LaTeX Font Info:    Redeclaring font encoding OML on input line 729.
LaTeX Font Info:    Redeclaring font encoding OMS on input line 730.
\macc@depth=\count286
\c@MaxMatrixCols=\count287
\dotsspace@=\muskip16
\c@parentequation=\count288
\dspbrk@lvl=\count289
\tag@help=\toks42
\row@=\count290
\column@=\count291
\maxfields@=\count292
\andhelp@=\toks43
\eqnshift@=\dimen191
\alignsep@=\dimen192
\tagshift@=\dimen193
\tagwidth@=\dimen194
\totwidth@=\dimen195
\lineht@=\dimen196
\@envbody=\toks44
\multlinegap=\skip120
\multlinetaggap=\skip121
\mathdisplay@stack=\toks45
LaTeX Info: Redefining \[ on input line 2844.
LaTeX Info: Redefining \] on input line 2845.
)
(/usr/local/texlive/2019/texmf-dist/tex/latex/natbib/natbib.sty
Package: natbib 2010/09/13 8.31b (PWD, AO)
\bibhang=\skip122
\bibsep=\skip123
LaTeX Info: Redefining \cite on input line 694.
\c@NAT@ctr=\count293
)
(/usr/local/texlive/2019/texmf-dist/tex/latex/hyperref/hyperref.sty
Package: hyperref 2018/11/30 v6.88e Hypertext links for LaTeX

(/usr/local/texlive/2019/texmf-dist/tex/generic/oberdiek/hobsub-hyperref.sty
Package: hobsub-hyperref 2016/05/16 v1.14 Bundle oberdiek, subset hyperref (HO)


(/usr/local/texlive/2019/texmf-dist/tex/generic/oberdiek/hobsub-generic.sty
Package: hobsub-generic 2016/05/16 v1.14 Bundle oberdiek, subset generic (HO)
Package: hobsub 2016/05/16 v1.14 Construct package bundles (HO)
Package hobsub Info: Skipping package `infwarerr' (already loaded).
Package hobsub Info: Skipping package `ltxcmds' (already loaded).
Package hobsub Info: Skipping package `ifluatex' (already loaded).
Package: ifvtex 2016/05/16 v1.6 Detect VTeX and its facilities (HO)
Package ifvtex Info: VTeX not detected.
Package: intcalc 2016/05/16 v1.2 Expandable calculations with integers (HO)
Package hobsub Info: Skipping package `ifpdf' (already loaded).
Package hobsub Info: Skipping package `etexcmds' (already loaded).
Package hobsub Info: Skipping package `kvsetkeys' (already loaded).
Package hobsub Info: Skipping package `kvdefinekeys' (already loaded).
Package hobsub Info: Skipping package `pdftexcmds' (already loaded).
Package: pdfescape 2016/05/16 v1.14 Implements pdfTeX's escape features (HO)
Package: bigintcalc 2016/05/16 v1.4 Expandable calculations on big integers (HO
)
Package: bitset 2016/05/16 v1.2 Handle bit-vector datatype (HO)
Package: uniquecounter 2016/05/16 v1.3 Provide unlimited unique counter (HO)
)
Package hobsub Info: Skipping package `hobsub' (already loaded).
Package: letltxmacro 2016/05/16 v1.5 Let assignment for LaTeX macros (HO)
Package: hopatch 2016/05/16 v1.3 Wrapper for package hooks (HO)
Package: xcolor-patch 2016/05/16 xcolor patch
Package: atveryend 2016/05/16 v1.9 Hooks at the very end of document (HO)
Package atveryend Info: \old@enddocument detected (standard20110627).
Package hobsub Info: Skipping package `atbegshi' (already loaded).
Package: refcount 2016/05/16 v3.5 Data extraction from label references (HO)
Package: hycolor 2016/05/16 v1.8 Color options for hyperref/bookmark (HO)
)
(/usr/local/texlive/2019/texmf-dist/tex/generic/ifxetex/ifxetex.sty
Package: ifxetex 2010/09/12 v0.6 Provides ifxetex conditional
)
\@linkdim=\dimen197
\Hy@linkcounter=\count294
\Hy@pagecounter=\count295

(/usr/local/texlive/2019/texmf-dist/tex/latex/hyperref/pd1enc.def
File: pd1enc.def 2018/11/30 v6.88e Hyperref: PDFDocEncoding definition (HO)
)
\Hy@SavedSpaceFactor=\count296

(/usr/local/texlive/2019/texmf-dist/tex/latex/latexconfig/hyperref.cfg
File: hyperref.cfg 2002/06/06 v1.2 hyperref configuration of TeXLive
)
Package hyperref Info: Option `colorlinks' set `true' on input line 4393.


Package hyperref Warning: Option `pagecolor' is not available anymore.

Package hyperref Info: Option `linktocpage' set `true' on input line 4393.
Package hyperref Info: Option `colorlinks' set `true' on input line 4393.
Package hyperref Info: Hyper figures OFF on input line 4519.
Package hyperref Info: Link nesting OFF on input line 4524.
Package hyperref Info: Hyper index ON on input line 4527.
Package hyperref Info: Plain pages OFF on input line 4534.
Package hyperref Info: Backreferencing OFF on input line 4539.
Package hyperref Info: Implicit mode ON; LaTeX internals redefined.
Package hyperref Info: Bookmarks ON on input line 4772.
\c@Hy@tempcnt=\count297
(/usr/local/texlive/2019/texmf-dist/tex/latex/url/url.sty
\Urlmuskip=\muskip17
Package: url 2013/09/16  ver 3.4  Verb mode for urls, etc.
)
LaTeX Info: Redefining \url on input line 5125.
\XeTeXLinkMargin=\dimen198
\Fld@menulength=\count298
\Field@Width=\dimen199
\Fld@charsize=\dimen256
Package hyperref Info: Hyper figures OFF on input line 6380.
Package hyperref Info: Link nesting OFF on input line 6385.
Package hyperref Info: Hyper index ON on input line 6388.
Package hyperref Info: backreferencing OFF on input line 6395.
Package hyperref Info: Link coloring ON on input line 6398.
Package hyperref Info: Link coloring with OCG OFF on input line 6405.
Package hyperref Info: PDF/A mode OFF on input line 6410.
LaTeX Info: Redefining \ref on input line 6450.
LaTeX Info: Redefining \pageref on input line 6454.
\Hy@abspage=\count299
\c@Item=\count300
\c@Hfootnote=\count301
)
Package hyperref Info: Driver (autodetected): hpdftex.

(/usr/local/texlive/2019/texmf-dist/tex/latex/hyperref/hpdftex.def
File: hpdftex.def 2018/11/30 v6.88e Hyperref driver for pdfTeX
\HyAnn@Count=\count302
\Fld@listcount=\count303
\c@bookmark@seq@number=\count304

(/usr/local/texlive/2019/texmf-dist/tex/latex/oberdiek/rerunfilecheck.sty
Package: rerunfilecheck 2016/05/16 v1.8 Rerun checks for auxiliary files (HO)
Package uniquecounter Info: New unique counter `rerunfilecheck' on input line 2
82.
)
\Hy@SectionHShift=\skip124
)
(/usr/local/texlive/2019/texmf-dist/tex/latex/psnfss/mathpazo.sty
Package: mathpazo 2005/04/12 PSNFSS-v9.2a Palatino w/ Pazo Math (D.Puga, WaS) 
\symupright=\mathgroup4
)
(/usr/local/texlive/2019/texmf-dist/tex/latex/wrapfig/wrapfig.sty
\wrapoverhang=\dimen257
\WF@size=\dimen258
\c@WF@wrappedlines=\count305
\WF@box=\box66
\WF@everypar=\toks46
Package: wrapfig 2003/01/31  v 3.6
)
(/usr/local/texlive/2019/texmf-dist/tex/latex/doublestroke/dsfont.sty
Package: dsfont 1995/08/01 v0.1 Double stroke roman fonts
)
(/usr/local/texlive/2019/texmf-dist/tex/latex/caption/caption.sty
Package: caption 2018/10/06 v3.3-154 Customizing captions (AR)

(/usr/local/texlive/2019/texmf-dist/tex/latex/caption/caption3.sty
Package: caption3 2018/09/12 v1.8c caption3 kernel (AR)
Package caption3 Info: TeX engine: e-TeX on input line 64.
\captionmargin=\dimen259
\captionmargin@=\dimen260
\captionwidth=\dimen261
\caption@tempdima=\dimen262
\caption@indent=\dimen263
\caption@parindent=\dimen264
\caption@hangindent=\dimen265
Package caption Info: Unknown document class (or package),
(caption)             standard defaults will be used.
)

Package caption Warning: Unsupported document class (or package) detected,
(caption)                usage of the caption package is not recommended.
See the caption package documentation for explanation.

Package caption Info: \@makecaption = \long macro:#1#2->\vskip \abovecaptionski
p \figurecaption@size \sbox \@tempboxa {{\figurename@size #1}\figurename@skip #
2}\ifdim \wd \@tempboxa >\hsize {\figurename@size #1}\figurename@skip #2\par \e
lse \global \@minipagefalse \hb@xt@ \hsize {\hfil \box \@tempboxa \hfil }\fi \v
skip \belowcaptionskip .
\c@caption@flags=\count306
\c@ContinuedFloat=\count307
Package caption Info: hyperref package is loaded.
Package caption Info: wrapfig package is loaded.
) (/usr/local/texlive/2019/texmf-dist/tex/latex/base/flafter.sty
Package: flafter 2018/11/28 v1.4d Standard LaTeX floats after reference (FMi)
Applying: [2015/01/01] float order in 2-column on input line 49.
Already applied: [0000/00/00] float order in 2-column on input line 151.
)
(/usr/local/texlive/2019/texmf-dist/tex/latex/placeins/placeins.sty
Package: placeins 2005/04/18  v 2.2
)
(/usr/local/texlive/2019/texmf-dist/tex/latex/booktabs/booktabs.sty
Package: booktabs 2016/04/27 v1.618033 publication quality tables
\heavyrulewidth=\dimen266
\lightrulewidth=\dimen267
\cmidrulewidth=\dimen268
\belowrulesep=\dimen269
\belowbottomsep=\dimen270
\aboverulesep=\dimen271
\abovetopsep=\dimen272
\cmidrulesep=\dimen273
\cmidrulekern=\dimen274
\defaultaddspace=\dimen275
\@cmidla=\count308
\@cmidlb=\count309
\@aboverulesep=\dimen276
\@belowrulesep=\dimen277
\@thisruleclass=\count310
\@lastruleclass=\count311
\@thisrulewidth=\dimen278
)
(/usr/local/texlive/2019/texmf-dist/tex/latex/algorithms/algorithm.sty
Package: algorithm 2009/08/24 v0.1 Document Style `algorithm' - floating enviro
nment

(/usr/local/texlive/2019/texmf-dist/tex/latex/float/float.sty
Package: float 2001/11/08 v1.3d Float enhancements (AL)
\c@float@type=\count312
\float@exts=\toks47
\float@box=\box67
\@float@everytoks=\toks48
\@floatcapt=\box68
)
(/usr/local/texlive/2019/texmf-dist/tex/latex/base/ifthen.sty
Package: ifthen 2014/09/29 v1.1c Standard LaTeX ifthen package (DPC)
)
\@float@every@algorithm=\toks49
\c@algorithm=\count313
)
(/usr/local/texlive/2019/texmf-dist/tex/latex/eqparbox/eqparbox.sty
Package: eqparbox 2017/09/03 v4.1 Create equal-widthed boxes
\eqp@tempdima=\skip125
\eqp@tempdimb=\skip126

(/usr/local/texlive/2019/texmf-dist/tex/latex/tools/array.sty
Package: array 2018/12/30 v2.4k Tabular extension package (FMi)
\col@sep=\dimen279
\ar@mcellbox=\box69
\extrarowheight=\dimen280
\NC@list=\toks50
\extratabsurround=\skip127
\backup@length=\skip128
\ar@cellbox=\box70
)
\eqp@tabular@box=\box71
\eqp@list@box=\box72
\eqp@list@indent=\skip129

(/usr/local/texlive/2019/texmf-dist/tex/latex/environ/environ.sty
Package: environ 2014/05/04 v0.3 A new way to define environments

(/usr/local/texlive/2019/texmf-dist/tex/latex/trimspaces/trimspaces.sty
Package: trimspaces 2009/09/17 v1.1 Trim spaces around a token list
)))
(/usr/local/texlive/2019/texmf-dist/tex/latex/algorithmicx/algpseudocode.sty
Package: algpseudocode 

(/usr/local/texlive/2019/texmf-dist/tex/latex/algorithmicx/algorithmicx.sty
Package: algorithmicx 2005/04/27 v1.2 Algorithmicx

Document Style algorithmicx 1.2 - a greatly improved `algorithmic' style
\c@ALG@line=\count314
\c@ALG@rem=\count315
\c@ALG@nested=\count316
\ALG@tlm=\skip130
\ALG@thistlm=\skip131
\c@ALG@Lnr=\count317
\c@ALG@blocknr=\count318
\c@ALG@storecount=\count319
\c@ALG@tmpcounter=\count320
\ALG@tmplength=\skip132
)
Document Style - pseudocode environments for use with the `algorithmicx' style
) (/usr/local/texlive/2019/texmf-dist/tex/latex/todonotes/todonotes.sty
Package: todonotes 2019/01/24 v1.1.2 Todonotes source and documentation.
Package: todonotes 2018/11/22

(/usr/local/texlive/2019/texmf-dist/tex/latex/xkeyval/xkeyval.sty
Package: xkeyval 2014/12/03 v2.7a package option processing (HA)

(/usr/local/texlive/2019/texmf-dist/tex/generic/xkeyval/xkeyval.tex
(/usr/local/texlive/2019/texmf-dist/tex/generic/xkeyval/xkvutils.tex
\XKV@toks=\toks51
\XKV@tempa@toks=\toks52
)
\XKV@depth=\count321
File: xkeyval.tex 2014/12/03 v2.7a key=value parser (HA)
))
(/usr/local/texlive/2019/texmf-dist/tex/generic/pgf/frontendlayer/tikz/librarie
s/tikzlibrarypositioning.code.tex
File: tikzlibrarypositioning.code.tex 2019/02/02 v3.1.1 (3.1.1)
)
(/usr/local/texlive/2019/texmf-dist/tex/generic/pgf/frontendlayer/tikz/librarie
s/tikzlibraryshadows.code.tex
File: tikzlibraryshadows.code.tex 2019/02/02 v3.1.1 (3.1.1)

(/usr/local/texlive/2019/texmf-dist/tex/generic/pgf/frontendlayer/tikz/librarie
s/tikzlibraryfadings.code.tex
File: tikzlibraryfadings.code.tex 2019/02/02 v3.1.1 (3.1.1)

(/usr/local/texlive/2019/texmf-dist/tex/generic/pgf/libraries/pgflibraryfadings
.code.tex
File: pgflibraryfadings.code.tex 2019/02/02 v3.1.1 (3.1.1)
))) (/usr/local/texlive/2019/texmf-dist/tex/latex/tools/calc.sty
Package: calc 2017/05/25 v4.3 Infix arithmetic (KKT,FJ)
\calc@Acount=\count322
\calc@Bcount=\count323
\calc@Adimen=\dimen281
\calc@Bdimen=\dimen282
\calc@Askip=\skip133
\calc@Bskip=\skip134
LaTeX Info: Redefining \setlength on input line 80.
LaTeX Info: Redefining \addtolength on input line 81.
\calc@Ccount=\count324
\calc@Cskip=\skip135
)
\c@@todonotes@numberoftodonotes=\count325
)
\c@lemma=\count326
\c@theorem=\count327
\c@prop=\count328

(./mkkn-r1.aux

LaTeX Warning: Label `t1thanks' multiply defined.


LaTeX Warning: Label `t2thanks' multiply defined.


LaTeX Warning: Label `k1thanks' multiply defined.


LaTeX Warning: Label `k2thanks' multiply defined.

)
\openout1 = `mkkn-r1.aux'.

LaTeX Font Info:    Checking defaults for OML/cmm/m/it on input line 60.
LaTeX Font Info:    ... okay on input line 60.
LaTeX Font Info:    Checking defaults for T1/cmr/m/n on input line 60.
LaTeX Font Info:    ... okay on input line 60.
LaTeX Font Info:    Checking defaults for OT1/cmr/m/n on input line 60.
LaTeX Font Info:    ... okay on input line 60.
LaTeX Font Info:    Checking defaults for OMS/cmsy/m/n on input line 60.
LaTeX Font Info:    ... okay on input line 60.
LaTeX Font Info:    Checking defaults for OMX/cmex/m/n on input line 60.
LaTeX Font Info:    ... okay on input line 60.
LaTeX Font Info:    Checking defaults for U/cmr/m/n on input line 60.
LaTeX Font Info:    ... okay on input line 60.
LaTeX Font Info:    Checking defaults for PD1/pdf/m/n on input line 60.
LaTeX Font Info:    ... okay on input line 60.
LaTeX Font Info:    Try loading font information for OT1+pplx on input line 60.

 (/usr/local/texlive/2019/texmf-dist/tex/latex/psnfss/ot1pplx.fd
File: ot1pplx.fd 2004/09/06 font definitions for OT1/pplx.
)
\AtBeginShipoutBox=\box73

(/usr/local/texlive/2019/texmf-dist/tex/context/base/mkii/supp-pdf.mkii
[Loading MPS to PDF converter (version 2006.09.02).]
\scratchcounter=\count329
\scratchdimen=\dimen283
\scratchbox=\box74
\nofMPsegments=\count330
\nofMParguments=\count331
\everyMPshowfont=\toks53
\MPscratchCnt=\count332
\MPscratchDim=\dimen284
\MPnumerator=\count333
\makeMPintoPDFobject=\count334
\everyMPtoPDFconversion=\toks54
) (/usr/local/texlive/2019/texmf-dist/tex/latex/oberdiek/epstopdf-base.sty
Package: epstopdf-base 2016/05/15 v2.6 Base part for package epstopdf

(/usr/local/texlive/2019/texmf-dist/tex/latex/oberdiek/grfext.sty
Package: grfext 2016/05/16 v1.2 Manage graphics extensions (HO)
)
Package epstopdf-base Info: Redefining graphics rule for `.eps' on input line 4
38.
Package grfext Info: Graphics extension search list:
(grfext)             [.pdf,.png,.jpg,.mps,.jpeg,.jbig2,.jb2,.PDF,.PNG,.JPG,.JPE
G,.JBIG2,.JB2,.eps]
(grfext)             \AppendGraphicsExtensions on input line 456.

(/usr/local/texlive/2019/texmf-dist/tex/latex/latexconfig/epstopdf-sys.cfg
File: epstopdf-sys.cfg 2010/07/13 v1.3 Configuration of (r)epstopdf for TeX Liv
e
))
ABD: EveryShipout initializing macros
(/usr/local/texlive/2019/texmf-dist/tex/latex/ucs/ucsencs.def
File: ucsencs.def 2011/01/21 Fixes to fontencodings LGR, T3
)
Package hyperref Info: Link coloring ON on input line 60.

(/usr/local/texlive/2019/texmf-dist/tex/latex/hyperref/nameref.sty
Package: nameref 2016/05/21 v2.44 Cross-referencing by name of section

(/usr/local/texlive/2019/texmf-dist/tex/generic/oberdiek/gettitlestring.sty
Package: gettitlestring 2016/05/16 v1.5 Cleanup title references (HO)
)
\c@section@level=\count335
)
LaTeX Info: Redefining \ref on input line 60.
LaTeX Info: Redefining \pageref on input line 60.
LaTeX Info: Redefining \nameref on input line 60.

(./mkkn-r1.out) (./mkkn-r1.out)
\@outlinefile=\write4
\openout4 = `mkkn-r1.out'.

Package caption Info: Begin \AtBeginDocument code.
Package caption Info: float package is loaded.
Package caption Info: End \AtBeginDocument code.
LaTeX Font Info:    Font shape `OT1/pplx/bx/n' in size <10.95> not available
(Font)              Font shape `OT1/pplx/b/n' tried instead on input line 64.
LaTeX Font Info:    Try loading font information for OML+zplm on input line 64.


(/usr/local/texlive/2019/texmf-dist/tex/latex/psnfss/omlzplm.fd
File: omlzplm.fd 2002/09/08 Fontinst v1.914 font definitions for OML/zplm.
)
LaTeX Font Info:    Try loading font information for OMS+zplm on input line 64.


(/usr/local/texlive/2019/texmf-dist/tex/latex/psnfss/omszplm.fd
File: omszplm.fd 2002/09/08 Fontinst v1.914 font definitions for OMS/zplm.
)
LaTeX Font Info:    Try loading font information for OMX+zplm on input line 64.


(/usr/local/texlive/2019/texmf-dist/tex/latex/psnfss/omxzplm.fd
File: omxzplm.fd 2002/09/08 Fontinst v1.914 font definitions for OMX/zplm.
)
LaTeX Font Info:    Try loading font information for OT1+zplm on input line 64.


(/usr/local/texlive/2019/texmf-dist/tex/latex/psnfss/ot1zplm.fd
File: ot1zplm.fd 2002/09/08 Fontinst v1.914 font definitions for OT1/zplm.
)
LaTeX Font Info:    Try loading font information for OMS+pplx on input line 68.

LaTeX Font Info:    No file OMSpplx.fd. on input line 68.


LaTeX Font Warning: Font shape `OMS/pplx/m/n' undefined
(Font)              using `OMS/cmsy/m/n' instead
(Font)              for symbol `textasteriskcentered' on input line 68.

\@address@1=\toks55
\@address@2=\toks56
\@address@3=\toks57

Overfull \hbox (11.94576pt too wide) in paragraph at lines 111--126
 \OT1/pplx/m/n/9 dis-tri-bu-tion of single-cell ex-pres-sion, we in-tro-duce an
 em-pir-i-cal Bayesian 
 []


Overfull \hbox (13.0887pt too wide) in paragraph at lines 111--126
 \OT1/pplx/m/n/9 of nu-mer-i-cal ex-per-i-ments. The pro-posed ap-proach lever-
ages cell-subtype 
 []

[1{/usr/local/texlive/2019/texmf-var/fonts/map/pdftex/updmap/pdftex.map}

]
[2]
<Figs/Fig1.png, id=199, 629.35126pt x 477.785pt>
File: Figs/Fig1.png Graphic file (type png)
<use Figs/Fig1.png>
Package pdftex.def Info: Figs/Fig1.png  used on input line 229.
(pdftex.def)             Requested size: 360.0pt x 273.30261pt.
LaTeX Font Info:    Font shape `OT1/pplx/bx/n' in size <9> not available
(Font)              Font shape `OT1/pplx/b/n' tried instead on input line 242.
 [3] [4 <./Figs/Fig1.png>] [5] [6]
<Figs/schematic-1.png, id=261, 1541.76pt x 770.88pt>
File: Figs/schematic-1.png Graphic file (type png)
<use Figs/schematic-1.png>
Package pdftex.def Info: Figs/schematic-1.png  used on input line 386.
(pdftex.def)             Requested size: 360.0pt x 179.99232pt.


LaTeX Warning: `!h' float specifier changed to `!ht'.

[7]
Overfull \hbox (18.41515pt too wide) in paragraph at lines 422--425
[][][]\OT1/pplx/m/sc/10.95 Theorem \OT1/pplx/m/n/10.95 1\OT1/pplx/m/sc/10.95 . 
[]\OT1/pplx/m/it/10.95 Let $\OML/zplm/m/it/10.95 C[] \OT1/zplm/m/n/10.95 = \OML
/zplm/m/it/10.95 A[] \OMS/zplm/m/n/10.95 \ \OML/zplm/m/it/10.95 M[]$\OT1/pplx/m
/it/10.95 . For par-ti-tions $\OML/zplm/m/it/10.95 ^^Y[] \OMS/zplm/m/n/10.95 6\
OT1/zplm/m/n/10.95 = \OML/zplm/m/it/10.95 ^^Y[]$\OT1/pplx/m/it/10.95 , [].
 []


Overfull \hbox (3.02478pt too wide) in paragraph at lines 436--445
\OT1/pplx/m/n/10.95 large-scale test-ing ([][]Efron[][] ([][]2007[][]); [][]Mu-
ralid-ha-ran[][] ([][]2010[][]); [][]New-ton et al.[][] ([][]2004[][])).
 []

[8 <./Figs/schematic-1.png>]
<Figs/dag.png, id=288, 1027.84pt x 770.88pt>
File: Figs/dag.png Graphic file (type png)
<use Figs/dag.png>
Package pdftex.def Info: Figs/dag.png  used on input line 447.
(pdftex.def)             Requested size: 361.34999pt x 193.92429pt.

Overfull \hbox (1.34999pt too wide) in paragraph at lines 447--452
 [][] 
 []


Overfull \hbox (2.21275pt too wide) in paragraph at lines 456--462
[]\OT1/pplx/m/n/10.95 Key to com-put-ing the gene-specific lo-cal false dis-cov
-ery rate $\OML/zplm/m/it/10.95 P\OT1/zplm/m/n/10.95 ([][]\OMS/zplm/m/n/10.95 j
\OML/zplm/m/it/10.95 X\OT1/pplx/m/n/10.95 , \OML/zplm/m/it/10.95 y\OT1/zplm/m/n
/10.95 )$
 []

[9 <./Figs/dag.png>]
Package hyperref Info: bookmark level for unknown algorithm defaults to 0 on in
put line 507.
 [10] [11]

Package hyperref Warning: Token not allowed in a PDF string (PDFDocEncoding):
(hyperref)                removing `math shift' on input line 581.


Package hyperref Warning: Token not allowed in a PDF string (PDFDocEncoding):
(hyperref)                removing `subscript' on input line 581.


Package hyperref Warning: Token not allowed in a PDF string (PDFDocEncoding):
(hyperref)                removing `\pi' on input line 581.


Package hyperref Warning: Token not allowed in a PDF string (PDFDocEncoding):
(hyperref)                removing `math shift' on input line 581.


Overfull \hbox (32.90495pt too wide) in paragraph at lines 624--630
\OT1/pplx/m/n/10.95 Mix-ing over $\OML/zplm/m/it/10.95 ^^Y$ \OT1/pplx/m/n/10.95
 as in ([][]6[][]), we write $\OT1/zplm/m/n/10.95 (\OML/zplm/m/it/10.95 ^^^\OT1
/pplx/m/n/10.95 , \OML/zplm/m/it/10.95  \OT1/zplm/m/n/10.95 ) \OMS/zplm/m/n/10.
95 ^^X [] [] \OT1/pplx/m/n/10.95 .$ 
 []

[12]
Overfull \hbox (11.99883pt too wide) in alignment at lines 664--673
 [][][] []
 []


Overfull \hbox (55.95021pt too wide) in alignment at lines 677--685
 [][][] []
 []


Overfull \hbox (50.2934pt too wide) in alignment at lines 714--723
 [][][] []
 []

[13]
Overfull \hbox (14.05144pt too wide) in paragraph at lines 723--727
\OT1/pplx/m/n/10.95 which cor-re-sponds to Dirichlet-multinomial pre-dic-tive d
is-tri-bu-tion for counts
 []


Package hyperref Warning: Token not allowed in a PDF string (PDFDocEncoding):
(hyperref)                removing `math shift' on input line 772.


Package hyperref Warning: Token not allowed in a PDF string (PDFDocEncoding):
(hyperref)                removing `subscript' on input line 772.


Package hyperref Warning: Token not allowed in a PDF string (PDFDocEncoding):
(hyperref)                removing `\pi' on input line 772.


Package hyperref Warning: Token not allowed in a PDF string (PDFDocEncoding):
(hyperref)                removing `math shift' on input line 772.

[14]
Overfull \hbox (0.60483pt too wide) in paragraph at lines 784--785
\OT1/pplx/m/n/10.95 These as-sump-tions im-ply a use-ful fac-tor-iza-tion margi
nally to la-tent means, 
 []


Overfull \hbox (6.68182pt too wide) in paragraph at lines 788--798
\OT1/pplx/m/n/10.95 where $\OML/zplm/m/it/10.95 f$ \OT1/pplx/m/n/10.95 is a cus
-tomized den-sity ker-nel. In our case we use [][]\OT1/cmtt/m/n/10.95 EBseq []\
OT1/pplx/m/n/10.95 from ([][]Leng
 []

[15]
<Figs/simuTPR.pdf, id=393, 722.7pt x 433.62pt>
File: Figs/simuTPR.pdf Graphic file (type pdf)
<use Figs/simuTPR.pdf>
Package pdftex.def Info: Figs/simuTPR.pdf  used on input line 828.
(pdftex.def)             Requested size: 341.9989pt x 205.19751pt.
<Figs/simuFDR.pdf, id=394, 722.7pt x 433.62pt>
File: Figs/simuFDR.pdf Graphic file (type pdf)
<use Figs/simuFDR.pdf>
Package pdftex.def Info: Figs/simuFDR.pdf  used on input line 839.
(pdftex.def)             Requested size: 341.9989pt x 205.19751pt.
 [16 <./Figs/simuTPR.pdf>]
Overfull \hbox (2.70686pt too wide) in paragraph at lines 847--859
\OT1/pplx/m/n/10.95 ously pub-lished data sets that are recorded at [][]\OT1/cm
tt/m/n/10.95 conquer []\OT1/pplx/m/n/10.95 ([][]Sone-son and Robin-
 []

<Figs/DD95.pdf, id=412, 722.7pt x 433.62pt>
File: Figs/DD95.pdf Graphic file (type pdf)
<use Figs/DD95.pdf>
Package pdftex.def Info: Figs/DD95.pdf  used on input line 862.
(pdftex.def)             Requested size: 341.9989pt x 205.19751pt.
[17 <./Figs/simuFDR.pdf>]
<Figs/fdrCounts.pdf, id=428, 578.16pt x 361.35pt>
File: Figs/fdrCounts.pdf Graphic file (type pdf)
<use Figs/fdrCounts.pdf>
Package pdftex.def Info: Figs/fdrCounts.pdf  used on input line 877.
(pdftex.def)             Requested size: 288.0011pt x 179.99637pt.
 [18 <./Figs/DD95.pdf> <./Figs/fdrCounts.pdf>]
<Figs/shift.pdf, id=452, 650.43pt x 216.81pt>
File: Figs/shift.pdf Graphic file (type pdf)
<use Figs/shift.pdf>
Package pdftex.def Info: Figs/shift.pdf  used on input line 898.
(pdftex.def)             Requested size: 323.9978pt x 108.00111pt.

[19 <./Figs/shift.pdf>]
<Figs/D3E_box.pdf, id=474, 505.89pt x 505.89pt>
File: Figs/D3E_box.pdf Graphic file (type pdf)
<use Figs/D3E_box.pdf>
Package pdftex.def Info: Figs/D3E_box.pdf  used on input line 951.
(pdftex.def)             Requested size: 306.0022pt x 306.00648pt.
 [20 <./Figs/D3E_box.pdf>] [21]
! Undefined control sequence.
l.1046 ...} \cap \mathcal{R}_{0.05} \cap \mathcalU
                                                  }_{0.05}|$ & $N_g$   \\
? 
! Extra }, or forgotten $.
l.1046 ... \cap \mathcal{R}_{0.05} \cap \mathcalU}
                                                  _{0.05}|$ & $N_g$   \\
? 

Overfull \hbox (6.97914pt too wide) in paragraph at lines 1059--1063
 \OT1/pplx/m/n/10.95 3.5.3.\OT1/pplx/m/it/10.95 clustering method.[][] \OT1/ppl
x/m/n/10.95 We use dis-tance based clus-ter-ing method, where
 []

! Undefined control sequence.
l.1085 We also run \texttt{scDDboost} with \textt
                                                 {sc3} on null case data set...

? 
[22] [23]
Overfull \hbox (4.08498pt too wide) in paragraph at lines 1156--1165
[][][]\OT1/cmtt/m/n/10.95 EBSeq []\OT1/pplx/m/n/10.95 cur-rently presents a com
-pu-ta-tional bot-tle-neck for [][]\OT1/cmtt/m/n/10.95 scDDboost[]\OT1/pplx/m/n
/10.95 , since
 []

[24]
Overfull \hbox (27.13661pt too wide) in paragraph at lines 1170--1173
\OT1/pplx/m/n/10.95 tional In-sti-tutes of Health grants P50 DE026787, P30CA145
20-45, R01 GM102756,
 []

(./mkkn-r1.bbl

! Package xkeyval Error: `Bacher2016' undefined in families `bid'.

See the xkeyval package documentation for explanation.
Type  H <return>  for immediate help.
 ...                                              
                                                  
l.30 \bid{Bacher2016}
                     
? 

! Package xkeyval Error: `Chen2018' undefined in families `bid'.

See the xkeyval package documentation for explanation.
Type  H <return>  for immediate help.
 ...                                              
                                                  
l.69 \bid{Chen2018}
                   
? 

! Package xkeyval Error: `Chu2016' undefined in families `bid'.

See the xkeyval package documentation for explanation.
Type  H <return>  for immediate help.
 ...                                              
                                                  
l.92 \bid{Chu2016}
                  
? 

! Package xkeyval Error: `Delmans2016' undefined in families `bid'.

See the xkeyval package documentation for explanation.
Type  H <return>  for immediate help.
 ...                                              
                                                  
l.148 \bid{Delmans2016}
                       
? 
[25]

! Package xkeyval Error: `Finak2015' undefined in families `bid'.

See the xkeyval package documentation for explanation.
Type  H <return>  for immediate help.
 ...                                              
                                                  
l.238 \bid{Finak2015}
                     
? 

! Package xkeyval Error: `Huang2018' undefined in families `bid'.

See the xkeyval package documentation for explanation.
Type  H <return>  for immediate help.
 ...                                              
                                                  
l.316 \bid{Huang2018}
                     
? 

! Package xkeyval Error: `Korthauer2016' undefined in families `bid'.

See the xkeyval package documentation for explanation.
Type  H <return>  for immediate help.
 ...                                              
                                                  
l.432 \bid{Korthauer2016}
                         
? 
(/usr/local/texlive/2019/texmf-dist/tex/latex/ucs/data/uni-3.def
File: uni-3.def 2013/05/13 UCS: Unicode data U+0300..U+03FF
)
! Undefined control sequence.
\u-default-954 #1->\textkappa 
                              
l.451   to Dynamic Patterns of NF-B Activation}
                                                 .
? 
[26]

! Package xkeyval Error: `Lin2017' undefined in families `bid'.

See the xkeyval package documentation for explanation.
Type  H <return>  for immediate help.
 ...                                              
                                                  
l.526 \bid{Lin2017}
                   
? 

! Package xkeyval Error: `Love2014' undefined in families `bid'.

See the xkeyval package documentation for explanation.
Type  H <return>  for immediate help.
 ...                                              
                                                  
l.554 \bid{Love2014}
                    
? 

! Package xkeyval Error: `Pierson2015' undefined in families `bid'.

See the xkeyval package documentation for explanation.
Type  H <return>  for immediate help.
 ...                                              
                                                  
l.681 \bid{Pierson2015}
                       
? 
[27]
Underfull \hbox (badness 2221) in paragraph at lines 817--836
[]\OT1/pplx/m/sc/9 Trapnell, C.\OT1/pplx/m/n/9 , \OT1/pplx/m/sc/9 Cac-chiarelli
, D.\OT1/pplx/m/n/9 , \OT1/pplx/m/sc/9 Grimsby, J.\OT1/pplx/m/n/9 , \OT1/pplx/m
/sc/9 Pokharel, P.\OT1/pplx/m/n/9 , \OT1/pplx/m/sc/9 Li, S.\OT1/pplx/m/n/9 , \O
T1/pplx/m/sc/9 Morse, M.\OT1/pplx/m/n/9 ,
 []


! Package xkeyval Error: `Zappia2017' undefined in families `bid'.

See the xkeyval package documentation for explanation.
Type  H <return>  for immediate help.
 ...                                              
                                                  
l.887 \bid{Zappia2017}
                      
? 
) [28]
Overfull \hbox (6.77095pt too wide) in paragraph at lines 1228--1244
 []\OT1/pplx/m/it/10.95 Randomizing dis-tances for ap-prox-i-mate pos-te-rior i
n-fer-ence. \OT1/pplx/m/n/10.95 One way to frame
 []

[29] [30]
Underfull \hbox (badness 10000) in paragraph at lines 1328--1328
[]|[][]\OT1/pplx/m/n/6 Darmanis et al.[][]
 []


Overfull \hbox (43.833pt too wide) in paragraph at lines 1314--1330
 [][] 
 []

[31] [32] [33

]
Package atveryend Info: Empty hook `BeforeClearDocument' on input line 1371.
Package atveryend Info: Empty hook `AfterLastShipout' on input line 1371.
 (./mkkn-r1.aux)
Package atveryend Info: Executing hook `AtVeryEndDocument' on input line 1371.
Package atveryend Info: Executing hook `AtEndAfterFileList' on input line 1371.

Package rerunfilecheck Info: File `mkkn-r1.out' has not changed.
(rerunfilecheck)             Checksum: 05E52BB3CCE1DF5FD1D13FF81F357551;1327.


LaTeX Font Warning: Some font shapes were not available, defaults substituted.


LaTeX Warning: There were multiply-defined labels.

Package atveryend Info: Empty hook `AtVeryVeryEnd' on input line 1371.
 ) 
Here is how much of TeX's memory you used:
 31314 strings out of 492623
 583970 string characters out of 6129552
 658450 words of memory out of 5000000
 34537 multiletter control sequences out of 15000+600000
 574139 words of font info for 127 fonts, out of 8000000 for 9000
 1141 hyphenation exceptions out of 8191
 67i,13n,81p,1527b,563s stack positions out of 5000i,500n,10000p,200000b,80000s
{/usr/local/texlive/2019/texmf-dist/fonts/enc/dvips/base/8r.enc}</usr/local/t
exlive/2019/texmf-dist/fonts/type1/public/amsfonts/cm/cmex10.pfb></usr/local/te
xlive/2019/texmf-dist/fonts/type1/public/amsfonts/cm/cmmi10.pfb></usr/local/tex
live/2019/texmf-dist/fonts/type1/public/amsfonts/cm/cmr10.pfb></usr/local/texli
ve/2019/texmf-dist/fonts/type1/public/amsfonts/cm/cmsy10.pfb></usr/local/texliv
e/2019/texmf-dist/fonts/type1/public/amsfonts/cm/cmsy8.pfb></usr/local/texlive/
2019/texmf-dist/fonts/type1/public/amsfonts/cm/cmtt10.pfb></usr/local/texlive/2
019/texmf-dist/fonts/type1/public/amsfonts/cm/cmtt9.pfb></usr/local/texlive/201
9/texmf-dist/fonts/type1/public/mathpazo/fplmr.pfb></usr/local/texlive/2019/tex
mf-dist/fonts/type1/public/mathpazo/fplmri.pfb></usr/local/texlive/2019/texmf-d
ist/fonts/type1/public/fpl/fplrc8a.pfb></usr/local/texlive/2019/texmf-dist/font
s/type1/urw/palatino/uplb8a.pfb></usr/local/texlive/2019/texmf-dist/fonts/type1
/urw/palatino/uplr8a.pfb></usr/local/texlive/2019/texmf-dist/fonts/type1/urw/pa
latino/uplri8a.pfb>
Output written on mkkn-r1.pdf (33 pages, 739420 bytes).
PDF statistics:
 705 PDF objects out of 1000 (max. 8388607)
 613 compressed objects within 7 object streams
 159 named destinations out of 1000 (max. 500000)
 328 words of extra memory for PDF output out of 10000 (max. 10000000)

