This is pdfTeX, Version 3.14159265-2.6-1.40.21 (TeX Live 2020) (preloaded format=pdflatex 2020.4.7)  16 NOV 2020 10:36
entering extended mode
 restricted \write18 enabled.
 %&-line parsing enabled.
**mkkn-r2-supplement.tex
(./mkkn-r2-supplement.tex
LaTeX2e <2020-02-02> patch level 5
L3 programming layer <2020-03-06> (./imsart.cls
Document Class: imsart 2010/04/27 driver class for package imsart.sty
(/usr/local/texlive/2020/texmf-dist/tex/latex/base/article.cls
Document Class: article 2019/12/20 v1.4l Standard LaTeX document class
(/usr/local/texlive/2020/texmf-dist/tex/latex/base/leqno.clo
File: leqno.clo 2016/12/29 v1.2b Standard LaTeX option (left equation numbers)
)
(/usr/local/texlive/2020/texmf-dist/tex/latex/base/size11.clo
File: size11.clo 2019/12/20 v1.4l Standard LaTeX file (size option)
)
\c@part=\count167
\c@section=\count168
\c@subsection=\count169
\c@subsubsection=\count170
\c@paragraph=\count171
\c@subparagraph=\count172
\c@figure=\count173
\c@table=\count174
\abovecaptionskip=\skip47
\belowcaptionskip=\skip48
\bibindent=\dimen134
) (./imsart.sty
File: imsart.sty 2014/10/16IMS article style (VS)

No file imsart.cnf.
(/usr/local/texlive/2020/texmf-dist/tex/latex/base/leqno.clo
File: leqno.clo 2016/12/29 v1.2b Standard LaTeX option (left equation numbers)
)
\c@firstpage=\count175
\c@lastpage=\count176
\c@thanks=\count177
\c@addressref=\count178

(/usr/local/texlive/2020/texmf-dist/tex/latex/graphics/keyval.sty
Package: keyval 2014/10/28 v1.15 key=value parser (DPC)
\KV@toks@=\toks15
)
\c@emailref=\count179
\c@author=\count180
\c@address=\count181
\sv@mathsurround=\dimen135
\sv@parindent=\dimen136
\fm@box=\box45
\fm@size=\dimen137
\t@xtheight=\dimen138
\abstract@box=\box46
\keyword@box=\box47
\pre@kwd@depth=\dimen139
\keyword@toks=\toks16
\authors@list=\toks17
\keywords@list=\toks18

No file imsart-aoas.cnf.
)) (/usr/local/texlive/2020/texmf-dist/tex/latex/mdframed/mdframed.sty
Package: mdframed 2013/07/01 1.9b: mdframed

(/usr/local/texlive/2020/texmf-dist/tex/latex/kvoptions/kvoptions.sty
Package: kvoptions 2019/11/29 v3.13 Key value format for package options (HO)

(/usr/local/texlive/2020/texmf-dist/tex/generic/ltxcmds/ltxcmds.sty
Package: ltxcmds 2019/12/15 v1.24 LaTeX kernel commands for general use (HO)
)
(/usr/local/texlive/2020/texmf-dist/tex/generic/kvsetkeys/kvsetkeys.sty
Package: kvsetkeys 2019/12/15 v1.18 Key value parser (HO)
))
(/usr/local/texlive/2020/texmf-dist/tex/latex/l3packages/xparse/xparse.sty
(/usr/local/texlive/2020/texmf-dist/tex/latex/l3kernel/expl3.sty
Package: expl3 2020-03-06 L3 programming layer (loader) 

(/usr/local/texlive/2020/texmf-dist/tex/latex/l3backend/l3backend-pdfmode.def
File: l3backend-pdfmode.def 2020-03-12 L3 backend support: PDF mode
\l__kernel_color_stack_int=\count182
\l__pdf_internal_box=\box48
))
Package: xparse 2020-03-06 L3 Experimental document command parser
\l__xparse_current_arg_int=\count183
\g__xparse_grabber_int=\count184
\l__xparse_m_args_int=\count185
\l__xparse_v_nesting_int=\count186
) (/usr/local/texlive/2020/texmf-dist/tex/latex/etoolbox/etoolbox.sty
Package: etoolbox 2019/09/21 v2.5h e-TeX tools for LaTeX (JAW)
\etb@tempcnta=\count187
)
(/usr/local/texlive/2020/texmf-dist/tex/latex/zref/zref-abspage.sty
Package: zref-abspage 2020-03-03 v2.29 Module abspage for zref (HO)

(/usr/local/texlive/2020/texmf-dist/tex/latex/zref/zref-base.sty
Package: zref-base 2020-03-03 v2.29 Module base for zref (HO)

(/usr/local/texlive/2020/texmf-dist/tex/generic/infwarerr/infwarerr.sty
Package: infwarerr 2019/12/03 v1.5 Providing info/warning/error messages (HO)
)
(/usr/local/texlive/2020/texmf-dist/tex/generic/kvdefinekeys/kvdefinekeys.sty
Package: kvdefinekeys 2019-12-19 v1.6 Define keys (HO)
)
(/usr/local/texlive/2020/texmf-dist/tex/latex/pdftexcmds/pdftexcmds.sty
Package: pdftexcmds 2019/11/24 v0.31 Utility functions of pdfTeX for LuaTeX (HO
)

(/usr/local/texlive/2020/texmf-dist/tex/generic/iftex/iftex.sty
Package: iftex 2020/03/06 v1.0d TeX engine tests
)
Package pdftexcmds Info: \pdf@primitive is available.
Package pdftexcmds Info: \pdf@ifprimitive is available.
Package pdftexcmds Info: \pdfdraftmode found.
)
(/usr/local/texlive/2020/texmf-dist/tex/generic/etexcmds/etexcmds.sty
Package: etexcmds 2019/12/15 v1.7 Avoid name clashes with e-TeX commands (HO)
)
(/usr/local/texlive/2020/texmf-dist/tex/latex/auxhook/auxhook.sty
Package: auxhook 2019-12-17 v1.6 Hooks for auxiliary files (HO)
)
Package zref Info: New property list: main on input line 763.
Package zref Info: New property: default on input line 764.
Package zref Info: New property: page on input line 765.
)
(/usr/local/texlive/2020/texmf-dist/tex/generic/atbegshi/atbegshi.sty
Package: atbegshi 2019/12/05 v1.19 At begin shipout hook (HO)
)
\c@abspage=\count188
Package zref Info: New property: abspage on input line 66.
)
(/usr/local/texlive/2020/texmf-dist/tex/latex/needspace/needspace.sty
Package: needspace 2010/09/12 v1.3d reserve vertical space
)
(/usr/local/texlive/2020/texmf-dist/tex/latex/graphics/color.sty
Package: color 2019/11/23 v1.2a Standard LaTeX Color (DPC)

(/usr/local/texlive/2020/texmf-dist/tex/latex/graphics-cfg/color.cfg
File: color.cfg 2016/01/02 v1.6 sample color configuration
)
Package color Info: Driver file: pdftex.def on input line 147.

(/usr/local/texlive/2020/texmf-dist/tex/latex/graphics-def/pdftex.def
File: pdftex.def 2018/01/08 v1.0l Graphics/color driver for pdftex
))
\mdf@templength=\skip49
\c@mdf@globalstyle@cnt=\count189
\mdf@skipabove@length=\skip50
\mdf@skipbelow@length=\skip51
\mdf@leftmargin@length=\skip52
\mdf@rightmargin@length=\skip53
\mdf@innerleftmargin@length=\skip54
\mdf@innerrightmargin@length=\skip55
\mdf@innertopmargin@length=\skip56
\mdf@innerbottommargin@length=\skip57
\mdf@splittopskip@length=\skip58
\mdf@splitbottomskip@length=\skip59
\mdf@outermargin@length=\skip60
\mdf@innermargin@length=\skip61
\mdf@linewidth@length=\skip62
\mdf@innerlinewidth@length=\skip63
\mdf@middlelinewidth@length=\skip64
\mdf@outerlinewidth@length=\skip65
\mdf@roundcorner@length=\skip66
\mdf@footenotedistance@length=\skip67
\mdf@userdefinedwidth@length=\skip68
\mdf@needspace@length=\skip69
\mdf@frametitleaboveskip@length=\skip70
\mdf@frametitlebelowskip@length=\skip71
\mdf@frametitlerulewidth@length=\skip72
\mdf@frametitleleftmargin@length=\skip73
\mdf@frametitlerightmargin@length=\skip74
\mdf@shadowsize@length=\skip75
\mdf@extratopheight@length=\skip76
\mdf@subtitleabovelinewidth@length=\skip77
\mdf@subtitlebelowlinewidth@length=\skip78
\mdf@subtitleaboveskip@length=\skip79
\mdf@subtitlebelowskip@length=\skip80
\mdf@subtitleinneraboveskip@length=\skip81
\mdf@subtitleinnerbelowskip@length=\skip82
\mdf@subsubtitleabovelinewidth@length=\skip83
\mdf@subsubtitlebelowlinewidth@length=\skip84
\mdf@subsubtitleaboveskip@length=\skip85
\mdf@subsubtitlebelowskip@length=\skip86
\mdf@subsubtitleinneraboveskip@length=\skip87
\mdf@subsubtitleinnerbelowskip@length=\skip88

(/usr/local/texlive/2020/texmf-dist/tex/latex/pgf/frontendlayer/tikz.sty
(/usr/local/texlive/2020/texmf-dist/tex/latex/pgf/basiclayer/pgf.sty
(/usr/local/texlive/2020/texmf-dist/tex/latex/pgf/utilities/pgfrcs.sty
(/usr/local/texlive/2020/texmf-dist/tex/generic/pgf/utilities/pgfutil-common.te
x
\pgfutil@everybye=\toks19
\pgfutil@tempdima=\dimen140
\pgfutil@tempdimb=\dimen141

(/usr/local/texlive/2020/texmf-dist/tex/generic/pgf/utilities/pgfutil-common-li
sts.tex))
(/usr/local/texlive/2020/texmf-dist/tex/generic/pgf/utilities/pgfutil-latex.def
\pgfutil@abb=\box49
(/usr/local/texlive/2020/texmf-dist/tex/latex/ms/everyshi.sty
Package: everyshi 2001/05/15 v3.00 EveryShipout Package (MS)
))
(/usr/local/texlive/2020/texmf-dist/tex/generic/pgf/utilities/pgfrcs.code.tex
(/usr/local/texlive/2020/texmf-dist/tex/generic/pgf/pgf.revision.tex)
Package: pgfrcs 2020/01/08 v3.1.5b (3.1.5b)
))
Package: pgf 2020/01/08 v3.1.5b (3.1.5b)

(/usr/local/texlive/2020/texmf-dist/tex/latex/pgf/basiclayer/pgfcore.sty
(/usr/local/texlive/2020/texmf-dist/tex/latex/graphics/graphicx.sty
Package: graphicx 2019/11/30 v1.2a Enhanced LaTeX Graphics (DPC,SPQR)

(/usr/local/texlive/2020/texmf-dist/tex/latex/graphics/graphics.sty
Package: graphics 2019/11/30 v1.4a Standard LaTeX Graphics (DPC,SPQR)

(/usr/local/texlive/2020/texmf-dist/tex/latex/graphics/trig.sty
Package: trig 2016/01/03 v1.10 sin cos tan (DPC)
)
(/usr/local/texlive/2020/texmf-dist/tex/latex/graphics-cfg/graphics.cfg
File: graphics.cfg 2016/06/04 v1.11 sample graphics configuration
)
Package graphics Info: Driver file: pdftex.def on input line 105.
)
\Gin@req@height=\dimen142
\Gin@req@width=\dimen143
)
(/usr/local/texlive/2020/texmf-dist/tex/latex/pgf/systemlayer/pgfsys.sty
(/usr/local/texlive/2020/texmf-dist/tex/generic/pgf/systemlayer/pgfsys.code.tex
Package: pgfsys 2020/01/08 v3.1.5b (3.1.5b)
(/usr/local/texlive/2020/texmf-dist/tex/generic/pgf/utilities/pgfkeys.code.tex
\pgfkeys@pathtoks=\toks20
\pgfkeys@temptoks=\toks21

(/usr/local/texlive/2020/texmf-dist/tex/generic/pgf/utilities/pgfkeysfiltered.c
ode.tex
\pgfkeys@tmptoks=\toks22
))
\pgf@x=\dimen144
\pgf@y=\dimen145
\pgf@xa=\dimen146
\pgf@ya=\dimen147
\pgf@xb=\dimen148
\pgf@yb=\dimen149
\pgf@xc=\dimen150
\pgf@yc=\dimen151
\pgf@xd=\dimen152
\pgf@yd=\dimen153
\w@pgf@writea=\write3
\r@pgf@reada=\read2
\c@pgf@counta=\count190
\c@pgf@countb=\count191
\c@pgf@countc=\count192
\c@pgf@countd=\count193
\t@pgf@toka=\toks23
\t@pgf@tokb=\toks24
\t@pgf@tokc=\toks25
\pgf@sys@id@count=\count194

(/usr/local/texlive/2020/texmf-dist/tex/generic/pgf/systemlayer/pgf.cfg
File: pgf.cfg 2020/01/08 v3.1.5b (3.1.5b)
)
Driver file for pgf: pgfsys-pdftex.def

(/usr/local/texlive/2020/texmf-dist/tex/generic/pgf/systemlayer/pgfsys-pdftex.d
ef
File: pgfsys-pdftex.def 2020/01/08 v3.1.5b (3.1.5b)

(/usr/local/texlive/2020/texmf-dist/tex/generic/pgf/systemlayer/pgfsys-common-p
df.def
File: pgfsys-common-pdf.def 2020/01/08 v3.1.5b (3.1.5b)
)))
(/usr/local/texlive/2020/texmf-dist/tex/generic/pgf/systemlayer/pgfsyssoftpath.
code.tex
File: pgfsyssoftpath.code.tex 2020/01/08 v3.1.5b (3.1.5b)
\pgfsyssoftpath@smallbuffer@items=\count195
\pgfsyssoftpath@bigbuffer@items=\count196
)
(/usr/local/texlive/2020/texmf-dist/tex/generic/pgf/systemlayer/pgfsysprotocol.
code.tex
File: pgfsysprotocol.code.tex 2020/01/08 v3.1.5b (3.1.5b)
)) (/usr/local/texlive/2020/texmf-dist/tex/latex/xcolor/xcolor.sty
Package: xcolor 2016/05/11 v2.12 LaTeX color extensions (UK)

(/usr/local/texlive/2020/texmf-dist/tex/latex/graphics-cfg/color.cfg
File: color.cfg 2016/01/02 v1.6 sample color configuration
)
Package xcolor Info: Driver file: pdftex.def on input line 225.
LaTeX Info: Redefining \color on input line 709.
Package xcolor Info: Model `cmy' substituted by `cmy0' on input line 1348.
Package xcolor Info: Model `hsb' substituted by `rgb' on input line 1352.
Package xcolor Info: Model `RGB' extended on input line 1364.
Package xcolor Info: Model `HTML' substituted by `rgb' on input line 1366.
Package xcolor Info: Model `Hsb' substituted by `hsb' on input line 1367.
Package xcolor Info: Model `tHsb' substituted by `hsb' on input line 1368.
Package xcolor Info: Model `HSB' substituted by `hsb' on input line 1369.
Package xcolor Info: Model `Gray' substituted by `gray' on input line 1370.
Package xcolor Info: Model `wave' substituted by `hsb' on input line 1371.
)
(/usr/local/texlive/2020/texmf-dist/tex/generic/pgf/basiclayer/pgfcore.code.tex
Package: pgfcore 2020/01/08 v3.1.5b (3.1.5b)
(/usr/local/texlive/2020/texmf-dist/tex/generic/pgf/math/pgfmath.code.tex
(/usr/local/texlive/2020/texmf-dist/tex/generic/pgf/math/pgfmathcalc.code.tex
(/usr/local/texlive/2020/texmf-dist/tex/generic/pgf/math/pgfmathutil.code.tex)
(/usr/local/texlive/2020/texmf-dist/tex/generic/pgf/math/pgfmathparser.code.tex
\pgfmath@dimen=\dimen154
\pgfmath@count=\count197
\pgfmath@box=\box50
\pgfmath@toks=\toks26
\pgfmath@stack@operand=\toks27
\pgfmath@stack@operation=\toks28
)
(/usr/local/texlive/2020/texmf-dist/tex/generic/pgf/math/pgfmathfunctions.code.
tex
(/usr/local/texlive/2020/texmf-dist/tex/generic/pgf/math/pgfmathfunctions.basic
.code.tex)
(/usr/local/texlive/2020/texmf-dist/tex/generic/pgf/math/pgfmathfunctions.trigo
nometric.code.tex)
(/usr/local/texlive/2020/texmf-dist/tex/generic/pgf/math/pgfmathfunctions.rando
m.code.tex)
(/usr/local/texlive/2020/texmf-dist/tex/generic/pgf/math/pgfmathfunctions.compa
rison.code.tex)
(/usr/local/texlive/2020/texmf-dist/tex/generic/pgf/math/pgfmathfunctions.base.
code.tex)
(/usr/local/texlive/2020/texmf-dist/tex/generic/pgf/math/pgfmathfunctions.round
.code.tex)
(/usr/local/texlive/2020/texmf-dist/tex/generic/pgf/math/pgfmathfunctions.misc.
code.tex)
(/usr/local/texlive/2020/texmf-dist/tex/generic/pgf/math/pgfmathfunctions.integ
erarithmetics.code.tex)))
(/usr/local/texlive/2020/texmf-dist/tex/generic/pgf/math/pgfmathfloat.code.tex
\c@pgfmathroundto@lastzeros=\count198
)) (/usr/local/texlive/2020/texmf-dist/tex/generic/pgf/math/pgfint.code.tex)
(/usr/local/texlive/2020/texmf-dist/tex/generic/pgf/basiclayer/pgfcorepoints.co
de.tex
File: pgfcorepoints.code.tex 2020/01/08 v3.1.5b (3.1.5b)
\pgf@picminx=\dimen155
\pgf@picmaxx=\dimen156
\pgf@picminy=\dimen157
\pgf@picmaxy=\dimen158
\pgf@pathminx=\dimen159
\pgf@pathmaxx=\dimen160
\pgf@pathminy=\dimen161
\pgf@pathmaxy=\dimen162
\pgf@xx=\dimen163
\pgf@xy=\dimen164
\pgf@yx=\dimen165
\pgf@yy=\dimen166
\pgf@zx=\dimen167
\pgf@zy=\dimen168
)
(/usr/local/texlive/2020/texmf-dist/tex/generic/pgf/basiclayer/pgfcorepathconst
ruct.code.tex
File: pgfcorepathconstruct.code.tex 2020/01/08 v3.1.5b (3.1.5b)
\pgf@path@lastx=\dimen169
\pgf@path@lasty=\dimen170
)
(/usr/local/texlive/2020/texmf-dist/tex/generic/pgf/basiclayer/pgfcorepathusage
.code.tex
File: pgfcorepathusage.code.tex 2020/01/08 v3.1.5b (3.1.5b)
\pgf@shorten@end@additional=\dimen171
\pgf@shorten@start@additional=\dimen172
)
(/usr/local/texlive/2020/texmf-dist/tex/generic/pgf/basiclayer/pgfcorescopes.co
de.tex
File: pgfcorescopes.code.tex 2020/01/08 v3.1.5b (3.1.5b)
\pgfpic=\box51
\pgf@hbox=\box52
\pgf@layerbox@main=\box53
\pgf@picture@serial@count=\count199
)
(/usr/local/texlive/2020/texmf-dist/tex/generic/pgf/basiclayer/pgfcoregraphicst
ate.code.tex
File: pgfcoregraphicstate.code.tex 2020/01/08 v3.1.5b (3.1.5b)
\pgflinewidth=\dimen173
)
(/usr/local/texlive/2020/texmf-dist/tex/generic/pgf/basiclayer/pgfcoretransform
ations.code.tex
File: pgfcoretransformations.code.tex 2020/01/08 v3.1.5b (3.1.5b)
\pgf@pt@x=\dimen174
\pgf@pt@y=\dimen175
\pgf@pt@temp=\dimen176
)
(/usr/local/texlive/2020/texmf-dist/tex/generic/pgf/basiclayer/pgfcorequick.cod
e.tex
File: pgfcorequick.code.tex 2020/01/08 v3.1.5b (3.1.5b)
)
(/usr/local/texlive/2020/texmf-dist/tex/generic/pgf/basiclayer/pgfcoreobjects.c
ode.tex
File: pgfcoreobjects.code.tex 2020/01/08 v3.1.5b (3.1.5b)
)
(/usr/local/texlive/2020/texmf-dist/tex/generic/pgf/basiclayer/pgfcorepathproce
ssing.code.tex
File: pgfcorepathprocessing.code.tex 2020/01/08 v3.1.5b (3.1.5b)
)
(/usr/local/texlive/2020/texmf-dist/tex/generic/pgf/basiclayer/pgfcorearrows.co
de.tex
File: pgfcorearrows.code.tex 2020/01/08 v3.1.5b (3.1.5b)
\pgfarrowsep=\dimen177
)
(/usr/local/texlive/2020/texmf-dist/tex/generic/pgf/basiclayer/pgfcoreshade.cod
e.tex
File: pgfcoreshade.code.tex 2020/01/08 v3.1.5b (3.1.5b)
\pgf@max=\dimen178
\pgf@sys@shading@range@num=\count266
\pgf@shadingcount=\count267
)
(/usr/local/texlive/2020/texmf-dist/tex/generic/pgf/basiclayer/pgfcoreimage.cod
e.tex
File: pgfcoreimage.code.tex 2020/01/08 v3.1.5b (3.1.5b)

(/usr/local/texlive/2020/texmf-dist/tex/generic/pgf/basiclayer/pgfcoreexternal.
code.tex
File: pgfcoreexternal.code.tex 2020/01/08 v3.1.5b (3.1.5b)
\pgfexternal@startupbox=\box54
))
(/usr/local/texlive/2020/texmf-dist/tex/generic/pgf/basiclayer/pgfcorelayers.co
de.tex
File: pgfcorelayers.code.tex 2020/01/08 v3.1.5b (3.1.5b)
)
(/usr/local/texlive/2020/texmf-dist/tex/generic/pgf/basiclayer/pgfcoretranspare
ncy.code.tex
File: pgfcoretransparency.code.tex 2020/01/08 v3.1.5b (3.1.5b)
)
(/usr/local/texlive/2020/texmf-dist/tex/generic/pgf/basiclayer/pgfcorepatterns.
code.tex
File: pgfcorepatterns.code.tex 2020/01/08 v3.1.5b (3.1.5b)
)
(/usr/local/texlive/2020/texmf-dist/tex/generic/pgf/basiclayer/pgfcorerdf.code.
tex
File: pgfcorerdf.code.tex 2020/01/08 v3.1.5b (3.1.5b)
)))
(/usr/local/texlive/2020/texmf-dist/tex/generic/pgf/modules/pgfmoduleshapes.cod
e.tex
File: pgfmoduleshapes.code.tex 2020/01/08 v3.1.5b (3.1.5b)
\pgfnodeparttextbox=\box55
)
(/usr/local/texlive/2020/texmf-dist/tex/generic/pgf/modules/pgfmoduleplot.code.
tex
File: pgfmoduleplot.code.tex 2020/01/08 v3.1.5b (3.1.5b)
)
(/usr/local/texlive/2020/texmf-dist/tex/latex/pgf/compatibility/pgfcomp-version
-0-65.sty
Package: pgfcomp-version-0-65 2020/01/08 v3.1.5b (3.1.5b)
\pgf@nodesepstart=\dimen179
\pgf@nodesepend=\dimen180
)
(/usr/local/texlive/2020/texmf-dist/tex/latex/pgf/compatibility/pgfcomp-version
-1-18.sty
Package: pgfcomp-version-1-18 2020/01/08 v3.1.5b (3.1.5b)
))
(/usr/local/texlive/2020/texmf-dist/tex/latex/pgf/utilities/pgffor.sty
(/usr/local/texlive/2020/texmf-dist/tex/latex/pgf/utilities/pgfkeys.sty
(/usr/local/texlive/2020/texmf-dist/tex/generic/pgf/utilities/pgfkeys.code.tex)
) (/usr/local/texlive/2020/texmf-dist/tex/latex/pgf/math/pgfmath.sty
(/usr/local/texlive/2020/texmf-dist/tex/generic/pgf/math/pgfmath.code.tex))
(/usr/local/texlive/2020/texmf-dist/tex/generic/pgf/utilities/pgffor.code.tex
Package: pgffor 2020/01/08 v3.1.5b (3.1.5b)

(/usr/local/texlive/2020/texmf-dist/tex/generic/pgf/math/pgfmath.code.tex)
\pgffor@iter=\dimen181
\pgffor@skip=\dimen182
\pgffor@stack=\toks29
\pgffor@toks=\toks30
))
(/usr/local/texlive/2020/texmf-dist/tex/generic/pgf/frontendlayer/tikz/tikz.cod
e.tex
Package: tikz 2020/01/08 v3.1.5b (3.1.5b)

(/usr/local/texlive/2020/texmf-dist/tex/generic/pgf/libraries/pgflibraryplothan
dlers.code.tex
File: pgflibraryplothandlers.code.tex 2020/01/08 v3.1.5b (3.1.5b)
\pgf@plot@mark@count=\count268
\pgfplotmarksize=\dimen183
)
\tikz@lastx=\dimen184
\tikz@lasty=\dimen185
\tikz@lastxsaved=\dimen186
\tikz@lastysaved=\dimen187
\tikz@lastmovetox=\dimen188
\tikz@lastmovetoy=\dimen189
\tikzleveldistance=\dimen190
\tikzsiblingdistance=\dimen191
\tikz@figbox=\box56
\tikz@figbox@bg=\box57
\tikz@tempbox=\box58
\tikz@tempbox@bg=\box59
\tikztreelevel=\count269
\tikznumberofchildren=\count270
\tikznumberofcurrentchild=\count271
\tikz@fig@count=\count272

(/usr/local/texlive/2020/texmf-dist/tex/generic/pgf/modules/pgfmodulematrix.cod
e.tex
File: pgfmodulematrix.code.tex 2020/01/08 v3.1.5b (3.1.5b)
\pgfmatrixcurrentrow=\count273
\pgfmatrixcurrentcolumn=\count274
\pgf@matrix@numberofcolumns=\count275
)
\tikz@expandcount=\count276

(/usr/local/texlive/2020/texmf-dist/tex/generic/pgf/frontendlayer/tikz/librarie
s/tikzlibrarytopaths.code.tex
File: tikzlibrarytopaths.code.tex 2020/01/08 v3.1.5b (3.1.5b)
)))
(/usr/local/texlive/2020/texmf-dist/tex/latex/mdframed/md-frame-1.mdf
File: md-frame-1.mdf 2013/07/01\ 1.9b: md-frame-1
)
\mdf@frametitlebox=\box60
\mdf@footnotebox=\box61
\mdf@splitbox@one=\box62
\mdf@splitbox@two=\box63
\mdf@splitbox@save=\box64
\mdfsplitboxwidth=\skip89
\mdfsplitboxtotalwidth=\skip90
\mdfsplitboxheight=\skip91
\mdfsplitboxdepth=\skip92
\mdfsplitboxtotalheight=\skip93
\mdfframetitleboxwidth=\skip94
\mdfframetitleboxtotalwidth=\skip95
\mdfframetitleboxheight=\skip96
\mdfframetitleboxdepth=\skip97
\mdfframetitleboxtotalheight=\skip98
\mdffootnoteboxwidth=\skip99
\mdffootnoteboxtotalwidth=\skip100
\mdffootnoteboxheight=\skip101
\mdffootnoteboxdepth=\skip102
\mdffootnoteboxtotalheight=\skip103
\mdftotallinewidth=\skip104
\mdfboundingboxwidth=\skip105
\mdfboundingboxtotalwidth=\skip106
\mdfboundingboxheight=\skip107
\mdfboundingboxdepth=\skip108
\mdfboundingboxtotalheight=\skip109
\mdf@freevspace@length=\skip110
\mdf@horizontalwidthofbox@length=\skip111
\mdf@verticalmarginwhole@length=\skip112
\mdf@horizontalspaceofbox=\skip113
\mdfsubtitleheight=\skip114
\mdfsubsubtitleheight=\skip115
\c@mdfcountframes=\count277

****** mdframed patching \endmdf@trivlist

****** -- success******

\mdf@envdepth=\count278
\c@mdf@env@i=\count279
\c@mdf@env@ii=\count280
\c@mdf@zref@counter=\count281
Package zref Info: New property: mdf@pagevalue on input line 895.
)
(/usr/local/texlive/2020/texmf-dist/tex/latex/base/fontenc.sty
Package: fontenc 2020/02/11 v2.0o Standard LaTeX package
)
(/usr/local/texlive/2020/texmf-dist/tex/latex/base/inputenc.sty
Package: inputenc 2018/08/11 v1.3c Input encoding file
\inpenc@prehook=\toks31
\inpenc@posthook=\toks32

(/usr/local/texlive/2020/texmf-dist/tex/latex/ucs/utf8x.def
File: utf8x.def 2004/10/17 UCS: Input encoding UTF-8
))
(/usr/local/texlive/2020/texmf-dist/tex/latex/ucs/ucs.sty
Package: ucs 2013/05/11 v2.2 UCS: Unicode input support

(/usr/local/texlive/2020/texmf-dist/tex/latex/ucs/data/uni-global.def
File: uni-global.def 2013/05/13 UCS: Unicode global data
)
\uc@secondtry=\count282
\uc@combtoks=\toks33
\uc@combtoksb=\toks34
\uc@temptokena=\toks35
)
(/usr/local/texlive/2020/texmf-dist/tex/latex/amscls/amsthm.sty
Package: amsthm 2017/10/31 v2.20.4
\thm@style=\toks36
\thm@bodyfont=\toks37
\thm@headfont=\toks38
\thm@notefont=\toks39
\thm@headpunct=\toks40
\thm@preskip=\skip116
\thm@postskip=\skip117
\thm@headsep=\skip118
\dth@everypar=\toks41
)
(/usr/local/texlive/2020/texmf-dist/tex/latex/amsmath/amsmath.sty
Package: amsmath 2020/01/20 v2.17e AMS math features
\@mathmargin=\skip119

For additional information on amsmath, use the `?' option.
(/usr/local/texlive/2020/texmf-dist/tex/latex/amsmath/amstext.sty
Package: amstext 2000/06/29 v2.01 AMS text

(/usr/local/texlive/2020/texmf-dist/tex/latex/amsmath/amsgen.sty
File: amsgen.sty 1999/11/30 v2.0 generic functions
\@emptytoks=\toks42
\ex@=\dimen192
))
(/usr/local/texlive/2020/texmf-dist/tex/latex/amsmath/amsbsy.sty
Package: amsbsy 1999/11/29 v1.2d Bold Symbols
\pmbraise@=\dimen193
)
(/usr/local/texlive/2020/texmf-dist/tex/latex/amsmath/amsopn.sty
Package: amsopn 2016/03/08 v2.02 operator names
)
\inf@bad=\count283
LaTeX Info: Redefining \frac on input line 227.
\uproot@=\count284
\leftroot@=\count285
LaTeX Info: Redefining \overline on input line 389.
\classnum@=\count286
\DOTSCASE@=\count287
LaTeX Info: Redefining \ldots on input line 486.
LaTeX Info: Redefining \dots on input line 489.
LaTeX Info: Redefining \cdots on input line 610.
\Mathstrutbox@=\box65
\strutbox@=\box66
\big@size=\dimen194
LaTeX Font Info:    Redeclaring font encoding OML on input line 733.
LaTeX Font Info:    Redeclaring font encoding OMS on input line 734.
\macc@depth=\count288
\c@MaxMatrixCols=\count289
\dotsspace@=\muskip16
\c@parentequation=\count290
\dspbrk@lvl=\count291
\tag@help=\toks43
\row@=\count292
\column@=\count293
\maxfields@=\count294
\andhelp@=\toks44
\eqnshift@=\dimen195
\alignsep@=\dimen196
\tagshift@=\dimen197
\tagwidth@=\dimen198
\totwidth@=\dimen199
\lineht@=\dimen256
\@envbody=\toks45
\multlinegap=\skip120
\multlinetaggap=\skip121
\mathdisplay@stack=\toks46
LaTeX Info: Redefining \[ on input line 2859.
LaTeX Info: Redefining \] on input line 2860.
)
(/usr/local/texlive/2020/texmf-dist/tex/latex/natbib/natbib.sty
Package: natbib 2010/09/13 8.31b (PWD, AO)
\bibhang=\skip122
\bibsep=\skip123
LaTeX Info: Redefining \cite on input line 694.
\c@NAT@ctr=\count295
)
(/usr/local/texlive/2020/texmf-dist/tex/latex/hyperref/hyperref.sty
Package: hyperref 2020/01/14 v7.00d Hypertext links for LaTeX

(/usr/local/texlive/2020/texmf-dist/tex/generic/pdfescape/pdfescape.sty
Package: pdfescape 2019/12/09 v1.15 Implements pdfTeX's escape features (HO)
)
(/usr/local/texlive/2020/texmf-dist/tex/latex/hycolor/hycolor.sty
Package: hycolor 2020-01-27 v1.10 Color options for hyperref/bookmark (HO)
)
(/usr/local/texlive/2020/texmf-dist/tex/latex/letltxmacro/letltxmacro.sty
Package: letltxmacro 2019/12/03 v1.6 Let assignment for LaTeX macros (HO)
)
\@linkdim=\dimen257
\Hy@linkcounter=\count296
\Hy@pagecounter=\count297

(/usr/local/texlive/2020/texmf-dist/tex/latex/hyperref/pd1enc.def
File: pd1enc.def 2020/01/14 v7.00d Hyperref: PDFDocEncoding definition (HO)
)
(/usr/local/texlive/2020/texmf-dist/tex/generic/intcalc/intcalc.sty
Package: intcalc 2019/12/15 v1.3 Expandable calculations with integers (HO)
)
\Hy@SavedSpaceFactor=\count298
Package hyperref Info: Option `colorlinks' set `true' on input line 4421.


Package hyperref Warning: Option `pagecolor' is not available anymore.

Package hyperref Info: Option `linktocpage' set `true' on input line 4421.
Package hyperref Info: Option `colorlinks' set `true' on input line 4421.
Package hyperref Info: Hyper figures OFF on input line 4547.
Package hyperref Info: Link nesting OFF on input line 4552.
Package hyperref Info: Hyper index ON on input line 4555.
Package hyperref Info: Plain pages OFF on input line 4562.
Package hyperref Info: Backreferencing OFF on input line 4567.
Package hyperref Info: Implicit mode ON; LaTeX internals redefined.
Package hyperref Info: Bookmarks ON on input line 4800.
\c@Hy@tempcnt=\count299
(/usr/local/texlive/2020/texmf-dist/tex/latex/url/url.sty
\Urlmuskip=\muskip17
Package: url 2013/09/16  ver 3.4  Verb mode for urls, etc.
)
LaTeX Info: Redefining \url on input line 5159.
\XeTeXLinkMargin=\dimen258

(/usr/local/texlive/2020/texmf-dist/tex/generic/bitset/bitset.sty
Package: bitset 2019/12/09 v1.3 Handle bit-vector datatype (HO)

(/usr/local/texlive/2020/texmf-dist/tex/generic/bigintcalc/bigintcalc.sty
Package: bigintcalc 2019/12/15 v1.5 Expandable calculations on big integers (HO
)
))
\Fld@menulength=\count300
\Field@Width=\dimen259
\Fld@charsize=\dimen260
Package hyperref Info: Hyper figures OFF on input line 6430.
Package hyperref Info: Link nesting OFF on input line 6435.
Package hyperref Info: Hyper index ON on input line 6438.
Package hyperref Info: backreferencing OFF on input line 6445.
Package hyperref Info: Link coloring ON on input line 6448.
Package hyperref Info: Link coloring with OCG OFF on input line 6455.
Package hyperref Info: PDF/A mode OFF on input line 6460.
LaTeX Info: Redefining \ref on input line 6500.
LaTeX Info: Redefining \pageref on input line 6504.
\Hy@abspage=\count301
\c@Item=\count302
\c@Hfootnote=\count303
)
Package hyperref Info: Driver (autodetected): hpdftex.

(/usr/local/texlive/2020/texmf-dist/tex/latex/hyperref/hpdftex.def
File: hpdftex.def 2020/01/14 v7.00d Hyperref driver for pdfTeX

(/usr/local/texlive/2020/texmf-dist/tex/latex/atveryend/atveryend.sty
Package: atveryend 2019-12-11 v1.11 Hooks at the very end of document (HO)
Package atveryend Info: \old@enddocument detected (standard20110627).
)
\HyAnn@Count=\count304
\Fld@listcount=\count305
\c@bookmark@seq@number=\count306

(/usr/local/texlive/2020/texmf-dist/tex/latex/rerunfilecheck/rerunfilecheck.sty
Package: rerunfilecheck 2019/12/05 v1.9 Rerun checks for auxiliary files (HO)

(/usr/local/texlive/2020/texmf-dist/tex/generic/uniquecounter/uniquecounter.sty
Package: uniquecounter 2019/12/15 v1.4 Provide unlimited unique counter (HO)
)
Package uniquecounter Info: New unique counter `rerunfilecheck' on input line 2
86.
)
\Hy@SectionHShift=\skip124
) (/usr/local/texlive/2020/texmf-dist/tex/latex/geometry/geometry.sty
Package: geometry 2020/01/02 v5.9 Page Geometry

(/usr/local/texlive/2020/texmf-dist/tex/generic/iftex/ifvtex.sty
Package: ifvtex 2019/10/25 v1.7 ifvtex legacy package. Use iftex instead.
)
\Gm@cnth=\count307
\Gm@cntv=\count308
\c@Gm@tempcnt=\count309
\Gm@bindingoffset=\dimen261
\Gm@wd@mp=\dimen262
\Gm@odd@mp=\dimen263
\Gm@even@mp=\dimen264
\Gm@layoutwidth=\dimen265
\Gm@layoutheight=\dimen266
\Gm@layouthoffset=\dimen267
\Gm@layoutvoffset=\dimen268
\Gm@dimlist=\toks47
)
(/usr/local/texlive/2020/texmf-dist/tex/latex/psnfss/mathpazo.sty
Package: mathpazo 2005/04/12 PSNFSS-v9.2a Palatino w/ Pazo Math (D.Puga, WaS) 
\symupright=\mathgroup4
)
(/usr/local/texlive/2020/texmf-dist/tex/latex/wrapfig/wrapfig.sty
\wrapoverhang=\dimen269
\WF@size=\dimen270
\c@WF@wrappedlines=\count310
\WF@box=\box67
\WF@everypar=\toks48
Package: wrapfig 2003/01/31  v 3.6
)
(/usr/local/texlive/2020/texmf-dist/tex/latex/doublestroke/dsfont.sty
Package: dsfont 1995/08/01 v0.1 Double stroke roman fonts
)
(/usr/local/texlive/2020/texmf-dist/tex/latex/caption/caption.sty
Package: caption 2020/01/03 v3.4h Customizing captions (AR)

(/usr/local/texlive/2020/texmf-dist/tex/latex/caption/caption3.sty
Package: caption3 2020/01/03 v1.8h caption3 kernel (AR)
Package caption3 Info: TeX engine: e-TeX on input line 61.
\captionmargin=\dimen271
\captionmargin@=\dimen272
\captionwidth=\dimen273
\caption@tempdima=\dimen274
\caption@indent=\dimen275
\caption@parindent=\dimen276
\caption@hangindent=\dimen277
Package caption Info: Unknown document class (or package),
(caption)             standard defaults will be used.
Package caption Info: \@makecaption = \long macro:#1#2->\vskip \abovecaptionski
p \figurecaption@size \sbox \@tempboxa {{\figurename@size #1}\figurename@skip #
2}\ifdim \wd \@tempboxa >\hsize {\figurename@size #1}\figurename@skip #2\par \e
lse \global \@minipagefalse \hb@xt@ \hsize {\hfil \box \@tempboxa \hfil }\fi \v
skip \belowcaptionskip  on input line 1082.
)

Package caption Warning: Unknown document class (or package),
(caption)                standard defaults will be used.
See the caption package documentation for explanation.

\c@caption@flags=\count311
\c@continuedfloat=\count312
Package caption Info: hyperref package is loaded.
Package caption Info: wrapfig package is loaded.
) (/usr/local/texlive/2020/texmf-dist/tex/latex/booktabs/booktabs.sty
Package: booktabs 2020/01/12 v1.61803398 Publication quality tables
\heavyrulewidth=\dimen278
\lightrulewidth=\dimen279
\cmidrulewidth=\dimen280
\belowrulesep=\dimen281
\belowbottomsep=\dimen282
\aboverulesep=\dimen283
\abovetopsep=\dimen284
\cmidrulesep=\dimen285
\cmidrulekern=\dimen286
\defaultaddspace=\dimen287
\@cmidla=\count313
\@cmidlb=\count314
\@aboverulesep=\dimen288
\@belowrulesep=\dimen289
\@thisruleclass=\count315
\@lastruleclass=\count316
\@thisrulewidth=\dimen290
)
(/usr/local/texlive/2020/texmf-dist/tex/latex/algorithms/algorithm.sty
Package: algorithm 2009/08/24 v0.1 Document Style `algorithm' - floating enviro
nment

(/usr/local/texlive/2020/texmf-dist/tex/latex/float/float.sty
Package: float 2001/11/08 v1.3d Float enhancements (AL)
\c@float@type=\count317
\float@exts=\toks49
\float@box=\box68
\@float@everytoks=\toks50
\@floatcapt=\box69
)
(/usr/local/texlive/2020/texmf-dist/tex/latex/base/ifthen.sty
Package: ifthen 2014/09/29 v1.1c Standard LaTeX ifthen package (DPC)
)
\@float@every@algorithm=\toks51
\c@algorithm=\count318
)
(/usr/local/texlive/2020/texmf-dist/tex/latex/eqparbox/eqparbox.sty
Package: eqparbox 2017/09/03 v4.1 Create equal-widthed boxes
\eqp@tempdima=\skip125
\eqp@tempdimb=\skip126

(/usr/local/texlive/2020/texmf-dist/tex/latex/tools/array.sty
Package: array 2019/08/31 v2.4l Tabular extension package (FMi)
\col@sep=\dimen291
\ar@mcellbox=\box70
\extrarowheight=\dimen292
\NC@list=\toks52
\extratabsurround=\skip127
\backup@length=\skip128
\ar@cellbox=\box71
)
\eqp@tabular@box=\box72
\eqp@list@box=\box73
\eqp@list@indent=\skip129

(/usr/local/texlive/2020/texmf-dist/tex/latex/environ/environ.sty
Package: environ 2014/05/04 v0.3 A new way to define environments

(/usr/local/texlive/2020/texmf-dist/tex/latex/trimspaces/trimspaces.sty
Package: trimspaces 2009/09/17 v1.1 Trim spaces around a token list
)))
(/usr/local/texlive/2020/texmf-dist/tex/latex/algorithmicx/algpseudocode.sty
Package: algpseudocode 

(/usr/local/texlive/2020/texmf-dist/tex/latex/algorithmicx/algorithmicx.sty
Package: algorithmicx 2005/04/27 v1.2 Algorithmicx

Document Style algorithmicx 1.2 - a greatly improved `algorithmic' style
\c@ALG@line=\count319
\c@ALG@rem=\count320
\c@ALG@nested=\count321
\ALG@tlm=\skip130
\ALG@thistlm=\skip131
\c@ALG@Lnr=\count322
\c@ALG@blocknr=\count323
\c@ALG@storecount=\count324
\c@ALG@tmpcounter=\count325
\ALG@tmplength=\skip132
)
Document Style - pseudocode environments for use with the `algorithmicx' style
) (/usr/local/texlive/2020/texmf-dist/tex/latex/todonotes/todonotes.sty
Package: todonotes 2019/01/24 v1.1.2 Todonotes source and documentation.
Package: todonotes 2018/11/22

(/usr/local/texlive/2020/texmf-dist/tex/latex/xkeyval/xkeyval.sty
Package: xkeyval 2014/12/03 v2.7a package option processing (HA)

(/usr/local/texlive/2020/texmf-dist/tex/generic/xkeyval/xkeyval.tex
(/usr/local/texlive/2020/texmf-dist/tex/generic/xkeyval/xkvutils.tex
\XKV@toks=\toks53
\XKV@tempa@toks=\toks54
)
\XKV@depth=\count326
File: xkeyval.tex 2014/12/03 v2.7a key=value parser (HA)
))
(/usr/local/texlive/2020/texmf-dist/tex/generic/pgf/frontendlayer/tikz/librarie
s/tikzlibrarypositioning.code.tex
File: tikzlibrarypositioning.code.tex 2020/01/08 v3.1.5b (3.1.5b)
)
(/usr/local/texlive/2020/texmf-dist/tex/generic/pgf/frontendlayer/tikz/librarie
s/tikzlibraryshadows.code.tex
File: tikzlibraryshadows.code.tex 2020/01/08 v3.1.5b (3.1.5b)

(/usr/local/texlive/2020/texmf-dist/tex/generic/pgf/frontendlayer/tikz/librarie
s/tikzlibraryfadings.code.tex
File: tikzlibraryfadings.code.tex 2020/01/08 v3.1.5b (3.1.5b)

(/usr/local/texlive/2020/texmf-dist/tex/generic/pgf/libraries/pgflibraryfadings
.code.tex
File: pgflibraryfadings.code.tex 2020/01/08 v3.1.5b (3.1.5b)
))) (/usr/local/texlive/2020/texmf-dist/tex/latex/tools/calc.sty
Package: calc 2017/05/25 v4.3 Infix arithmetic (KKT,FJ)
\calc@Acount=\count327
\calc@Bcount=\count328
\calc@Adimen=\dimen293
\calc@Bdimen=\dimen294
\calc@Askip=\skip133
\calc@Bskip=\skip134
LaTeX Info: Redefining \setlength on input line 80.
LaTeX Info: Redefining \addtolength on input line 81.
\calc@Ccount=\count329
\calc@Cskip=\skip135
)
\c@@todonotes@numberoftodonotes=\count330
)
\c@lemma=\count331
\c@theorem=\count332
\c@prop=\count333

(./mkkn-r2-supplement.aux)
\openout1 = `mkkn-r2-supplement.aux'.

LaTeX Font Info:    Checking defaults for OML/cmm/m/it on input line 51.
LaTeX Font Info:    ... okay on input line 51.
LaTeX Font Info:    Checking defaults for OMS/cmsy/m/n on input line 51.
LaTeX Font Info:    ... okay on input line 51.
LaTeX Font Info:    Checking defaults for OT1/cmr/m/n on input line 51.
LaTeX Font Info:    ... okay on input line 51.
LaTeX Font Info:    Checking defaults for T1/cmr/m/n on input line 51.
LaTeX Font Info:    ... okay on input line 51.
LaTeX Font Info:    Checking defaults for TS1/cmr/m/n on input line 51.
LaTeX Font Info:    ... okay on input line 51.
LaTeX Font Info:    Checking defaults for OMX/cmex/m/n on input line 51.
LaTeX Font Info:    ... okay on input line 51.
LaTeX Font Info:    Checking defaults for U/cmr/m/n on input line 51.
LaTeX Font Info:    ... okay on input line 51.
LaTeX Font Info:    Checking defaults for PD1/pdf/m/n on input line 51.
LaTeX Font Info:    ... okay on input line 51.
LaTeX Font Info:    Trying to load font information for OT1+pplx on input line 
51.

(/usr/local/texlive/2020/texmf-dist/tex/latex/psnfss/ot1pplx.fd
File: ot1pplx.fd 2004/09/06 font definitions for OT1/pplx.
)
\AtBeginShipoutBox=\box74

(/usr/local/texlive/2020/texmf-dist/tex/context/base/mkii/supp-pdf.mkii
[Loading MPS to PDF converter (version 2006.09.02).]
\scratchcounter=\count334
\scratchdimen=\dimen295
\scratchbox=\box75
\nofMPsegments=\count335
\nofMParguments=\count336
\everyMPshowfont=\toks55
\MPscratchCnt=\count337
\MPscratchDim=\dimen296
\MPnumerator=\count338
\makeMPintoPDFobject=\count339
\everyMPtoPDFconversion=\toks56
) (/usr/local/texlive/2020/texmf-dist/tex/latex/epstopdf-pkg/epstopdf-base.sty
Package: epstopdf-base 2020-01-24 v2.11 Base part for package epstopdf
Package epstopdf-base Info: Redefining graphics rule for `.eps' on input line 4
85.

(/usr/local/texlive/2020/texmf-dist/tex/latex/latexconfig/epstopdf-sys.cfg
File: epstopdf-sys.cfg 2010/07/13 v1.3 Configuration of (r)epstopdf for TeX Liv
e
))
ABD: EveryShipout initializing macros
(/usr/local/texlive/2020/texmf-dist/tex/latex/ucs/ucsencs.def
File: ucsencs.def 2011/01/21 Fixes to fontencodings LGR, T3
)
Package hyperref Info: Link coloring ON on input line 51.

(/usr/local/texlive/2020/texmf-dist/tex/latex/hyperref/nameref.sty
Package: nameref 2019/09/16 v2.46 Cross-referencing by name of section

(/usr/local/texlive/2020/texmf-dist/tex/latex/refcount/refcount.sty
Package: refcount 2019/12/15 v3.6 Data extraction from label references (HO)
)
(/usr/local/texlive/2020/texmf-dist/tex/generic/gettitlestring/gettitlestring.s
ty
Package: gettitlestring 2019/12/15 v1.6 Cleanup title references (HO)
)
\c@section@level=\count340
)
LaTeX Info: Redefining \ref on input line 51.
LaTeX Info: Redefining \pageref on input line 51.
LaTeX Info: Redefining \nameref on input line 51.
 (./mkkn-r2-supplement.out) (./mkkn-r2-supplement.out)
\@outlinefile=\write4
\openout4 = `mkkn-r2-supplement.out'.


*geometry* driver: auto-detecting
*geometry* detected driver: pdftex
*geometry* verbose mode - [ preamble ] result:
* driver: pdftex
* paper: <default>
* layout: <same size as paper>
* layoutoffset:(h,v)=(0.0pt,0.0pt)
* modes: twoside asymmetric 
* h-part:(L,W,R)=(72.26999pt, 469.75502pt, 72.26999pt)
* v-part:(T,H,B)=(72.26999pt, 650.43001pt, 72.26999pt)
* \paperwidth=614.295pt
* \paperheight=794.96999pt
* \textwidth=469.75502pt
* \textheight=650.43001pt
* \oddsidemargin=0.0pt
* \evensidemargin=0.0pt
* \topmargin=-26.0pt
* \headheight=12.0pt
* \headsep=14.0pt
* \topskip=11.0pt
* \footskip=14.0pt
* \marginparwidth=59.0pt
* \marginparsep=10.0pt
* \columnsep=10.0pt
* \skip\footins=10.0pt plus 4.0pt minus 2.0pt
* \hoffset=0.0pt
* \voffset=0.0pt
* \mag=1000
* \@twocolumnfalse
* \@twosidetrue
* \@mparswitchfalse
* \@reversemarginfalse
* (1in=72.27pt=25.4mm, 1cm=28.453pt)

Package caption Info: Begin \AtBeginDocument code.
Package caption Info: float package is loaded.
Package caption Info: End \AtBeginDocument code.
LaTeX Font Info:    Trying to load font information for TS1+pplx on input line 
76.
(/usr/local/texlive/2020/texmf-dist/tex/latex/psnfss/ts1pplx.fd
File: ts1pplx.fd 2004/09/06 font definitions for TS1/pplx.
)
LaTeX Font Info:    Trying to load font information for OML+zplm on input line 
90.

(/usr/local/texlive/2020/texmf-dist/tex/latex/psnfss/omlzplm.fd
File: omlzplm.fd 2002/09/08 Fontinst v1.914 font definitions for OML/zplm.
)
LaTeX Font Info:    Trying to load font information for OMS+zplm on input line 
90.

(/usr/local/texlive/2020/texmf-dist/tex/latex/psnfss/omszplm.fd
File: omszplm.fd 2002/09/08 Fontinst v1.914 font definitions for OMS/zplm.
)
LaTeX Font Info:    Trying to load font information for OMX+zplm on input line 
90.

(/usr/local/texlive/2020/texmf-dist/tex/latex/psnfss/omxzplm.fd
File: omxzplm.fd 2002/09/08 Fontinst v1.914 font definitions for OMX/zplm.
)
LaTeX Font Info:    Trying to load font information for OT1+zplm on input line 
90.

(/usr/local/texlive/2020/texmf-dist/tex/latex/psnfss/ot1zplm.fd
File: ot1zplm.fd 2002/09/08 Fontinst v1.914 font definitions for OT1/zplm.
) [1{/usr/local/texlive/2020/texmf-var/fonts/map/pdftex/updmap/pdftex.map}

]
Overfull \hbox (0.45901pt too wide) in paragraph at lines 169--179
[]\OT1/pplx/m/n/12 Recall the pa-ram-e-ters $\OML/zplm/m/it/12 ^^R \OT1/zplm/m/
n/12 = (\OML/zplm/m/it/12 ^^^\OT1/pplx/m/n/12 , \OML/zplm/m/it/12  \OT1/pplx/m/
n/12 , \OML/zplm/m/it/12 ^^V\OT1/pplx/m/n/12 , \OML/zplm/m/it/12 ^^[\OT1/zplm/m
/n/12 )$ \OT1/pplx/m/n/12 and the de-pen-dence struc-
 []

[2

]
Overfull \hbox (84.2024pt too wide) in paragraph at lines 184--192
\OT1/pplx/m/n/12 It fol-lows by in-te-gra-tion over the pa-ram-e-ter space that
 $\OML/zplm/m/it/12 P [] \OT1/zplm/m/n/12 = \OML/zplm/m/it/12 P []  P [] \OT1/p
plx/m/n/12 .$
 []


Package natbib Warning: Citation `ref:Leng' on page 3 undefined on input line 1
98.


Package amsmath Warning: Foreign command \atopwithdelims;
(amsmath)                \frac or \genfrac should be used instead
(amsmath)                 on input line 201.


Package natbib Warning: Citation `ref:Leng' on page 3 undefined on input line 2
14.


Underfull \hbox (badness 10000) in paragraph at lines 216--217

 []


Underfull \hbox (badness 10000) in paragraph at lines 217--218

 []


Underfull \hbox (badness 10000) in paragraph at lines 218--219

 []

[3]

Package natbib Warning: Citation `ref:dahl' on page 4 undefined on input line 2
70.

[4]

Package natbib Warning: Citation `ref:dahl' on page 5 undefined on input line 2
93.


Overfull \hbox (14.46278pt too wide) in paragraph at lines 318--322
[]\OT1/pplx/m/n/12 If $\OML/zplm/m/it/12 X[]$ \OT1/pplx/m/n/12 and $\OML/zplm/m
/it/12 X[]$ \OT1/pplx/m/n/12 are over-lap-ping, with-out loss of gen-er-al-ity,
 we as-sume min$\OMS/zplm/m/n/12 f\OML/zplm/m/it/12 X[]\OMS/zplm/m/n/12 g \OML/
zplm/m/it/12 <$
 []

[5]
Overfull \hbox (16.28249pt too wide) in paragraph at lines 355--357
[]\OT1/pplx/m/n/12 We mul-ti-ply those two in-equal-i-ties, and find that the l
eft hand side $[] \OMS/zplm/m/n/12 ^^B [] \OT1/zplm/m/n/12 =
 []

[6]
<Figs/ARI.pdf, id=134, 505.89pt x 505.89pt>
File: Figs/ARI.pdf Graphic file (type pdf)
<use Figs/ARI.pdf>
Package pdftex.def Info: Figs/ARI.pdf  used on input line 397.
(pdftex.def)             Requested size: 354.12057pt x 354.12057pt.


LaTeX Warning: `!h' float specifier changed to `!ht'.


Package natbib Warning: Citation `DPpack' on page 7 undefined on input line 412
.

<Figs/try7-g.pdf, id=136, 505.89pt x 505.89pt>
File: Figs/try7-g.pdf Graphic file (type pdf)
<use Figs/try7-g.pdf>
Package pdftex.def Info: Figs/try7-g.pdf  used on input line 422.
(pdftex.def)             Requested size: 455.29678pt x 455.29678pt.

LaTeX Warning: `!h' float specifier changed to `!ht'.


Package natbib Warning: Citation `selK' on page 7 undefined on input line 433.


Package natbib Warning: Citation `selK' on page 7 undefined on input line 439.

[7] [8 <./Figs/ARI.pdf>]
<Figs/Kchange.png, id=163, 767.86874pt x 244.915pt>
File: Figs/Kchange.png Graphic file (type png)
<use Figs/Kchange.png>
Package pdftex.def Info: Figs/Kchange.png  used on input line 473.
(pdftex.def)             Requested size: 469.75502pt x 149.83142pt.
 [9 <./Figs/try7-g.pdf>]
<Figs/rw.pdf, id=180, 495.8525pt x 212.795pt>
File: Figs/rw.pdf Graphic file (type pdf)
<use Figs/rw.pdf>
Package pdftex.def Info: Figs/rw.pdf  used on input line 479.
(pdftex.def)             Requested size: 328.82707pt x 141.11725pt.
<Figs/breakFDR.pdf, id=181, 505.89pt x 505.89pt>
File: Figs/breakFDR.pdf Graphic file (type pdf)
<use Figs/breakFDR.pdf>
Package pdftex.def Info: Figs/breakFDR.pdf  used on input line 486.
(pdftex.def)             Requested size: 234.8775pt x 234.88132pt.


LaTeX Warning: `h' float specifier changed to `ht'.

[10 <./Figs/Kchange.png> <./Figs/rw.pdf>] [11 <./Figs/breakFDR.pdf>] [12]
Overfull \hbox (15.209pt too wide) in paragraph at lines 627--637
\OT1/pplx/m/n/12 mul-ti-ply-ing them with $\OML/zplm/m/it/12 A[]\OT1/pplx/m/n/1
2 , \OML/zplm/m/it/12 A[]$ \OT1/pplx/m/n/12 and $\OML/zplm/m/it/12 A[]$\OT1/ppl
x/m/n/12 , we have $\OML/zplm/m/it/12 C[] \OT1/zplm/m/n/12 = \OML/zplm/m/it/12 
p[]\OT1/zplm/m/n/12 (\OML/zplm/m/it/12 t[]\OMS/zplm/m/n/12 j\OML/zplm/m/it/12 t
[]\OT1/pplx/m/n/12 , \OML/zplm/m/it/12 y\OT1/zplm/m/n/12 ) \OML/zplm/m/it/12 p[
]\OT1/zplm/m/n/12 (\OML/zplm/m/it/12 t[]\OMS/zplm/m/n/12 j\OML/zplm/m/it/12 t[]
\OT1/pplx/m/n/12 , \OML/zplm/m/it/12 y\OT1/zplm/m/n/12 ) \OML/zplm/m/it/12 p[]\
OT1/zplm/m/n/12 (\OML/zplm/m/it/12 t[]\OT1/pplx/m/n/12 , \OML/zplm/m/it/12 t[]\
OMS/zplm/m/n/12 j\OML/zplm/m/it/12 y\OT1/zplm/m/n/12 )\OML/zplm/m/it/12 ![]$\OT
1/pplx/m/n/12 .
 []

[13]

Package natbib Warning: Citation `ref:Zappia' on page 14 undefined on input lin
e 656.


Overfull \hbox (31.84023pt too wide) in paragraph at lines 655--677
\OT1/cmtt/m/n/12 analysis / clustering . Rmd$[][] \OT1/pplx/m/n/12 and [][]$\OT
1/cmtt/m/n/12 https : / / github . com / Oshlack / splatter-[]paper / blob / ma
ster /
 []

<Figs/UMAP.png, id=233, 595.22375pt x 602.25pt>
File: Figs/UMAP.png Graphic file (type png)
<use Figs/UMAP.png>
Package pdftex.def Info: Figs/UMAP.png  used on input line 706.
(pdftex.def)             Requested size: 399.29463pt x 404.00163pt.

LaTeX Warning: `!h' float specifier changed to `!ht'.

<Figs/tscore.pdf, id=235, 505.89pt x 505.89pt>
File: Figs/tscore.pdf Graphic file (type pdf)
<use Figs/tscore.pdf>
Package pdftex.def Info: Figs/tscore.pdf  used on input line 720.
(pdftex.def)             Requested size: 375.80544pt x 375.81166pt.

LaTeX Warning: `!h' float specifier changed to `!ht'.


Package natbib Warning: Citation `dobrushin1972asymptotic' on page 14 undefined
 on input line 744.

[14

]
<Figs/simu_wadist.pdf, id=246, 505.89pt x 505.89pt>
File: Figs/simu_wadist.pdf Graphic file (type pdf)
<use Figs/simu_wadist.pdf>
Package pdftex.def Info: Figs/simu_wadist.pdf  used on input line 749.
(pdftex.def)             Requested size: 281.85587pt x 281.86067pt.


LaTeX Warning: `!h' float specifier changed to `!ht'.

<Figs/ROC.pdf, id=248, 720.6925pt x 792.9625pt>
File: Figs/ROC.pdf Graphic file (type pdf)
<use Figs/ROC.pdf>
Package pdftex.def Info: Figs/ROC.pdf  used on input line 768.
(pdftex.def)             Requested size: 422.77664pt x 465.1698pt.

LaTeX Warning: `!h' float specifier changed to `!ht'.

[15 <./Figs/UMAP.png>] [16 <./Figs/tscore.pdf>] [17 <./Figs/simu_wadist.pdf>]
[18 <./Figs/ROC.pdf>]
Underfull \hbox (badness 10000) in paragraph at lines 793--793
[]|\OT1/pplx/m/n/10 Number of
 []


Overfull \hbox (10.63446pt too wide) in paragraph at lines 793--793
\OT1/pplx/m/n/10 cells/condition| 
 []


Package natbib Warning: Citation `Lane' on page 19 undefined on input line 794.



Underfull \hbox (badness 10000) in paragraph at lines 795--795
[]|\OT1/pplx/m/n/10 GSE48968-
 []


Package natbib Warning: Citation `Shalek' on page 19 undefined on input line 79
5.


Package natbib Warning: Citation `Trapnell' on page 19 undefined on input line 
797.


Package natbib Warning: Citation `Engel' on page 19 undefined on input line 798
.


Package natbib Warning: Citation `EMTAB' on page 19 undefined on input line 799
.


Underfull \hbox (badness 10000) in paragraph at lines 800--800
[]|\OT1/pplx/m/n/10 GSE71585-
 []


Underfull \hbox (badness 10000) in paragraph at lines 800--800
[]|\OT1/pplx/m/n/10 Gad2tdTpositive vs
 []


Package natbib Warning: Citation `Tasic' on page 19 undefined on input line 800
.


Package natbib Warning: Citation `oscope' on page 19 undefined on input line 80
1.


Package natbib Warning: Citation `sc3' on page 19 undefined on input line 802.


Package natbib Warning: Citation `Deng193' on page 19 undefined on input line 8
03.


Underfull \hbox (badness 10000) in paragraph at lines 804--804
[]|\OT1/pplx/m/n/10 Primordial Germ Cells,
 []


Underfull \hbox (badness 10000) in paragraph at lines 804--804
\OT1/pplx/m/n/10 ges-ta-tion vs So-matic Cells,
 []


Underfull \hbox (badness 2027) in paragraph at lines 804--804
\OT1/pplx/m/n/10 de-vel-op-men-tal stage: 7 week
 []


Package natbib Warning: Citation `Guo' on page 19 undefined on input line 804.


Package natbib Warning: Citation `chu' on page 19 undefined on input line 805.


Underfull \hbox (badness 10000) in paragraph at lines 806--806
[]|\OT1/pplx/m/n/10 neoplastic cells vs non-
 []


Package natbib Warning: Citation `Darmanis' on page 19 undefined on input line 
806.


Overfull \hbox (3.38347pt too wide) in paragraph at lines 791--808
 [][] 
 []


LaTeX Font Warning: Font shape `OT1/pplx/m/scit' undefined
(Font)              using `OT1/pplx/m/sc' instead on input line 808.

<Figs/Fucci_wadist.pdf, id=322, 505.89pt x 505.89pt>
File: Figs/Fucci_wadist.pdf Graphic file (type pdf)
<use Figs/Fucci_wadist.pdf>
Package pdftex.def Info: Figs/Fucci_wadist.pdf  used on input line 825.
(pdftex.def)             Requested size: 187.89914pt x 187.90196pt.

LaTeX Warning: `!h' float specifier changed to `!ht'.


Underfull \hbox (badness 10000) in paragraph at lines 852--852
[]|\OT1/pplx/m/n/9 GSE48968-
 []


Underfull \hbox (badness 10000) in paragraph at lines 860--860
[]|\OT1/pplx/m/n/9 GSE71585-
 []


LaTeX Font Warning: Font shape `OT1/pplx/m/scit' undefined
(Font)              using `OT1/pplx/m/sc' instead on input line 868.


LaTeX Warning: `!h' float specifier changed to `!ht'.

[19

] [20 <./Figs/Fucci_wadist.pdf>]

Package natbib Warning: Citation `Yin:2013aa' on page 21 undefined on input lin
e 962.


LaTeX Font Warning: Font shape `OT1/pplx/m/scit' undefined
(Font)              using `OT1/pplx/m/sc' instead on input line 993.

<Figs/nbfit.pdf, id=343, 505.89pt x 505.89pt>
File: Figs/nbfit.pdf Graphic file (type pdf)
<use Figs/nbfit.pdf>
Package pdftex.def Info: Figs/nbfit.pdf  used on input line 1001.
(pdftex.def)             Requested size: 375.80544pt x 375.81166pt.
<Figs/NBgene.pdf, id=345, 505.89pt x 505.89pt>
File: Figs/NBgene.pdf Graphic file (type pdf)
<use Figs/NBgene.pdf>
Package pdftex.def Info: Figs/NBgene.pdf  used on input line 1010.
(pdftex.def)             Requested size: 422.77664pt x 422.7833pt.

LaTeX Warning: `!h' float specifier changed to `!ht'.


LaTeX Warning: `h' float specifier changed to `ht'.

<Figs/lrt.pdf, id=347, 505.89pt x 505.89pt>
File: Figs/lrt.pdf Graphic file (type pdf)
<use Figs/lrt.pdf>
Package pdftex.def Info: Figs/lrt.pdf  used on input line 1028.
(pdftex.def)             Requested size: 328.82707pt x 328.8323pt.

LaTeX Font Warning: Font shape `OT1/pplx/m/scit' undefined
(Font)              using `OT1/pplx/m/sc' instead on input line 1053.

<Figs/Fucci-NCS.pdf, id=350, 505.89pt x 505.89pt>
File: Figs/Fucci-NCS.pdf Graphic file (type pdf)
<use Figs/Fucci-NCS.pdf>
Package pdftex.def Info: Figs/Fucci-NCS.pdf  used on input line 1061.
(pdftex.def)             Requested size: 375.80544pt x 375.81166pt.
[21

]

LaTeX Warning: `!h' float specifier changed to `!ht'.


LaTeX Warning: `!h' float specifier changed to `!ht'.

[22 <./Figs/nbfit.pdf>]
<Figs/sc3-FDR.pdf, id=373, 505.89pt x 505.89pt>
File: Figs/sc3-FDR.pdf Graphic file (type pdf)
<use Figs/sc3-FDR.pdf>
Package pdftex.def Info: Figs/sc3-FDR.pdf  used on input line 1084.
(pdftex.def)             Requested size: 234.8775pt x 234.88132pt.


LaTeX Warning: `!h' float specifier changed to `!ht'.


LaTeX Font Warning: Font shape `OT1/pplx/m/scit' undefined
(Font)              using `OT1/pplx/m/sc' instead on input line 1113.


Package natbib Warning: Citation `ineq' on page 23 undefined on input line 1129
.

[23]
Overfull \hbox (33.30878pt too wide) in paragraph at lines 1156--1159
[] \OML/zplm/m/it/12 g\OT1/zplm/m/n/12 (\OML/zplm/m/it/12 ^^Y[]\OT1/zplm/m/n/12
 ) + [] \OML/zplm/m/it/12 f\OT1/zplm/m/n/12 (\OML/zplm/m/it/12 ^^Y[]\OT1/zplm/m
/n/12 ) \OMS/zplm/m/n/12 ^^@ [] \OML/zplm/m/it/12 f\OT1/zplm/m/n/12 (\OML/zplm/
m/it/12 ^^Y[]\OT1/zplm/m/n/12 )$\OT1/pplx/m/n/12 . De-note $\OML/zplm/m/it/12 C
\OT1/zplm/m/n/12 (\OML/zplm/m/it/12 ^^Y[]\OT1/pplx/m/n/12 , \OML/zplm/m/it/12 ^
^Y[]\OT1/pplx/m/n/12 , \OML/zplm/m/it/12 \OT1/pplx/m/n/12 , \OML/zplm/m/it/12 
^^L\OT1/zplm/m/n/12 ) = [] \OML/zplm/m/it/12 g\OT1/zplm/m/n/12 (\OML/zplm/m/it/
12 ^^Y[]\OT1/zplm/m/n/12 ) \OMS/zplm/m/n/12 ^^@ [] \OML/zplm/m/it/12 g\OT1/zplm
/m/n/12 (\OML/zplm/m/it/12 ^^Y[]\OT1/zplm/m/n/12 )$\OT1/pplx/m/n/12 , $\OML/zpl
m/m/it/12 C\OT1/zplm/m/n/12 (\OML/zplm/m/it/12 ^^Y[]\OT1/pplx/m/n/12 , \OML/zpl
m/m/it/12 ^^Y[]\OT1/pplx/m/n/12 , \OML/zplm/m/it/12 \OT1/pplx/m/n/12 , \OML/zp
lm/m/it/12 ^^L\OT1/zplm/m/n/12 )$
 []


Overfull \hbox (58.89581pt too wide) detected at line 1174
[]
 []

[24]
Overfull \hbox (2.02768pt too wide) in paragraph at lines 1192--1197
[]\OT1/pplx/m/n/12 where $\OML/zplm/m/it/12 X[] \OT1/zplm/m/n/12 = []$\OT1/pplx
/m/n/12 , $\OML/zplm/m/it/12 X[] \OT1/zplm/m/n/12 = []$\OT1/pplx/m/n/12 , $\OML
/zplm/m/it/12 Y[] \OT1/zplm/m/n/12 = []$ \OT1/pplx/m/n/12 , $\OML/zplm/m/it/12 
Y[] \OT1/zplm/m/n/12 = []$
 []


Underfull \hbox (badness 10000) in paragraph at lines 1202--1204

 []


Overfull \hbox (17.37845pt too wide) in paragraph at lines 1273--1275
[]\OT1/pplx/m/n/12 Recall $[][] \OML/zplm/m/it/12 ![] \OT1/zplm/m/n/12 = \OT1/p
plx/m/n/12 1$ and $\OML/zplm/m/it/12 P\OT1/zplm/m/n/12 (\OML/zplm/m/it/12 A[]\O
MS/zplm/m/n/12 j\OML/zplm/m/it/12 y\OT1/pplx/m/n/12 , \OML/zplm/m/it/12 z\OT1/z
plm/m/n/12 ) = [][] \OML/zplm/m/it/12 ![] \OT1/pplx/m/n/12 1\OT1/zplm/m/n/12 [[
]]\OT1/pplx/m/n/12 .$
 []

<Figs/overlap.png, id=390, 770.88pt x 443.6575pt>
File: Figs/overlap.png Graphic file (type png)
<use Figs/overlap.png>
Package pdftex.def Info: Figs/overlap.png  used on input line 1292.
(pdftex.def)             Requested size: 385.43906pt x 221.8282pt.

LaTeX Warning: `h' float specifier changed to `ht'.


Overfull \hbox (1.79689pt too wide) in paragraph at lines 1296--1302
\OT1/pplx/m/n/12 In Sup-ple-men-tary Fig-ure [][]S16[][], there are four sub-ty
pes, the rect-an-gle with ma-genta bound-
 []

[25]
No file mkkn-r2-supplement.bbl.

Package natbib Warning: There were undefined citations.

[26] [27 <./Figs/NBgene.pdf>] [28 <./Figs/lrt.pdf>] [29 <./Figs/Fucci-NCS.pdf>]
[30 <./Figs/sc3-FDR.pdf> <./Figs/overlap.png>]
Package atveryend Info: Empty hook `BeforeClearDocument' on input line 1356.
Package atveryend Info: Empty hook `AfterLastShipout' on input line 1356.
 (./mkkn-r2-supplement.aux)
Package atveryend Info: Executing hook `AtVeryEndDocument' on input line 1356.
Package atveryend Info: Executing hook `AtEndAfterFileList' on input line 1356.

Package rerunfilecheck Info: File `mkkn-r2-supplement.out' has not changed.
(rerunfilecheck)             Checksum: FDC62D9D34BAEC394BDCF8296065E2DD;831.
Package atveryend Info: Empty hook `AtVeryVeryEnd' on input line 1356.
 ) 
Here is how much of TeX's memory you used:
 22468 strings out of 480608
 416310 string characters out of 5903631
 713677 words of memory out of 5000000
 37721 multiletter control sequences out of 15000+600000
 576653 words of font info for 135 fonts, out of 8000000 for 9000
 1141 hyphenation exceptions out of 8191
 73i,16n,83p,790b,552s stack positions out of 5000i,500n,10000p,200000b,80000s
{/usr/local/texlive/2020/texmf-dist/fonts/enc/dvips/base/8r.enc}</usr/local/t
exlive/2020/texmf-dist/fonts/type1/public/amsfonts/cm/cmex10.pfb></usr/local/te
xlive/2020/texmf-dist/fonts/type1/public/amsfonts/cm/cmmi10.pfb></usr/local/tex
live/2020/texmf-dist/fonts/type1/public/amsfonts/cm/cmr10.pfb></usr/local/texli
ve/2020/texmf-dist/fonts/type1/public/amsfonts/cm/cmsy10.pfb></usr/local/texliv
e/2020/texmf-dist/fonts/type1/public/amsfonts/cm/cmtt12.pfb></usr/local/texlive
/2020/texmf-dist/fonts/type1/public/amsfonts/cm/cmtt9.pfb></usr/local/texlive/2
020/texmf-dist/fonts/type1/public/mathpazo/fplmr.pfb></usr/local/texlive/2020/t
exmf-dist/fonts/type1/public/mathpazo/fplmri.pfb></usr/local/texlive/2020/texmf
-dist/fonts/type1/public/fpl/fplrc8a.pfb></usr/local/texlive/2020/texmf-dist/fo
nts/type1/urw/palatino/uplb8a.pfb></usr/local/texlive/2020/texmf-dist/fonts/typ
e1/urw/palatino/uplr8a.pfb></usr/local/texlive/2020/texmf-dist/fonts/type1/urw/
palatino/uplri8a.pfb>
Output written on mkkn-r2-supplement.pdf (30 pages, 1713180 bytes).
PDF statistics:
 507 PDF objects out of 1000 (max. 8388607)
 397 compressed objects within 4 object streams
 90 named destinations out of 1000 (max. 500000)
 293 words of extra memory for PDF output out of 10000 (max. 10000000)

